Compiling and running euclid.cpp with -std=c++17
5.000 0.800 0.000 0.800
13.756 7.204 2.956 5.304
-1.000 -27.500 0.000 -37.500
-2.875 -8.750 -1.875 -18.750
-4.713 9.629 -3.713 -0.371
-4.750 10.000 -3.750 0.000
-4.788 10.379 -3.788 0.379
-1.000 47.500 0.000 37.500
0.875 28.750 1.875 18.750
2.713 10.371 3.713 0.371
2.750 10.000 3.750 0.000
2.788 9.621 3.788 -0.379
3.750 -27.500 3.750 -37.500
-3.750 -27.500 -3.750 -37.500
-3.750 9.625 -3.750 -0.375
-3.750 10.000 -3.750 0.000
-3.750 10.375 -3.750 0.375
-3.750 47.500 -3.750 37.500
3.750 47.500 3.750 37.500
3.750 10.375 3.750 0.375
3.750 10.000 3.750 0.000
3.750 9.625 3.750 -0.375
2.875 -8.750 1.875 -18.750
1.000 -27.500 0.000 -37.500
-2.788 9.621 -3.788 -0.379
-2.750 10.000 -3.750 0.000
-2.713 10.371 -3.713 0.371
-0.875 28.750 -1.875 18.750
1.000 47.500 0.000 37.500
4.788 10.379 3.788 0.379
4.750 10.000 3.750 0.000
4.713 9.629 3.713 -0.371
10.371 -2.713 0.371 -3.713
10.000 -2.750 0.000 -3.750
9.621 -2.788 -0.379 -3.788
-27.500 1.000 -37.500 0.000
-8.750 2.875 -18.750 1.875
9.629 4.713 -0.371 3.713
10.000 4.750 0.000 3.750
10.379 4.788 0.379 3.788
47.500 1.000 37.500 0.000
28.750 -0.875 18.750 -1.875
10.375 -3.750 0.375 -3.750
10.000 -3.750 0.000 -3.750
9.625 -3.750 -0.375 -3.750
-27.500 -3.750 -37.500 -3.750
-27.500 3.750 -37.500 3.750
9.625 3.750 -0.375 3.750
10.000 3.750 0.000 3.750
10.375 3.750 0.375 3.750
47.500 3.750 37.500 3.750
47.500 -3.750 37.500 -3.750
10.379 -4.788 0.379 -3.788
10.000 -4.750 0.000 -3.750
9.629 -4.713 -0.371 -3.713
-8.750 -2.875 -18.750 -1.875
-27.500 -1.000 -37.500 0.000
9.621 2.788 -0.379 3.788
10.000 2.750 0.000 3.750
10.371 2.713 0.371 3.713
28.750 0.875 18.750 1.875
47.500 -1.000 37.500 0.000
1.000 -47.500 0.000 -37.500
-0.875 -28.750 -1.875 -18.750
-2.713 -10.371 -3.713 -0.371
-2.750 -10.000 -3.750 0.000
-2.788 -9.621 -3.788 0.379
1.000 27.500 0.000 37.500
2.875 8.750 1.875 18.750
4.713 -9.629 3.713 0.371
4.750 -10.000 3.750 0.000
4.788 -10.379 3.788 -0.379
3.750 -47.500 3.750 -37.500
-3.750 -47.500 -3.750 -37.500
-3.750 -10.375 -3.750 -0.375
-3.750 -10.000 -3.750 0.000
-3.750 -9.625 -3.750 0.375
-3.750 27.500 -3.750 37.500
3.750 27.500 3.750 37.500
3.750 -9.625 3.750 0.375
3.750 -10.000 3.750 0.000
3.750 -10.375 3.750 -0.375
0.875 -28.750 1.875 -18.750
-1.000 -47.500 0.000 -37.500
-4.788 -10.379 -3.788 -0.379
-4.750 -10.000 -3.750 0.000
-4.713 -9.629 -3.713 0.371
-2.875 8.750 -1.875 18.750
-1.000 27.500 0.000 37.500
2.788 -9.621 3.788 0.379
2.750 -10.000 3.750 0.000
2.713 -10.371 3.713 -0.371
-9.629 -4.713 0.371 -3.713
-10.000 -4.750 0.000 -3.750
-10.379 -4.788 -0.379 -3.788
-47.500 -1.000 -37.500 0.000
-28.750 0.875 -18.750 1.875
-10.371 2.713 -0.371 3.713
-10.000 2.750 0.000 3.750
-9.621 2.788 0.379 3.788
27.500 -1.000 37.500 0.000
8.750 -2.875 18.750 -1.875
-9.625 -3.750 0.375 -3.750
-10.000 -3.750 0.000 -3.750
-10.375 -3.750 -0.375 -3.750
-47.500 -3.750 -37.500 -3.750
-47.500 3.750 -37.500 3.750
-10.375 3.750 -0.375 3.750
-10.000 3.750 0.000 3.750
-9.625 3.750 0.375 3.750
27.500 3.750 37.500 3.750
27.500 -3.750 37.500 -3.750
-9.621 -2.788 0.379 -3.788
-10.000 -2.750 0.000 -3.750
-10.371 -2.713 -0.371 -3.713
-28.750 -0.875 -18.750 -1.875
-47.500 1.000 -37.500 0.000
-10.379 4.788 -0.379 3.788
-10.000 4.750 0.000 3.750
-9.629 4.713 0.371 3.713
8.750 2.875 18.750 1.875
27.500 1.000 37.500 0.000
18.162 23.753 0.162 -1.247
19.838 30.247 1.838 5.247
19.838 30.247 1.838 5.247
18.162 23.753 0.162 -1.247
18.162 23.753 0.162 -1.247
19.838 30.247 1.838 5.247
-1751.183 719.979 -1584.901 539.725
-920.142 375.283 -709.104 335.478
-1324.480 -1553.784 153.653 -656.524
696.001 897.008 13.183 -290.040
936.938 696.854 -777.878 -171.206
661.456 759.038 -29.592 -841.422
-1022.194 267.816 -239.250 253.285
-397.235 -359.968 -98.473 -1136.230
-232.182 350.803 -1435.791 793.563
-1001.376 356.260 19.561 539.806
-1272.957 -223.501 -2010.537 -475.920
3230.956 -517.838 2680.864 -458.106
-16.394 196.275 -251.366 871.567
142.570 2036.781 176.212 2640.785
382.845 -730.776 -368.919 736.911
-210.026 -1635.418 457.276 -283.637
-1925.497 202.179 -2893.748 757.131
-2730.638 -1896.114 -2198.489 -1611.537
272.414 -924.952 1526.753 -735.225
551.935 -1414.050 476.608 -947.054
-880.677 688.023 -1010.703 -193.699
-802.177 -637.313 398.779 146.023
262.368 -758.376 -415.957 -344.595
-168.733 773.262 -207.455 -327.942
1243.138 174.107 1261.248 770.820
-625.275 -698.247 974.674 -127.945
-185.466 29.632 -447.545 196.987
-386.938 -682.900 -41.561 749.039
-270.838 -713.627 -184.057 961.773
15593.962 114550.765 15509.340 113930.750
-2384.773 -1096.278 -3252.572 -1644.604
-7444.824 3830.892 -6532.118 3513.461
1482.387 399.402 2823.438 1526.367
-65.683 1375.107 20.153 314.030
-413.934 92.491 -469.106 -844.543
643.900 -1742.488 1223.860 -1729.235
-740.092 -508.269 117.562 1312.045
333.034 -124.635 636.271 -56.417
2561.111 846.709 1833.125 635.465
-653.444 -216.353 879.819 -393.338
541.444 -610.760 598.661 493.653
901.318 -562.383 -209.895 -401.305
1495.352 -1630.331 2580.958 -1651.178
861.519 843.748 -346.831 1056.130
-817.168 841.951 -205.678 409.034
1079.646 -280.256 623.612 755.101
720.961 -887.259 548.776 605.878
-473.061 893.419 672.478 -83.164
306.401 -1178.678 31.972 -1009.892
999.386 1076.265 975.890 237.357
-365.980 651.735 1014.953 671.586
-110.925 -1410.805 -640.713 -1156.040
-297.433 -1014.505 497.700 736.916
1361.765 -4745.807 1263.115 -4482.767
-290.673 -716.677 -878.605 1058.213
-401.125 -556.318 13.163 -704.631
646.797 -1038.205 85.445 -116.104
-1187.867 -1055.866 -771.205 -757.642
-372.237 836.732 720.630 -591.679
-176.166 258.486 -712.966 129.582
-258.142 1107.115 646.476 -580.933
-619.032 187.009 135.739 995.474
-657.912 1116.908 -463.671 384.218
139.904 -646.843 1517.579 374.763
-870.365 449.271 -16.565 -340.831
219.713 709.640 627.877 -642.437
-706.114 268.431 -1150.017 -146.831
-294.947 758.878 -287.742 337.440
614.770 280.223 131.199 851.675
663.717 -502.745 -705.820 -417.105
-446.068 339.960 485.992 -1351.880
365.557 1630.537 -155.913 2304.620
839.165 99.719 63.614 502.221
-461.632 619.159 850.758 -97.767
223.293 32.919 432.491 1887.681
-849.411 -943.443 -90.303 -981.340
717.763 -174.215 36.502 -656.112
225.046 -587.273 -542.194 559.366
-1006.332 3662.813 -1003.576 2883.730
-350.499 -336.551 -754.903 -678.149
846.291 40.955 -722.371 -282.778
691.793 593.645 376.236 -851.109
-689.685 742.218 -1063.812 45.686
-980.132 -494.728 847.195 460.926
1303.165 -8631.201 1445.835 -8544.454
-1135.569 -1812.733 -1660.220 -1849.892
-292.692 1426.397 141.626 22.425
-759.413 -794.335 -684.633 19.130
-961.445 285.721 -947.669 -1419.451
240.885 913.787 -454.714 289.734
211.769 224.610 757.977 -515.134
36.298 -999.552 -160.634 123.853
-1102.539 -4031.626 -1109.003 -4591.505
205.531 152.059 -281.955 858.253
-727.748 638.096 208.993 210.254
590.683 -77.000 -648.917 172.054
-1552.128 -1590.660 -1351.232 -1700.311
-803.312 -1161.831 405.259 -663.961
165.041 -431.318 1072.962 312.049
406.735 322.343 198.309 -736.618
772.819 -854.752 854.913 395.377
228.758 584.915 999.152 -384.634
-1961.640 1430.221 -3028.360 1547.661
-529.199 271.585 -1502.761 -1101.342
-782.175 -619.441 160.719 125.332
-9.322 -1053.244 -288.590 742.902
302.713 -832.293 -819.676 -91.154
-600.879 1122.474 842.499 1199.466
501.407 1210.844 357.206 1189.915
1125.314 -275.907 1103.539 -923.477
605.905 -883.459 197.597 427.265
131.038 -527.394 -61.174 -84.595
559.678 -3.084 -498.030 67.993
-591.920 524.424 -108.530 74.014
1427.642 -166.478 1309.653 326.768
942.363 1092.741 -72.086 -233.562
-298.832 -2436.205 -268.783 -3275.298
-957.506 702.640 242.089 835.900
-439.615 198.272 415.880 -178.899
-526.087 904.152 1105.423 210.286
-527.674 -1652.440 -1842.498 -3357.924
-8108.801 6401.191 -7619.772 6123.149
-859.494 478.976 779.740 250.937
-502.062 -911.907 750.888 -283.070
-509.484 -292.964 -890.051 1389.537
-807.266 -1309.465 -943.576 -149.835
-897.621 -460.108 -422.410 737.680
57.168 523.215 -1294.759 -253.930
-906.276 -248.749 -1433.820 1085.127
-709.242 99.586 -597.888 -657.226
198.473 238.021 -611.503 -598.581
866.587 878.554 586.060 -244.853
-459.463 -91.692 509.526 -26.820
-269.423 421.653 527.129 -753.303
774.892 636.175 -185.488 770.284
-305.159 1992.834 357.454 1868.694
-283.760 -1632.189 167.347 -2749.467
-866.186 -44.258 270.362 -753.602
-79.329 607.238 -150.318 955.999
836.661 0.164 -634.036 669.062
-993.662 834.227 -208.216 -421.327
410.617 -662.213 662.935 748.850
444.563 302.468 -548.428 -931.523
-1706.707 409.438 -2540.530 315.863
502.449 -1078.631 147.875 -387.981
130.241 379.016 924.761 949.441
-294.465 557.889 341.486 943.490
-653.076 -645.626 -124.910 211.052
265.382 284.266 -566.137 638.569
-1569.505 -1736.325 -1625.027 -1367.762
1280.924 941.622 1017.346 886.301
-457.628 1074.195 909.348 -730.359
937.420 -349.886 -74.300 494.650
308.208 -531.978 98.363 -1933.482
1072.699 -422.735 -420.315 -433.676
6816.057 7670.004 6110.626 6841.118
-838.347 -202.964 -2196.387 -197.537
-23725.892 8965.443 -22648.766 8564.424
-176197.372 232470.497 -175678.463 231790.023
195.323 -319.875 416.955 -1175.177
1404.677 628.322 757.028 678.110
-476.795 -2434.094 -142.234 -1452.042
-350.596 -151.620 -164.708 1661.500
-52.222 -200.405 1118.839 1304.479
2638.647 2188.870 1823.845 1756.829
-555.689 603.774 -179.490 -660.663
377.442 -343.003 -13.782 -723.577
519.124 935.027 985.556 893.101
-256076.694 -54227.007 -256495.299 -54315.415
-310.696 136.290 -134.373 837.008
227.810 738.741 1023.122 -529.398
-53.168 -387.495 -757.686 805.920
1457.060 854.366 721.264 806.811
120.409 961.517 241.150 -613.864
500.905 640.478 -244.254 -425.553
-2229.856 141.063 -1581.278 63.908
-836.293 80.215 -1314.807 -703.619
640.975 -982.771 -726.270 405.030
-1412.795 -1371.169 -2444.751 -1250.467
3654.162 -884.194 3286.366 -588.062
-604.760 -177.779 258.168 -786.692
579.757 101.696 753.900 -291.533
-148.030 -642.892 583.640 351.824
129.194 544.453 1286.623 235.359
-589.008 367.333 463.258 579.340
886.742 -779.930 -492.118 -168.382
-155.401 373.146 -277.148 510.801
-2594.714 -1944.049 -3591.322 -3066.340
-1557.761 -529.331 -1043.245 -810.342
72.765 -1793.244 88.165 -995.044
3032.450 2686.683 2403.294 2143.128
-360.662 -36.503 -104.897 523.521
4151.462 -4074.933 5269.661 -5183.790
837.517 433.916 -472.492 -409.695
-1059.509 1383.868 -786.772 1388.445
-29.906 -700.839 -909.660 -411.517
272.530 109.296 605.091 764.712
702.934 -196.173 -526.712 -824.272
-761.018 365.343 831.178 543.746
971.565 -413.215 1082.587 -658.123
-1182.138 -417.465 -422.325 852.917
-600.897 -136.307 449.398 167.886
7726.970 -4760.495 7229.150 -4472.078
522.205 -585.478 -863.540 -135.586
-1276.356 -190.838 -234.010 -105.807
-2513.673 -1254.370 -1270.723 -415.441
-2909.418 -81.705 -2974.348 -576.153
-575.608 -24.817 250.945 -315.441
-350.356 -706.731 -205.393 965.831
-51.810 -146.681 1554.957 -1031.165
904.423 572.066 -543.182 -245.470
577.572 245.086 -353.980 -627.572
-1015.329 -468.643 -3.227 -129.483
-736.915 4257.985 -790.434 4387.636
-230.196 -413.275 -140.635 136.549
-467.741 -9.435 5.132 -663.669
-63.243 -856.494 -463.176 151.307
-1485.348 2290.553 -1496.254 2001.403
-587.514 -93.184 488.061 694.420
-261.730 -556.642 786.910 663.201
474.705 584.632 -241.043 -938.340
714.308 -717.975 -150.848 157.021
410.370 -716.599 338.145 754.769
19.821 -1311.005 -861.268 -1952.979
-16.829 -696.211 624.537 358.537
-278.136 146.743 -694.945 698.614
-563.272 -1055.466 -141.720 338.096
-4732.800 -325.162 -4598.116 -288.098
-1539.922 -1315.200 -933.259 -748.182
982.666 327.427 -183.550 -984.870
-562.794 850.934 -27.718 610.735
754.753 -181.437 -381.989 -689.393
-1102.115 1130.990 -95.946 -127.176
922.795 -203.689 485.243 -480.994
-533.361 1646.511 135.670 1406.670
-471.722 -826.201 479.999 -244.775
-14166.231 3036.037 -13702.332 3003.956
418.810 575.605 -709.041 -980.820
-747.701 -925.888 493.630 -410.431
7984.034 11305.381 7849.452 11132.464
95.083 133.891 1779.185 -1437.592
133.742 783.978 -947.279 995.101
215.233 -376.538 -127.913 1022.018
1025.810 896.468 227.241 -274.188
-547.389 413.246 -438.922 23.420
806.454 -103.703 -280.413 -540.979
980.917 963.214 -366.918 -306.146
1603.643 1991.116 1980.701 2048.144
-1626.673 -439.290 -1678.309 -252.754
174.055 -1428.127 668.933 -238.235
-1216.984 966.962 -1201.739 -180.529
106.853 4191.140 -199.864 3203.627
464.058 333.536 56.124 610.667
72.378 45.136 557.914 -664.040
-569.254 311.758 -889.041 -117.374
4047.631 2683.108 4820.890 3454.750
287.403 -173.763 674.376 -92.601
169.350 892.250 -817.191 190.176
-452.408 526.919 -255.351 506.534
227.259 -70.082 603.041 828.940
-334.127 -1671.459 462.716 -2785.165
-689.636 -72.838 325.370 -92.476
-170.108 695.579 406.253 -648.290
2318.153 682.659 1901.920 1420.466
-30.572 1327.136 -96.558 -220.418
-590.460 -683.208 520.056 -761.621
1570.964 -126.869 1079.992 105.698
-305.053 151.042 62.669 -774.096
242.600 39.474 709.237 810.047
-478.202 1094.905 -622.911 1466.792
-2151.310 217.946 -2190.302 560.080
15.618 -1128.720 -460.147 -947.939
-893.624 208.936 7.270 405.402
-489.398 709.254 876.168 -814.827
-776.584 -1564.040 -1633.558 -2623.646
-1125.714 427.405 -1136.279 652.327
1367.923 -519.153 606.156 -559.622
556.074 840.885 875.565 1716.141
-907.127 267.554 948.179 269.104
-969.967 143.268 557.518 208.716
359.496 -289.915 367.083 -1243.331
282.719 -1974.302 615.823 -2288.392
-9.832 698.077 -802.531 287.803
1516.917 2365.201 310.959 779.567
-1418.985 -633.481 -746.377 -1172.842
890.611 -799.658 601.917 51.232
-515.423 213.405 196.991 518.675
139.613 789.485 -1085.638 167.048
-785.614 -10.682 628.274 -155.990
721.639 488.474 -704.516 -643.798
50.993 -826.797 -191.274 -720.766
-885.694 -559.944 713.006 -190.090
-25527.452 -5913.821 -27241.265 -6373.301
-986.789 719.500 -1630.503 610.523
-3453.471 2641.745 -3004.721 2145.399
3983.439 3539.533 4710.362 3944.541
-837.825 -961.788 -1087.166 -2089.328
1221.486 -1138.359 -92.526 71.620
-223.784 -835.532 -394.695 299.337
-543.023 1001.486 -27.167 -237.715
-411.867 187.500 -1829.783 193.706
474.795 723.802 -892.123 -175.252
-29.606 -1212.461 -554.370 495.318
312.696 1581.503 -531.486 -399.461
-45.197 -937.218 -894.111 -904.627
1217.868 1276.720 554.319 331.677
1313.835 422.763 -219.903 745.910
-239.678 353.615 744.815 -165.774
-111.569 -3928.786 -30.206 -3442.405
461.139 78.163 -534.164 458.430
-310.803 -12.723 -582.250 1157.966
-605.235 511.990 -429.831 -532.483
-504.203 186.010 -222.285 -583.924
8.991 -289.563 1301.120 -1109.671
-900.412 3104.605 -1144.879 3704.965
-821.452 -1938.651 -1020.067 -1010.703
-877.712 -225.301 -523.433 487.337
-1510.436 -1565.596 -1460.704 -1861.445
956.982 -151.615 659.371 417.031
887.248 -762.456 1160.315 333.776
-1669.001 -615.286 -2294.273 -2011.890
-764.862 -579.153 686.285 -500.952
12.745 449.383 -131.448 909.233
440.970 -48.704 -406.686 -760.734
413.221 -73.934 -535.248 726.787
-1004.202 410.398 489.439 814.976
446.273 -1339.908 -75.040 -57.527
-719.319 419.355 -378.463 -830.618
522.156 -862.981 -220.686 -47.107
721.035 -51.392 -404.868 1189.344
4437.615 -1937.153 4467.492 -1697.105
714.127 -1047.241 -642.408 766.342
718.532 407.862 -345.953 -60.355
510.753 -775.905 -249.270 -324.320
-150.882 1303.091 -391.984 981.433
1146.731 795.606 853.462 729.771
-358.691 -6.652 25.477 -669.827
-1738.242 1210.469 -2922.937 1647.504
-3157.850 5248.352 -3482.183 5654.083
2098.352 957.434 1430.739 1064.127
-12.931 218.010 898.638 851.638
-1715.833 1228.849 -314.190 963.375
878.922 612.848 -225.848 2.792
157.260 7.270 323.078 -337.211
-261.759 381.889 -392.472 -895.261
-351.217 584.581 402.851 -418.842
-833.725 1161.135 523.757 990.400
-627.142 795.782 -867.607 195.240
680.003 7.329 -260.770 -930.700
1378.348 -711.180 -289.507 632.134
810.439 1297.383 732.336 896.203
-1284.290 -248.597 -1272.637 943.240
18706.327 32611.012 19222.191 33510.093
933.062 -178.936 -641.029 911.085
-13937.734 6755.714 -14100.478 6827.579
-970.689 -168.807 1008.682 -333.278
-518.782 -1491.794 -855.318 -2210.119
-900.372 -460.960 -243.534 388.712
34.072 -1637.891 -379.557 -321.818
-71.143 355.030 -3.704 -271.978
-54.720 -2229.608 -206.403 -2789.173
86.630 -505.168 -59.541 505.300
-433.488 630.625 672.322 295.456
-923.465 293.878 668.181 45.189
-890.689 -1183.245 -644.734 364.773
531.134 1021.532 -164.688 609.918
222.446 1778.905 -396.925 1442.426
-2073.823 838.892 -2356.535 701.124
-647.376 162.771 496.009 15.623
-998.000 1533.916 -1618.447 1988.620
453.987 -722.623 1868.080 -331.810
-574.244 -1751.062 -801.595 -793.856
547.635 529.311 -856.052 717.233
-561.035 1038.060 975.936 976.613
47742.638 13324.619 48315.045 13479.569
-785.009 -240.961 152.468 196.465
10099.639 -6183.728 10561.013 -6329.170
456.076 1042.941 150.855 847.390
1694.174 -1214.704 1998.612 -1649.657
-1063.316 627.883 243.143 646.749
447.930 -1270.300 251.282 -1389.077
174.375 525.329 -842.002 -869.838
2786.345 -1776.778 4022.791 -2799.412
-664.361 -691.081 -336.664 -418.762
1110.104 -3382.310 787.515 -1725.003
106.684 -82.585 -20.882 -674.972
-530.442 -139.881 1111.366 176.737
-896.276 -790.449 -280.088 747.992
59.734 -399.920 -653.943 -458.010
992.900 -882.456 662.295 1016.242
-121.666 -496.455 -835.920 -1224.214
-3141.100 2001.711 -1998.801 1219.493
466.831 472.190 -20.478 719.824
-595.750 647.464 802.171 -492.996
2867.623 -154.503 3512.674 -284.804
516.408 -1500.691 311.650 -2064.861
730.687 2249.822 556.865 2849.196
30.173 802.820 77.814 -177.503
-110.224 -5.680 -607.412 -588.916
524.118 -668.685 -154.330 414.369
1036.658 -103.617 -397.612 -435.513
1091.871 -1280.201 1292.237 -995.938
6567.728 -1593.299 7485.870 -1768.489
-486.620 443.762 151.942 673.694
474.548 -392.473 -928.644 -1112.808
-10814.508 -8314.931 -11783.436 -8978.316
-791.381 -654.059 -220.475 651.036
-814.206 465.987 708.677 -617.010
742.643 -362.084 1086.254 -1063.524
767.577 149.820 -548.550 -234.431
-922.983 -547.371 -1441.541 -107.311
543.658 172.981 -782.465 492.876
-901.414 670.446 -705.111 -442.816
-1607.545 -240.166 -1584.548 -571.248
570.440 322.251 675.736 951.859
309.287 -457.877 -538.577 -168.506
-8.300 -71.208 284.940 -1933.828
-2489.536 -3642.109 -2730.768 -3762.957
710.468 466.179 513.410 -621.420
965.636 -445.900 158.591 -1179.535
-560.832 -1117.802 -882.637 -1034.102
-405.525 -906.612 543.051 661.188
-4903.555 -3351.377 -3219.045 -2189.231
227.337 433.014 622.151 -994.964
708.987 385.187 -458.425 -532.094
-141.110 690.057 731.747 1162.121
631.140 -899.592 -539.345 759.290
-1664.047 1808.689 -381.196 881.426
-639.344 -68.313 943.364 -494.246
-378.210 -869.347 -92.140 -271.806
1563.849 1075.978 1445.430 111.249
574.284 -204.681 821.621 15.513
386.113 -2189.615 768.060 -975.853
-921.516 2115.216 -878.846 2560.979
-814.667 -496.250 -796.500 101.640
292.803 242.520 149.962 -291.074
113.540 -1052.507 -918.444 -669.498
793.189 155.172 -108.722 -228.097
-647.302 -839.870 647.995 183.643
-638.924 -467.749 -90.637 -413.997
527.755 957.165 -1077.065 1029.142
814.196 153.031 698.906 -60.506
906.841 179.253 -725.875 -390.340
4509.585 9109.647 4196.845 8289.664
454.388 -110.081 -1104.130 28.519
-331.475 -387.349 731.370 -327.828
-269.962 -72.759 -688.506 751.859
-1073.022 -2172.367 -1063.364 -1633.935
136.773 -199.616 527.741 -257.257
-965.672 -1208.998 -1318.963 -2512.435
-113.722 74.003 -665.837 -4.740
398.706 -440.741 -167.718 791.970
-284.907 907.902 906.009 260.974
-960.974 477.173 -455.574 -305.954
391.327 -808.313 875.437 532.485
-682.761 982.337 -434.653 49.430
1200.907 -1917.569 184.968 -1782.884
708.567 504.029 -52.559 -620.069
472.772 185.205 907.641 365.563
4763.768 -172.154 4440.583 39.225
-1080.237 -729.930 -1064.415 974.130
191.913 230.831 620.831 -251.358
5941.193 -5292.528 4808.013 -4332.538
-840.743 -630.176 975.464 610.796
1022.293 -279.900 -61.178 -1015.137
1327.744 1803.168 592.879 606.172
-927.538 739.996 -1789.267 1683.966
-4500.962 3311.115 -3551.741 2863.028
379.748 -482.076 738.397 -166.222
699.243 -870.947 -754.844 939.725
2496.815 -71.897 2240.719 -234.806
1758.610 -380.687 1992.301 -229.760
-1703.611 304.659 -1614.600 -159.662
817.824 -748.009 -127.774 268.319
461.701 -203.540 -503.795 -347.595
652.333 787.709 418.162 -391.838
1067.865 -1940.434 2403.902 -3899.782
855.333 -553.542 164.829 90.809
4153.847 -240.371 3465.531 -65.153
1665.118 683.378 1683.822 342.070
675.100 -627.894 1267.065 391.157
-821.713 -795.104 -129.908 600.417
4104.953 -1525.751 4402.566 -1776.772
2919.805 -3652.560 3575.517 -4657.923
-353.976 263.436 416.099 3.240
126.204 -1034.287 70.838 515.273
-769.255 722.434 -789.513 -770.606
-313.344 -774.769 405.714 -1096.648
-49575.421 -17064.298 -49838.502 -17128.021
962.246 -204.949 12.202 237.719
526.178 489.105 -643.294 1414.964
-141.349 1037.108 51.881 781.961
45964.198 -303718.602 46183.742 -305153.535
-630.145 -1230.368 -150.753 -910.302
-947.865 465.267 454.299 440.885
487.446 -250.725 -569.078 -794.275
832.843 894.590 -79.438 -165.624
68.822 1050.358 -110.990 -386.106
-674.480 1210.015 -1378.173 650.733
382.204 -158.547 -588.514 556.939
870.515 -615.088 881.683 -375.235
427.365 36.880 203.550 330.833
-140.189 298.842 -631.392 -1084.695
856.589 353.633 1249.433 1209.163
1955.468 5580.167 1447.252 4974.452
-762.146 221.888 781.663 -429.279
2248.649 -1206.742 2398.041 -1826.464
8.303 -789.316 1930.856 16.860
610.519 75.498 881.387 -584.021
-6680.174 2342.819 -5117.144 1977.683
-507.376 -491.636 1029.114 -853.650
110.260 -533.283 1.722 1099.808
-362.388 -421.926 -251.040 -763.911
-1461.455 1201.780 181.901 57.231
-783.598 988.298 -116.741 133.404
-710.175 -2700.024 -939.407 -1246.970
-608.608 -971.312 -653.600 606.109
-342.278 125.773 122.516 739.026
983.670 -883.389 44.022 819.752
-808.665 -385.196 609.626 338.792
-345.685 -94.389 1109.031 -730.398
981.655 686.769 -564.505 -425.510
-2665.900 -17475.828 -2686.243 -17744.965
-634.336 -406.173 1007.605 -496.168
898.711 491.645 780.357 -1431.802
663.050 4.340 697.495 891.978
-748.049 770.815 276.949 -18.581
712.336 161.639 850.544 -316.916
816.103 -1660.436 1223.615 -1959.170
282.204 98.039 -463.799 376.697
-473.596 -513.812 -369.719 495.738
205.098 -703.473 -989.279 -173.561
2239.742 1229.292 2001.528 889.700
934.070 -325.556 -281.631 460.290
522.909 -748.722 1298.707 -172.703
-711.220 1467.459 -277.970 625.773
-358.960 -246.101 904.971 -549.933
-3063.998 1370.489 -2766.458 1541.703
3464.241 299.704 2436.230 310.465
-575.180 61.586 188.972 107.492
1123.117 2336.708 353.741 1466.135
-639.443 1855.521 -422.165 2441.786
314.551 -245.429 -595.316 267.813
852.846 -246.063 786.716 -457.740
1801.332 -639.902 559.317 -146.345
329.613 531.738 -825.979 -168.734
1195.461 346.973 659.553 -450.093
98.106 850.130 -617.990 -297.250
-310.229 569.125 568.573 112.327
-403.329 711.593 -1545.182 510.692
-33538.436 14431.005 -34329.799 14746.608
26.892 -293.966 -422.926 -426.648
-326.200 1053.190 -1231.442 691.262
-1222.920 -1761.197 -30.909 -491.020
429.281 -1101.408 868.450 -2326.807
262.306 230.517 688.851 -1482.050
71.938 -138.682 -644.406 363.050
240.091 -499.835 524.872 -2052.226
-220.100 -112.056 -353.647 25.093
927.881 -325.434 431.096 -890.912
-1010.914 227.612 -29.264 -417.003
-693.492 -163.185 12.997 -319.764
-594.747 -1155.411 -828.412 -239.778
-461.994 790.011 118.284 701.734
419.844 216.346 460.310 643.016
-1008.498 1237.378 -1849.102 1586.745
-889.161 -2482.423 -564.683 -1208.532
-579.407 -617.442 776.751 776.343
-27.911 -1132.538 631.722 -299.092
-3531.070 1271.261 -3677.111 1485.721
-1117.028 -462.748 239.057 -364.250
-1820.704 -790.716 -1329.609 1.402
-495.556 262.272 298.150 -895.149
-472.362 -410.532 787.454 -13.019
1779.594 833.497 1180.216 1278.558
-427.626 2708.199 -382.009 1503.025
-213.129 -403.845 721.368 99.891
115.665 -69.874 347.423 224.804
-703.839 -476.692 -512.291 882.812
1091.310 -319.900 385.334 461.846
269.894 754.331 538.189 -587.498
119.010 -1098.829 -370.279 743.161
-272.100 922.798 228.943 -1002.844
2249.280 3737.900 2162.138 3852.390
1531.405 -179.070 -260.494 143.445
26.679 -654.158 626.383 -661.260
-1417.864 -2293.815 -2058.131 -3713.763
617.542 -375.634 -838.074 -574.151
1322.401 50.395 623.248 497.962
39.274 61.056 54.127 -368.136
-868.300 346.118 -216.886 917.316
-37.931 212.160 697.130 750.158
-838.330 47.788 671.296 99.865
-96.669 1007.746 814.668 -495.628
758.535 -263.902 -158.682 503.984
-285.811 -229.611 -2036.783 -1108.407
1133.624 308.092 1004.542 1039.633
-81.976 -393.677 2.391 -1002.389
799.559 97.605 327.719 709.572
-1985.215 20.270 -228.645 -739.537
5.533 -99.257 -467.647 -557.267
1264.498 245.006 -390.329 -201.686
303.881 -1278.463 53.101 -940.118
-1681.770 -252.898 -784.168 388.133
-1043.491 2757.406 -911.228 3016.182
223.865 287.164 495.840 -401.525
784.080 -1283.864 1273.795 -1862.598
-931.420 200.836 788.722 867.628
698.861 478.150 336.110 -511.490
1491.114 -1698.976 2827.072 -2947.401
261.326 -386.683 1206.527 -991.077
597.120 173.483 90.908 346.073
-287.625 -768.021 1156.449 -480.915
182.106 -886.023 584.357 -65.453
24.204 -1068.477 -368.028 -15.312
238.225 1083.693 1136.420 899.328
1075.695 660.211 15.247 -14.722
1455.699 -508.129 1061.605 294.366
-151.278 -1324.117 -1665.515 -1310.172
-347.294 -13.473 -760.741 706.779
-30.200 -483.182 -627.956 381.590
-97.318 1651.555 -494.449 1823.375
-915.833 -390.422 -217.317 282.029
-370.665 366.638 753.397 -115.424
-983.366 121.619 301.319 406.641
704.015 511.452 899.977 1332.274
-3097.217 3611.110 -3651.143 4130.086
-3859.387 -1204.714 -4557.980 -1442.325
-253.939 86.592 616.669 -801.736
1810.911 103.548 2146.766 -234.326
644.256 656.674 998.170 1492.556
-3905.143 -724.082 -4081.905 -1004.539
-172.281 -294.098 134.891 607.324
-26.107 -1567.350 -529.061 38.896
884.829 470.847 77.514 239.752
743.723 741.343 115.369 1273.962
-798.954 501.056 213.239 1.662
-2591.233 -1903.410 -4162.398 -2989.293
-264.020 118.217 708.902 -108.354
-504.744 249.278 -460.111 -988.563
-435.350 329.888 21.012 8.874
-239.689 905.160 1041.613 -170.196
-213.138 -813.681 201.642 622.105
652.777 -842.319 -177.621 458.745
-514.072 1025.515 -193.597 -835.952
585.306 1250.573 -308.410 1407.805
-1188.286 547.676 -1395.529 217.211
19142.734 25018.134 19634.553 25682.762
313.958 290.547 341.623 -812.232
-676.713 781.561 56.638 -429.107
-1884.294 -1046.911 -1728.872 -760.150
-419.057 124.644 318.842 780.233
49.365 1015.008 -300.014 62.821
291.038 209.201 -688.182 -281.826
279.904 858.880 200.047 -196.763
-219.708 -202.078 1334.571 202.080
-1146.012 -425.407 -952.193 466.249
-1187.600 2537.738 -706.062 1280.046
-736.426 -150.212 106.384 315.105
-480.798 303.413 339.899 1086.477
597.232 -7.107 1847.975 440.357
-885.099 -2892.554 -600.847 -2636.404
-751.898 61.899 610.665 596.922
-6864.526 -7611.129 -7525.863 -8413.543
-464.101 830.346 -427.977 -834.544
-626.503 -13.479 2.683 -877.969
-183.008 1028.917 1138.512 801.451
278.401 3.691 -826.656 -1245.706
11.413 -773.082 -195.438 261.328
-567.502 -1175.133 -68.277 -1038.996
-463.440 2086.581 -403.937 2263.458
533.145 -173.399 233.175 -390.777
760.613 583.336 336.315 -897.741
700.805 967.209 -513.354 -620.730
-2818.836 2217.371 -2935.074 2165.704
-490.590 46.017 711.035 -167.159
-1048.420 822.335 357.167 -912.936
-729.301 -256.985 60.777 361.137
982.995 1025.063 -103.298 -290.206
1961.296 -1572.524 2234.403 -1873.426
-1242.769 -216.181 -438.020 -581.959
387.085 937.923 485.611 -674.556
-90.397 -254.252 -789.768 698.477
56.759 -209.648 833.775 353.440
2765.078 1461.716 3467.583 2096.619
1106.143 -1054.414 940.436 -870.065
-648.402 1075.442 174.027 1309.557
-1561.777 -132.659 -1058.249 437.565
727.737 12.285 1445.508 1065.447
-7.061 -548.363 -724.072 982.773
684.384 -834.730 537.729 412.351
-783.108 -222.392 700.821 252.370
-210.080 -4287.305 -393.790 -4324.234
190.804 -73.267 84.502 -461.889
-9539.830 19926.366 -9831.154 20568.892
-953.909 -1299.549 725.186 84.279
-11.964 -1198.164 330.888 -1587.988
221.715 221.458 876.669 468.547
-2368.406 -2186.995 -2003.891 -2111.659
-1206.200 243.206 -1163.235 -834.339
505.479 626.014 -65.994 296.291
-434.815 -532.748 410.908 718.580
-144.878 17.696 -592.414 -331.624
430.475 399.114 -608.504 172.732
-703.734 -434.992 -930.844 1448.237
-16759.099 -19111.664 -16597.728 -18955.914
129.329 414.993 -641.296 160.284
179.157 41.008 242.920 634.288
-923.103 308.251 878.143 -630.028
184.226 -1030.419 398.876 -717.287
506.841 371.180 -71.093 -425.058
1092.034 68.084 507.217 1368.508
277.117 595.845 -526.028 -929.087
-2396.557 534.163 -984.892 -90.913
397.704 -133.190 -155.248 -223.360
876.311 61.493 952.559 803.591
-1592.985 266.269 215.182 -125.725
581.051 -410.503 -216.089 -266.722
3974.937 1796.676 2480.194 1529.347
-142.283 347.836 -98.912 -918.714
-71.497 894.287 -140.461 -811.244
551.267 1660.722 260.253 1461.826
1259.885 1587.406 911.666 1435.588
-1175.056 1541.350 -1613.169 2014.117
-383.465 694.644 -417.507 -78.964
-142.835 865.931 579.251 375.511
26509.292 -13204.830 25649.870 -12769.554
1546.018 276.077 1360.554 -392.403
601.222 -1262.396 51.512 -424.908
-722.676 -791.224 -641.214 -400.505
819.197 43.927 -36.593 791.095
606.804 -451.514 -408.264 -432.117
-970.597 -745.516 494.883 -183.471
921.093 47.471 345.753 -75.133
-32.310 479.499 -183.743 37.163
-3043.577 -326.160 -3347.532 -201.819
-543.918 -607.115 -124.625 -138.404
-747.506 752.577 565.937 -806.037
319.409 -240.849 -757.993 -258.396
-80.881 612.039 -257.207 639.633
2021.666 2664.534 1224.705 1933.818
160.363 907.082 -104.872 -397.012
342.019 440.864 705.047 1116.254
-916.403 182.430 -231.477 -623.835
-623.703 512.261 -899.909 -785.235
1230.965 -5879.012 1207.721 -7005.857
-727.707 982.510 -13.615 382.303
-710.566 416.380 -108.874 -747.905
-1928.450 402.638 -1116.816 695.473
185.952 1087.367 65.638 -235.784
-341.169 -1132.187 321.093 -157.463
161.115 440.921 0.237 -604.177
791.360 755.332 293.217 -760.404
945.617 -52.815 1407.573 1456.949
358.631 -1760.038 364.602 -163.750
-369.549 459.870 549.555 215.985
2157.556 -3096.641 1849.766 -2947.561
-423.210 -917.307 -502.152 158.968
2041.613 -443.986 2041.950 -910.077
246.654 1620.532 555.391 1058.199
217.338 1224.811 392.456 -303.520
-511.343 218.018 498.226 577.908
2130.781 -1814.539 1207.676 -1612.907
-870.302 -663.589 613.512 -307.188
1664.435 -790.856 1709.341 416.447
867.999 1532.346 654.114 508.143
-309.262 1129.343 -370.941 733.744
290.967 -830.027 -341.743 737.701
-932.257 1573.906 -1452.226 889.833
100.197 -802.121 -158.452 96.273
913.318 2885.870 941.474 3045.228
-50.307 904.251 92.459 644.923
-2071.582 -3657.942 -2171.279 -3686.995
-1116.859 617.255 182.083 -818.907
-53.115 352.090 -677.575 -755.785
15.699 997.270 458.660 1445.176
-599.323 959.229 899.796 902.253
1404.111 -543.801 95.644 803.774
-24.850 -432.722 -209.921 -424.626
-585.727 574.002 1327.464 404.788
-1962.660 3946.304 -1811.979 3305.162
-2141.042 -5911.442 -1929.315 -5494.558
-33.195 -1857.521 -452.367 -2018.795
667.591 671.311 -182.564 -689.292
-1347.093 368.325 345.134 203.304
-72970.053 -22901.822 -73131.985 -22943.406
273.220 304.487 -449.262 467.304
-593.779 108.602 420.081 756.192
23.004 1093.643 -395.737 80.180
570.294 885.477 806.300 -333.792
985.497 -132.505 209.274 -229.692
-911.088 918.274 408.111 361.295
1032.904 286.915 960.670 1598.005
511.152 -744.878 -354.961 -453.040
338.273 1306.700 510.885 502.783
-389.422 486.220 506.908 78.408
-2677.785 -13197.633 -2776.330 -13750.241
203.235 604.443 -722.848 -543.820
-3124.651 88.155 -3718.668 -70.630
-1554.949 -708.750 -2524.254 -528.278
-1255.491 90.031 -1741.521 -100.785
-329.493 1558.772 208.654 58.723
2231.677 685.337 2436.207 804.638
-115.464 183.749 160.732 910.926
97.623 572.187 -1126.250 -833.828
-621.237 148.915 -171.790 206.988
27.073 248.643 719.373 238.872
-324.664 -266.784 319.000 -791.216
5356.086 -696.407 3586.223 -529.533
-1037.979 709.782 -990.498 -682.921
141.721 26.159 198.194 690.130
59.224 465.659 -776.434 523.566
-880.776 655.816 -23.945 475.100
-13.530 1600.434 126.156 941.402
-335.091 419.679 -193.001 -1033.450
-625.019 -880.040 203.335 -344.540
862.692 789.754 220.582 1692.548
419.349 1552.079 146.595 1344.188
880.686 -1048.773 -697.539 514.162
2010.237 -649.705 908.427 164.022
-554.763 -225.656 258.303 112.257
-320.925 261.384 -314.854 697.350
-808.294 351.688 -467.826 201.809
-1750.474 -1596.093 -1153.299 -1164.008
-1023.839 362.057 -311.422 -1140.076
100.595 96.624 1843.369 -235.825
-740.400 -85.537 294.750 746.089
958.033 -197.163 1130.984 532.068
-37.396 299.805 326.129 -232.796
490.374 -1274.484 516.019 -120.311
-1366.985 -2594.417 -937.422 -1932.238
531.097 -983.172 -132.954 399.841
-17025.895 -13904.954 -17352.166 -14228.412
964.227 1265.280 1354.854 828.261
2717.690 609.589 2421.636 658.913
-362.674 515.729 -1289.802 -158.755
143.983 -952.190 -548.671 -42.765
165.974 245.318 -1511.730 908.820
872.963 -297.167 12.717 152.547
1923.680 1132.216 758.842 1165.314
343.932 -845.653 -1438.165 -1157.605
1394.799 1550.484 1524.635 1355.669
489.666 -199.654 -170.944 440.743
720.628 288.766 -176.884 -519.807
841.791 -567.009 -602.848 464.072
-57.603 -37.135 1140.413 -1267.203
-2773.077 -2187.956 -2952.148 -2522.846
1.874 985.234 -676.912 -279.239
-934.119 142.489 -985.781 -1269.866
890.701 -100.814 503.865 898.829
63.848 -690.050 -948.308 -534.490
-198.865 -1055.484 -980.989 -1790.676
-394.942 -563.113 -1233.598 -1417.003
4.206 669.559 -831.648 -131.690
2372.377 -592.914 1846.111 -565.193
-85.942 885.196 -598.278 -281.691
-520.058 608.522 606.943 126.397
-1360.582 -822.788 -1642.237 -1511.021
-333.695 -1270.310 528.354 -717.193
923.811 591.002 781.707 704.753
-55.273 865.484 -702.005 661.647
-826.009 281.116 -1853.380 1156.927
-967.441 433.161 -1186.621 -761.721
978.615 -1014.387 1505.106 -1074.846
-624.979 556.895 -919.302 -453.298
1984.559 -78.551 1563.898 -330.395
525.753 -1647.278 -101.866 -1167.060
517.267 329.312 -507.283 -452.839
-435.999 731.114 -871.451 -236.843
817.916 -73.653 465.173 -864.882
-594.102 380.557 -456.005 -525.104
-457.097 -539.587 -297.766 681.036
-787.324 252.333 -430.100 -583.374
-1895.749 -83.739 -1278.164 -645.889
505.954 280.529 664.048 -165.367
978.613 556.127 -952.662 805.568
1002.471 533.867 467.764 -771.172
-2314.442 950.008 -1799.518 318.365
-923.429 254.903 -237.448 358.044
1405.937 -250.661 74.672 424.882
748263.193 -203166.970 747770.009 -203033.756
941.382 -629.655 -485.374 283.913
-498.962 357.794 619.616 1001.153
11.324 227.288 223.773 582.157
255.642 -76.113 -750.803 621.669
6961.476 3933.744 6198.349 3503.348
794.890 -849.811 135.533 581.437
-1318.135 -197.129 -388.716 220.978
-3726.493 -3454.664 -3363.296 -3253.931
361.217 -978.265 -102.327 414.707
-365.364 318.655 -920.763 467.816
1083.245 -1240.044 1172.381 -1804.322
815.894 408.984 202.477 -284.742
-4424.118 6957.065 -4584.169 7310.172
-828.466 666.388 -3.202 17.992
632.957 344.693 -927.534 302.692
-5887.519 8914.678 -5937.586 9079.217
9601.998 -7058.822 9580.580 -6998.916
-885.960 -269.525 -236.395 17.002
-501.344 1110.528 -481.006 540.613
-511.589 799.254 -299.518 219.621
-269.646 241.263 478.201 107.537
110.461 -1474.637 -188.261 -383.022
-1939.972 -846.251 -2588.176 -1364.226
1563.013 869.927 1699.667 467.032
-312.232 263.496 471.231 -390.850
516.983 -870.625 117.736 494.947
-2996.136 -58.778 -2998.238 -464.980
1579.759 -385.956 -20.839 469.433
-98.468 224.287 713.894 1368.863
-117.511 686.642 -717.880 -198.946
-704.826 -45.813 -199.842 -910.449
-548.406 798.099 121.910 -74.967
-419.487 444.956 859.174 655.141
475.834 573.255 26.414 646.005
207.090 858.383 -77.717 640.079
873.890 182.250 144.800 805.577
1215.503 -744.694 560.144 648.098
585.248 -745.793 -162.732 654.297
-794.325 -983.098 660.614 -680.276
-213.992 224.446 -7.553 944.255
-39257.626 -32213.031 -39990.906 -32789.627
-1990.680 -1406.619 -2822.835 -1654.510
162.237 -863.268 760.627 865.595
-409.840 -676.765 -836.721 -1462.692
-351.240 -28.112 -204.808 -761.845
569.545 716.930 91.697 443.890
-2040.803 2590.044 -1534.861 1480.119
515.102 496.104 -144.534 456.147
299.254 -313.489 1355.658 532.914
-37673.252 61911.428 -38104.278 62597.970
-294.922 -1064.607 -457.227 -732.722
571.749 159.408 1079.749 1036.080
24.118 -335.794 -434.551 -183.641
1375.399 -395.887 1812.392 -443.083
-220.056 -851.263 521.879 -246.335
414.591 -297.667 53.093 34.061
-53.178 -558.178 -559.224 154.533
175.138 115.961 -475.583 494.990
390.642 141.554 809.244 -928.353
-315.936 -173.522 -1551.721 -272.943
9033.271 2222.959 7439.306 1673.626
-411.840 613.467 806.171 909.590
-1857.441 -2133.014 -1799.667 -1894.458
-54.872 -702.674 614.711 797.314
457.669 139.065 452.006 -951.392
594.773 399.660 208.976 233.560
977.173 -470.574 130.312 116.246
-925.709 -1135.741 622.664 -238.842
911.006 677.347 -887.399 533.683
521.357 107.535 -366.209 -275.085
357.158 895.069 -452.365 -158.172
19.879 -455.560 1055.785 -863.333
827.463 -419.231 -600.039 -160.179
-64.592 596.091 945.978 434.161
2129.300 601.974 2840.429 -27.378
-644.412 668.681 -1028.135 -251.674
-890.767 -456.245 113.893 183.003
-564.794 -612.813 -140.299 -912.553
-1992.919 -170.127 -242.441 -638.915
-254.710 -846.834 1149.880 632.544
-525.479 35.501 -650.876 -164.926
-742.735 224.892 15.101 -532.803
-413.121 730.161 -761.693 366.817
-625.194 -643.811 -321.020 -96.825
566.848 -175.714 105.575 750.590
-57.458 233.016 -510.771 -234.067
4661.786 -1469.456 4914.659 -1748.743
1926.914 -1603.774 1465.736 -546.617
402.594 -10.727 -388.111 56.157
-656.217 -11.139 -976.878 -768.682
-498.400 410.383 -45.219 -281.944
98.997 576.799 659.002 1139.294
-846.407 -832.517 358.992 149.948
-435.618 759.967 -444.612 349.187
-4680.057 18046.560 -4531.389 17498.994
35.651 658.466 -635.240 185.773
-419.926 1073.972 159.020 -550.584
722.761 -610.735 -43.689 -950.011
900.599 -614.325 447.671 -1458.797
-2633.949 -355.485 -2659.294 -519.086
-1287.156 4555.708 -1171.530 4047.711
-1460.577 -1162.154 -1604.542 -1008.982
-20258.528 -31265.683 -20433.999 -31586.828
1761.001 7.828 2471.900 107.480
100.170 1022.924 645.489 249.821
116.957 -1759.707 -536.470 -1677.409
-794.526 -147.939 -981.320 658.893
-736.986 326.022 383.974 1165.778
-371.557 -186.343 307.495 1197.986
-520.271 1180.890 271.288 1201.488
-7093.343 197.035 -6829.366 366.388
3697.059 -69.696 2785.785 -114.605
-12.938 -35.708 -575.808 -176.100
126.644 624.357 405.837 -974.084
3927.773 140.628 3973.952 61.713
139.384 -183.526 -15.813 208.843
-16771.478 1703.396 -17945.920 1734.111
-1194.669 64.348 206.818 -631.146
1.500 -3.000 0.500 1.000
