XKCD-like name(s) of length: 2
pz
rx
sw
tv
XKCD-like name(s) of length: 3
pln
qkn
qlm
rgq
rhp
rjn
rkm
sfq
sgp
sjm
skl
tcs
tdr
tfp
thn
tjl
vbr
vcq
vdp
vfn
vgm
vhl
wbq
wcp
wfm
wgl
whk
xbp
xdn
xfl
xgk
xhj
zbn
zcm
zdl
zfj
XKCD-like name(s) of length: 4
mkhj
mlfk
mlgj
nkgj
nlfj
nmcl
nmdk
nmgh
pkgh
plck
pldj
plfh
pmbk
pmcj
pmfg
pnbj
pndh
qjgh
qkdj
qkfh
qlbk
qlcj
qlfg
qmbj
qmdh
qnch
qndg
qpbg
qpcf
rjfh
rkcj
rkfg
rlbj
rldh
rmch
rmdg
rnbh
rncg
rndf
rpbf
rqcd
sjfg
skbj
skdh
slch
sldg
smbh
smcg
smdf
snbg
sncf
spcd
sqbd
srbc
tjdh
tkch
tkdg
tlbh
tlcg
tldf
tmbg
tmcf
tnbf
tpbd
tqbc
vjbh
vjcg
vjdf
vkbg
vkcf
vlbf
vmcd
vnbd
whdg
wjbg
wjcf
wkbf
wlcd
wmbd
wnbc
xhcg
xhdf
xjbf
xkcd
xlbd
xmbc
zgcf
zhbf
zjbd
zkbc
XKCD-like name(s) of length: 5
kjhfg
lkhdg
lkjbg
lkjcf
mjhdg
mkhcg
mkhdf
mkjbf
mlgdf
mlhbg
mlhcf
mljcd
mlkbd
njhcg
njhdf
nkgdf
nkhbg
nkhcf
nkjcd
nlgcf
nlhbf
nljbd
nlkbc
nmgbf
nmhcd
nmjbc
pjgcf
pjhbf
pkgbf
pkhcd
pkjbc
plgcd
plhbd
pmfcd
pmgbd
pmhbc
pnfbd
pngbc
qhgdf
qjgbf
qjhcd
qkgcd
qkhbd
qlfcd
qlgbd
qlhbc
qmfbd
qmgbc
qnfbc
qpdbc
rhgcf
rjgcd
rjhbd
rkfcd
rkgbd
rkhbc
rlfbd
rlgbc
rmfbc
shgbf
sjfcd
sjgbd
sjhbc
skfbd
skgbc
slfbc
sndbc
thgcd
tjfbd
tjgbc
tkfbc
tmdbc
vgfcd
vhfbd
vhgbc
vkdbc
wgfbd
whfbc
wjdbc
xgfbc
zgdbc
XKCD-like name(s) of length: 6
kjhfcd
kjhgbd
ljgfcd
ljhfbd
ljhgbc
lkgfbd
lkhfbc
lkjdbc
mjgfbd
mjhfbc
mkgfbc
mlhdbc
nhgfcd
njgfbc
nkhdbc
nlgdbc
nmfdbc
phgfbc
pjgdbc
pkfdbc
qjfdbc
rhgdbc
shfdbc
tgfdbc
XKCD-like name(s) of length: 7
lhgfdbc
XKCD-like name(s) of length: 8
Mostly Harmless
XKCD-like name(s) of length: 9
Mostly Harmless
XKCD-like name(s) of length: 10
Mostly Harmless
XKCD-like name(s) of length: 20
Mostly Harmless
XKCD-like name(s) of length: 30
Mostly Harmless
XKCD-like name(s) of length: 35
Mostly Harmless
XKCD-like name(s) of length: 38
Mostly Harmless
XKCD-like name(s) of length: 40
Mostly Harmless
XKCD-like name(s) of length: 41
Mostly Harmless
The answer to life, the universe and everything!
