Mex #1: ac
Mex #2: b
Mex #3: a
Mex #4: a
Mex #5: a
Mex #6: a
Mex #7: b
Mex #8: b
Mex #9: d
Mex #10: a
Mex #11: b
Mex #12: b
Mex #13: q
Mex #14: j
Mex #15: j
Mex #16: jj
Mex #17: aa
Mex #18: bo
Mex #19: ai
Mex #20: ab
Mex #21: ab
Mex #22: bg
Mex #23: aa
Mex #24: aa
Mex #25: aa
Mex #26: ay
Mex #27: aa
Mex #28: aa
Mex #29: aa
Mex #30: aq
Mex #31: aa
Mex #32: aa
Mex #33: aa
Mex #34: ai
Mex #35: aa
Mex #36: aa
Mex #37: aa
Mex #38: aa
Mex #39: aa
Mex #40: aa
Mex #41: aa
Mex #42: aa
Mex #43: gh
Mex #44: aa
Mex #45: aa
Mex #46: aa
Mex #47: fv
Mex #48: aa
Mex #49: aa
Mex #50: aa
Mex #51: fn
Mex #52: aa
Mex #53: aa
Mex #54: aa
Mex #55: ff
Mex #56: aa
Mex #57: aa
Mex #58: aa
Mex #59: ex
Mex #60: aa
Mex #61: aa
Mex #62: aa
Mex #63: ep
Mex #64: aa
Mex #65: aa
Mex #66: aa
Mex #67: eh
Mex #68: aa
Mex #69: aa
Mex #70: aa
Mex #71: dz
Mex #72: aa
Mex #73: aa
Mex #74: aa
Mex #75: dr
Mex #76: aa
Mex #77: aa
Mex #78: aa
Mex #79: dj
Mex #80: aa
Mex #81: aa
Mex #82: aa
Mex #83: db
Mex #84: aa
Mex #85: aa
Mex #86: aa
Mex #87: ct
Mex #88: aa
Mex #89: aa
Mex #90: aa
Mex #91: cl
Mex #92: aa
Mex #93: aa
Mex #94: aa
Mex #95: cd
Mex #96: aa
Mex #97: aa
Mex #98: aa
Mex #99: bv
Mex #100: aa
Mex #101: aa
Mex #102: aa
Mex #103: bn
Mex #104: aa
Mex #105: aa
Mex #106: aa
Mex #107: bf
Mex #108: aa
Mex #109: aa
Mex #110: aa
Mex #111: ay
Mex #112: aa
Mex #113: aa
Mex #114: aa
Mex #115: ap
Mex #116: aa
Mex #117: aa
Mex #118: aa
Mex #119: ah
Mex #120: aa
Mex #121: aa
Mex #122: aa
Mex #123: aa
Mex #124: eu
Mex #125: ab
Mex #126: ab
Mex #127: ab
Mex #128: ab
Mex #129: cv
Mex #130: ac
Mex #131: ac
Mex #132: ac
Mex #133: ac
Mex #134: aw
Mex #135: ab
Mex #136: ab
Mex #137: ab
Mex #138: ab
Mex #139: ab
Mex #140: ds
Mex #141: ab
Mex #142: ab
Mex #143: ab
Mex #144: ab
Mex #145: bt
Mex #146: ab
Mex #147: ab
Mex #148: ab
Mex #149: ab
Mex #150: ab
Mex #151: ep
Mex #152: ab
Mex #153: ab
Mex #154: ab
Mex #155: ab
Mex #156: cq
Mex #157: ab
Mex #158: ab
Mex #159: ab
Mex #160: ab
Mex #161: ar
Mex #162: ab
Mex #163: ab
Mex #164: ab
Mex #165: ab
Mex #166: ab
Mex #167: dn
Mex #168: ab
Mex #169: ab
Mex #170: ab
Mex #171: ab
Mex #172: bo
Mex #173: ab
Mex #174: ab
Mex #175: ab
Mex #176: ab
Mex #177: ab
Mex #178: ek
Mex #179: ab
Mex #180: ab
Mex #181: ab
Mex #182: ab
Mex #183: cl
Mex #184: ab
Mex #185: ab
Mex #186: ab
Mex #187: ab
Mex #188: an
Mex #189: ab
Mex #190: ab
Mex #191: ab
Mex #192: ab
Mex #193: ab
Mex #194: di
Mex #195: ab
Mex #196: ab
Mex #197: ab
Mex #198: ab
Mex #199: bj
Mex #200: ab
Mex #201: ab
Mex #202: ab
Mex #203: ab
Mex #204: ab
Mex #205: ef
Mex #206: ab
Mex #207: ab
Mex #208: ab
Mex #209: ab
Mex #210: cg
Mex #211: ab
Mex #212: ab
Mex #213: ab
Mex #214: ab
Mex #215: ah
Mex #216: ab
Mex #217: ab
Mex #218: ab
Mex #219: ab
Mex #220: ab
Mex #221: dd
Mex #222: ab
Mex #223: ab
Mex #224: ab
Mex #225: ab
Mex #226: be
Mex #227: ab
Mex #228: ab
Mex #229: ab
Mex #230: ab
Mex #231: ab
Mex #232: eb
Mex #233: ab
Mex #234: ab
Mex #235: ab
Mex #236: ab
Mex #237: cb
Mex #238: ab
Mex #239: ab
Mex #240: ab
Mex #241: ab
Mex #242: ac
Mex #243: ab
Mex #244: ab
Mex #245: ab
Mex #246: ab
Mex #247: ab
Mex #248: cy
Mex #249: ab
Mex #250: ab
Mex #251: ab
Mex #252: ab
Mex #253: az
Mex #254: ab
Mex #255: ab
Mex #256: ab
Mex #257: ab
Mex #258: ab
Mex #259: dv
Mex #260: ab
Mex #261: ab
Mex #262: ab
Mex #263: ab
Mex #264: bw
Mex #265: aa
Mex #266: aa
Mex #267: aa
Mex #268: aa
Mex #269: aa
Mex #270: es
Mex #271: aa
Mex #272: aa
Mex #273: aa
Mex #274: aa
Mex #275: ct
Mex #276: aa
Mex #277: aa
Mex #278: aa
Mex #279: aa
Mex #280: au
Mex #281: aa
Mex #282: aa
Mex #283: aa
Mex #284: aa
Mex #285: aa
Mex #286: dq
Mex #287: aa
Mex #288: aa
Mex #289: aa
Mex #290: aa
Mex #291: br
Mex #292: aa
Mex #293: aa
Mex #294: aa
Mex #295: aa
Mex #296: aa
Mex #297: en
Mex #298: aa
Mex #299: aa
Mex #300: aa
Mex #301: aa
Mex #302: co
Mex #303: aa
Mex #304: aa
Mex #305: aa
Mex #306: aa
Mex #307: ap
Mex #308: aa
Mex #309: aa
Mex #310: aa
Mex #311: aa
Mex #312: aa
Mex #313: dl
Mex #314: aa
Mex #315: aa
Mex #316: aa
Mex #317: aa
Mex #318: bm
Mex #319: aa
Mex #320: aa
Mex #321: aa
Mex #322: aa
Mex #323: aa
Mex #324: ei
Mex #325: aa
Mex #326: aa
Mex #327: aa
Mex #328: aa
Mex #329: cj
Mex #330: aa
Mex #331: aa
Mex #332: aa
Mex #333: aa
Mex #334: ak
Mex #335: aa
Mex #336: aa
Mex #337: aa
Mex #338: aa
Mex #339: aa
Mex #340: dg
Mex #341: aa
Mex #342: aa
Mex #343: aa
Mex #344: aa
Mex #345: bh
Mex #346: aa
Mex #347: aa
Mex #348: aa
Mex #349: aa
Mex #350: aa
Mex #351: ed
Mex #352: aa
Mex #353: aa
Mex #354: aa
Mex #355: aa
Mex #356: ce
Mex #357: aa
Mex #358: aa
Mex #359: aa
Mex #360: aa
Mex #361: af
Mex #362: aa
Mex #363: aa
Mex #364: aa
Mex #365: aa
Mex #366: aa
Mex #367: dc
Mex #368: aa
Mex #369: aa
Mex #370: aa
Mex #371: aa
Mex #372: bc
Mex #373: aa
Mex #374: aa
Mex #375: aa
Mex #376: aa
Mex #377: aa
Mex #378: dy
Mex #379: aa
Mex #380: aa
Mex #381: aa
Mex #382: aa
Mex #383: bz
Mex #384: aa
Mex #385: aa
Mex #386: aa
Mex #387: aa
Mex #388: aa
Mex #389: aa
Mex #390: aa
Mex #391: aa
Mex #392: aa
Mex #393: aa
Mex #394: cw
Mex #395: aa
Mex #396: aa
Mex #397: aa
Mex #398: aa
Mex #399: ax
Mex #400: aa
Mex #401: aa
Mex #402: aa
Mex #403: aa
Mex #404: aa
Mex #405: dt
Mex #406: aa
Mex #407: aa
Mex #408: aa
Mex #409: aa
Mex #410: bu
Mex #411: aa
Mex #412: aa
Mex #413: aa
Mex #414: aa
Mex #415: aa
Mex #416: eq
Mex #417: aa
Mex #418: aa
Mex #419: aa
Mex #420: aa
Mex #421: cr
Mex #422: aa
Mex #423: aa
Mex #424: aa
Mex #425: aa
Mex #426: as
Mex #427: aa
Mex #428: aa
Mex #429: aa
Mex #430: aa
Mex #431: aa
Mex #432: do
Mex #433: aa
Mex #434: aa
Mex #435: aa
Mex #436: aa
Mex #437: bp
Mex #438: aa
Mex #439: aa
Mex #440: aa
Mex #441: aa
Mex #442: aa
Mex #443: el
Mex #444: aa
Mex #445: aa
Mex #446: aa
Mex #447: aa
Mex #448: cm
Mex #449: aa
Mex #450: aa
Mex #451: aa
Mex #452: aa
Mex #453: an
Mex #454: aa
Mex #455: aa
Mex #456: aa
Mex #457: aa
Mex #458: aa
Mex #459: dj
Mex #460: aa
Mex #461: aa
Mex #462: aa
Mex #463: aa
Mex #464: bk
Mex #465: aa
Mex #466: aa
Mex #467: aa
Mex #468: aa
Mex #469: aa
Mex #470: eg
Mex #471: aa
Mex #472: aa
Mex #473: aa
Mex #474: aa
Mex #475: ch
Mex #476: aa
Mex #477: aa
Mex #478: aa
Mex #479: aa
Mex #480: ai
Mex #481: aa
Mex #482: aa
Mex #483: aa
Mex #484: aa
Mex #485: aa
Mex #486: de
Mex #487: aa
Mex #488: aa
Mex #489: aa
Mex #490: aa
Mex #491: bf
Mex #492: aa
Mex #493: aa
Mex #494: aa
Mex #495: aa
Mex #496: aa
Mex #497: eb
Mex #498: aa
Mex #499: aa
Mex #500: aa
Mex #501: aa
Mex #502: cd
Mex #503: aa
Mex #504: aa
Mex #505: aa
Mex #506: aa
Mex #507: ad
Mex #508: aa
Mex #509: aa
Mex #510: aa
Mex #511: aa
Mex #512: aa
Mex #513: cz
Mex #514: aa
Mex #515: aa
Mex #516: aa
Mex #517: aa
Mex #518: ba
Mex #519: aa
Mex #520: aa
Mex #521: aa
Mex #522: aa
Mex #523: aa
Mex #524: dw
Mex #525: aa
Mex #526: aa
Mex #527: aa
Mex #528: aa
Mex #529: bx
Mex #530: aa
Mex #531: aa
Mex #532: aa
Mex #533: aa
Mex #534: aa
Mex #535: et
Mex #536: aa
Mex #537: aa
Mex #538: aa
Mex #539: aa
Mex #540: cu
Mex #541: aa
Mex #542: aa
Mex #543: aa
Mex #544: aa
Mex #545: av
Mex #546: ag
Mex #547: aa
Mex #548: aa
Mex #549: aa
Mex #550: aa
Mex #551: dr
Mex #552: aa
Mex #553: aa
Mex #554: aa
Mex #555: aa
Mex #556: bs
Mex #557: aa
Mex #558: aa
Mex #559: aa
Mex #560: aa
Mex #561: aa
Mex #562: eo
Mex #563: aa
Mex #564: aa
Mex #565: aa
Mex #566: aa
Mex #567: cp
Mex #568: aa
Mex #569: aa
Mex #570: aa
Mex #571: aa
Mex #572: aq
Mex #573: aa
Mex #574: aa
Mex #575: aa
Mex #576: aa
Mex #577: aa
Mex #578: dm
Mex #579: aa
Mex #580: aa
Mex #581: aa
Mex #582: aa
Mex #583: bn
Mex #584: aa
Mex #585: aa
Mex #586: aa
Mex #587: aa
Mex #588: aa
Mex #589: ej
Mex #590: aa
Mex #591: aa
Mex #592: aa
Mex #593: aa
Mex #594: ck
Mex #595: aa
Mex #596: aa
Mex #597: aa
Mex #598: aa
Mex #599: al
Mex #600: aa
Mex #601: aa
Mex #602: aa
Mex #603: aa
Mex #604: aa
Mex #605: dh
Mex #606: aa
Mex #607: aa
Mex #608: aa
Mex #609: aa
Mex #610: bi
Mex #611: aa
Mex #612: aa
Mex #613: aa
Mex #614: aa
Mex #615: aa
Mex #616: ee
Mex #617: aa
Mex #618: aa
Mex #619: aa
Mex #620: aa
Mex #621: cf
Mex #622: aa
Mex #623: aa
Mex #624: aa
Mex #625: aa
Mex #626: ag
Mex #627: aa
Mex #628: aa
Mex #629: aa
Mex #630: aa
Mex #631: aa
Mex #632: dc
Mex #633: aa
Mex #634: aa
Mex #635: aa
Mex #636: aa
Mex #637: be
Mex #638: aa
Mex #639: aa
Mex #640: aa
Mex #641: aa
Mex #642: aa
Mex #643: dz
Mex #644: aa
Mex #645: aa
Mex #646: aa
Mex #647: aa
Mex #648: ca
Mex #649: aa
Mex #650: aa
Mex #651: aa
Mex #652: aa
Mex #653: ab
Mex #654: aa
Mex #655: aa
Mex #656: aa
Mex #657: aa
Mex #658: aa
Mex #659: cx
Mex #660: aa
Mex #661: aa
Mex #662: aa
Mex #663: aa
Mex #664: ay
Mex #665: aa
Mex #666: aa
Mex #667: aa
Mex #668: aa
Mex #669: aa
Mex #670: du
Mex #671: aa
Mex #672: aa
Mex #673: aa
Mex #674: aa
Mex #675: bv
Mex #676: aa
Mex #677: aa
Mex #678: aa
Mex #679: aa
Mex #680: aa
Mex #681: er
Mex #682: aa
Mex #683: aa
Mex #684: aa
Mex #685: aa
Mex #686: cs
Mex #687: aa
Mex #688: aa
Mex #689: aa
Mex #690: aa
Mex #691: at
Mex #692: aa
Mex #693: aa
Mex #694: aa
Mex #695: aa
Mex #696: aa
Mex #697: dp
Mex #698: aa
Mex #699: aa
Mex #700: aa
Mex #701: aa
Mex #702: bq
Mex #703: aa
Mex #704: aa
Mex #705: aa
Mex #706: aa
Mex #707: aa
Mex #708: em
Mex #709: aa
Mex #710: aa
Mex #711: aa
Mex #712: aa
Mex #713: cn
Mex #714: aa
Mex #715: aa
Mex #716: aa
Mex #717: aa
Mex #718: ao
Mex #719: aa
Mex #720: aa
Mex #721: aa
Mex #722: aa
Mex #723: aa
Mex #724: dk
Mex #725: aa
Mex #726: aa
Mex #727: aa
Mex #728: aa
Mex #729: bl
Mex #730: aa
Mex #731: aa
Mex #732: aa
Mex #733: aa
Mex #734: aa
Mex #735: eh
Mex #736: aa
Mex #737: aa
Mex #738: aa
Mex #739: aa
Mex #740: ci
Mex #741: aa
Mex #742: aa
Mex #743: aa
Mex #744: aa
Mex #745: aj
Mex #746: aa
Mex #747: aa
Mex #748: aa
Mex #749: aa
Mex #750: aa
Mex #751: df
Mex #752: aa
Mex #753: aa
Mex #754: aa
Mex #755: aa
Mex #756: bg
Mex #757: aa
Mex #758: aa
Mex #759: aa
Mex #760: aa
Mex #761: aa
Mex #762: ec
Mex #763: aa
Mex #764: aa
Mex #765: aa
Mex #766: aa
Mex #767: cd
Mex #768: aa
Mex #769: aa
Mex #770: aa
Mex #771: aa
Mex #772: af
Mex #773: aa
Mex #774: aa
Mex #775: aa
Mex #776: aa
Mex #777: aa
