6157.38
530.93
1809.56
5404.51
6400.00
3019.07
6400.00
1661.90
2463.01
2827.43
314.16
6218.97
6400.00
5026.55
6400.00
6400.00
6400.00
6218.97
6400.00
1385.44
6347.86
314.16
5404.51
6271.02
6400.00
6085.83
907.92
6347.86
1661.90
6400.00
6003.81
6400.00
3421.19
6400.00
530.93
78.54
153.94
6400.00
1809.56
1963.50
6400.00
6400.00
78.54
6400.00
6400.00
6400.00
3631.68
6373.18
2463.01
6400.00
6400.00
6390.06
314.16
1963.50
6400.00
6400.00
6400.00
113.10
5404.51
907.92
6400.00
5910.67
6400.00
6400.00
2290.22
4300.84
4536.46
12.57
530.93
6400.00
5805.56
6400.00
5404.51
615.75
6400.00
6400.00
6400.00
6085.83
6400.00
12.57
6400.00
6313.89
6400.00
452.39
6271.02
6157.38
6400.00
380.13
1134.11
6400.00
6400.00
6400.00
6400.00
6347.86
6400.00
706.86
2827.43
6400.00
3.14
4536.46
289.00
289.00
246.54
289.00
289.00
289.00
289.00
289.00
289.00
289.00
289.00
289.00
289.00
289.00
50.27
289.00
289.00
289.00
289.00
289.00
50.27
289.00
289.00
289.00
289.00
289.00
289.00
289.00
289.00
289.00
289.00
289.00
78.54
289.00
113.10
289.00
289.00
289.00
289.00
289.00
289.00
289.00
289.00
289.00
289.00
289.00
289.00
289.00
289.00
289.00
289.00
289.00
289.00
289.00
289.00
289.00
289.00
289.00
289.00
289.00
289.00
289.00
289.00
289.00
50.27
289.00
289.00
289.00
289.00
289.00
289.00
201.06
289.00
289.00
289.00
289.00
289.00
289.00
289.00
289.00
246.54
289.00
289.00
289.00
289.00
284.69
289.00
289.00
289.00
284.69
289.00
289.00
78.54
289.00
78.54
289.00
289.00
289.00
289.00
289.00
9025.00
6361.73
8485.59
9025.00
9025.00
7644.75
1809.56
3848.45
9025.00
2827.43
7219.78
8866.88
6939.78
9025.00
5281.02
9025.00
4300.84
2642.08
6647.61
9019.44
9025.00
9025.00
8866.88
9025.00
2827.43
9005.86
706.86
8259.15
2642.08
8259.15
9025.00
2123.72
9025.00
9024.88
9025.00
9025.00
50.27
9025.00
9025.00
8953.65
7822.24
2642.08
6647.61
8743.77
3631.68
8810.00
6082.12
5541.77
9025.00
9025.00
9025.00
706.86
9025.00
153.94
1520.53
452.39
1134.11
153.94
3421.19
28.27
8581.97
8914.68
9025.00
380.13
8581.97
113.10
8743.77
8378.20
706.86
3.14
804.25
706.86
9025.00
9025.00
1809.56
9025.00
12.57
9024.88
1256.64
1134.11
7644.75
9025.00
2123.72
7219.78
7219.78
9025.00
9025.00
8743.77
8485.59
9025.00
2642.08
2290.22
113.10
1017.88
8259.15
9025.00
9025.00
9005.86
2642.08
7822.24
225.00
225.00
225.00
225.00
225.00
225.00
225.00
225.00
225.00
225.00
225.00
225.00
225.00
225.00
225.00
225.00
12.57
225.00
225.00
225.00
78.54
225.00
225.00
225.00
193.59
225.00
225.00
225.00
225.00
225.00
225.00
225.00
225.00
225.00
225.00
225.00
225.00
225.00
113.10
225.00
3.14
225.00
225.00
225.00
225.00
225.00
225.00
225.00
193.59
50.27
225.00
213.96
225.00
225.00
78.54
225.00
225.00
28.27
225.00
225.00
225.00
225.00
225.00
225.00
50.27
225.00
225.00
225.00
113.10
225.00
12.57
225.00
225.00
225.00
225.00
223.50
225.00
225.00
213.96
225.00
225.00
225.00
225.00
225.00
225.00
225.00
225.00
225.00
225.00
3.14
225.00
225.00
225.00
225.00
225.00
225.00
78.54
193.59
225.00
225.00
400.00
400.00
400.00
400.00
400.00
400.00
400.00
78.54
400.00
400.00
400.00
400.00
400.00
113.10
400.00
400.00
400.00
113.10
400.00
400.00
400.00
400.00
400.00
400.00
400.00
400.00
400.00
400.00
400.00
400.00
400.00
400.00
400.00
400.00
400.00
400.00
400.00
400.00
400.00
50.27
400.00
400.00
400.00
400.00
394.62
400.00
400.00
400.00
400.00
400.00
400.00
400.00
400.00
400.00
400.00
400.00
400.00
113.10
400.00
400.00
399.92
400.00
314.16
400.00
400.00
400.00
201.06
400.00
400.00
400.00
400.00
153.94
400.00
400.00
400.00
400.00
400.00
400.00
3.14
400.00
400.00
400.00
400.00
153.94
400.00
355.46
400.00
400.00
400.00
400.00
400.00
400.00
400.00
400.00
400.00
400.00
400.00
400.00
399.92
400.00
8836.00
8365.36
8533.34
4300.84
706.86
2463.01
8836.00
7394.55
8786.97
5026.55
5281.02
706.86
7745.48
8836.00
8836.00
6082.12
530.93
201.06
8754.11
2827.43
8836.00
8836.00
3019.07
12.57
7579.36
7745.48
4536.46
8836.00
1385.44
3019.07
8836.00
8836.00
8365.36
8836.00
3631.68
5281.02
3019.07
8836.00
7186.14
201.06
8836.00
8533.34
1017.88
3848.45
7895.62
6939.78
8836.00
8836.00
8836.00
153.94
8836.00
8154.58
6939.78
8836.00
1963.50
2463.01
1017.88
8836.00
3.14
8836.00
1385.44
8754.11
4300.84
8031.57
907.92
8754.11
8811.31
153.94
8836.00
7745.48
8754.11
8836.00
2463.01
113.10
8836.00
1661.90
3848.45
8836.00
8754.11
2123.72
8836.00
8712.56
4778.36
8836.00
8836.00
8836.00
380.13
8836.00
254.47
8836.00
153.94
153.94
8836.00
2642.08
8836.00
8836.00
8533.34
3.14
8836.00
1809.56
1296.00
1296.00
1296.00
1296.00
1296.00
1296.00
1296.00
1296.00
1296.00
1296.00
201.06
1296.00
3.14
1296.00
1296.00
1296.00
1296.00
1296.00
1296.00
1296.00
12.57
1296.00
1296.00
12.57
1287.34
1296.00
1296.00
1296.00
1296.00
1296.00
1296.00
50.27
380.13
1296.00
1270.94
1296.00
1296.00
907.92
1296.00
201.06
1296.00
1296.00
1296.00
1296.00
1270.94
1296.00
1296.00
1296.00
1296.00
706.86
3.14
1270.94
1296.00
1296.00
1296.00
907.92
1162.68
452.39
1296.00
1296.00
1296.00
3.14
1296.00
1296.00
1296.00
1296.00
1296.00
1296.00
1296.00
78.54
1296.00
1101.50
1296.00
1296.00
1270.94
1296.00
1296.00
615.75
1296.00
1296.00
907.92
1296.00
1296.00
1296.00
1296.00
1296.00
1296.00
452.39
1296.00
1296.00
1296.00
1296.00
1101.50
1296.00
1296.00
28.27
314.16
1296.00
1295.16
1296.00
3019.07
4900.00
4900.00
4900.00
4900.00
4587.01
78.54
4900.00
4900.00
4900.00
28.27
201.06
4721.44
1520.53
4900.00
4900.00
4659.46
4900.00
4900.00
4900.00
4900.00
4900.00
4900.00
50.27
1809.56
4890.93
1661.90
4587.01
3.14
4900.00
4900.00
2290.22
4900.00
4900.00
4900.00
4816.17
4900.00
804.25
12.57
12.57
4900.00
4900.00
50.27
4900.00
1256.64
3216.99
4900.00
452.39
4900.00
4900.00
2642.08
4900.00
4900.00
4900.00
4874.59
4900.00
4900.00
380.13
4874.59
4721.44
4900.00
4900.00
4900.00
3421.19
2123.72
2642.08
4900.00
4587.01
4721.44
4900.00
1963.50
4900.00
4900.00
314.16
4900.00
4900.00
4900.00
4900.00
4900.00
254.47
1963.50
3631.68
4900.00
4890.93
254.47
2290.22
4900.00
4900.00
4900.00
2827.43
4900.00
4900.00
201.06
4900.00
4900.00
4900.00
314.16
615.75
4900.00
4900.00
49.00
49.00
49.00
49.00
49.00
49.00
49.00
49.00
49.00
49.00
49.00
49.00
49.00
49.00
49.00
49.00
49.00
49.00
49.00
49.00
49.00
49.00
49.00
49.00
49.00
3.14
49.00
49.00
28.27
49.00
49.00
49.00
49.00
49.00
49.00
49.00
49.00
49.00
49.00
49.00
49.00
49.00
49.00
49.00
49.00
49.00
49.00
49.00
49.00
49.00
49.00
49.00
49.00
49.00
49.00
49.00
49.00
28.27
49.00
49.00
49.00
49.00
49.00
49.00
49.00
49.00
49.00
49.00
49.00
49.00
49.00
49.00
49.00
49.00
49.00
49.00
49.00
49.00
49.00
49.00
49.00
49.00
49.00
49.00
12.57
49.00
49.00
49.00
49.00
49.00
49.00
49.00
49.00
49.00
49.00
49.00
49.00
49.00
49.00
49.00
3.14
441.00
441.00
441.00
441.00
441.00
441.00
441.00
441.00
3.14
441.00
371.35
441.00
441.00
441.00
12.57
441.00
441.00
441.00
441.00
441.00
441.00
441.00
441.00
441.00
441.00
441.00
441.00
441.00
441.00
441.00
441.00
441.00
441.00
441.00
3.14
441.00
441.00
441.00
441.00
441.00
441.00
441.00
441.00
441.00
441.00
441.00
314.16
441.00
441.00
113.10
441.00
441.00
441.00
441.00
441.00
441.00
441.00
50.27
441.00
441.00
254.47
441.00
441.00
441.00
441.00
441.00
314.16
441.00
441.00
441.00
405.30
441.00
441.00
441.00
441.00
441.00
441.00
441.00
441.00
441.00
441.00
441.00
153.94
441.00
441.00
441.00
441.00
441.00
441.00
441.00
441.00
441.00
441.00
441.00
441.00
78.54
441.00
441.00
441.00
3019.07
7201.75
12.57
7396.00
7396.00
7396.00
7396.00
7396.00
3019.07
7396.00
7396.00
5281.02
7396.00
1963.50
7396.00
201.06
7396.00
113.10
7396.00
7396.00
7396.00
7396.00
6384.41
6781.42
615.75
380.13
201.06
6032.26
5541.77
7363.86
1385.44
7396.00
1661.90
7396.00
7396.00
4300.84
2642.08
7396.00
50.27
380.13
1017.88
7396.00
804.25
5808.80
7396.00
3631.68
1385.44
907.92
1385.44
7396.00
7396.00
7396.00
7396.00
314.16
7396.00
4300.84
3848.45
7396.00
7396.00
5541.77
314.16
1017.88
6032.26
201.06
7396.00
907.92
7255.73
452.39
7138.33
201.06
7396.00
7396.00
7255.73
7396.00
7396.00
201.06
7393.36
5808.80
7336.53
7396.00
2123.72
6981.57
7396.00
1963.50
3019.07
7396.00
2463.01
1256.64
7396.00
3.14
7138.33
12.57
7363.86
7396.00
5541.77
380.13
7336.53
7396.00
7396.00
3421.19
1.00
1.00
1.00
1.00
1.00
1.00
1.00
1.00
1.00
1.00
1.00
1.00
1.00
1.00
1.00
1.00
1.00
1.00
1.00
1.00
1.00
1.00
1.00
1.00
1.00
1.00
1.00
1.00
1.00
1.00
1.00
1.00
1.00
1.00
1.00
1.00
1.00
1.00
1.00
1.00
1.00
1.00
1.00
1.00
1.00
1.00
1.00
1.00
1.00
1.00
1.00
1.00
1.00
1.00
1.00
1.00
1.00
1.00
1.00
1.00
1.00
1.00
1.00
1.00
1.00
1.00
1.00
1.00
1.00
1.00
1.00
1.00
1.00
1.00
1.00
1.00
1.00
1.00
1.00
1.00
1.00
1.00
1.00
1.00
1.00
1.00
1.00
1.00
1.00
1.00
1.00
1.00
1.00
1.00
1.00
1.00
1.00
1.00
1.00
1.00
1134.11
1963.66
113.10
2025.00
12.57
1877.04
2025.00
2025.00
2025.00
2025.00
2025.00
2025.00
2025.00
1877.04
2025.00
2025.00
2025.00
2025.00
2025.00
2025.00
2025.00
907.92
2025.00
2025.00
1017.88
2025.00
2025.00
2025.00
2025.00
2025.00
2025.00
530.93
2025.00
2025.00
2025.00
1017.88
2025.00
2025.00
2025.00
28.27
2025.00
2025.00
2025.00
2025.00
804.25
804.25
2025.00
2025.00
2025.00
113.10
50.27
2025.00
1742.32
2025.00
452.39
2025.00
1925.60
2025.00
2025.00
2025.00
1877.04
2025.00
1256.64
2025.00
2025.00
2025.00
254.47
2025.00
2025.00
2025.00
2025.00
2025.00
2025.00
2025.00
2025.00
3.14
2025.00
2025.00
380.13
2025.00
1992.08
2025.00
2025.00
2025.00
1520.53
2025.00
2025.00
2025.00
2025.00
2025.00
2025.00
2025.00
2025.00
1963.66
2025.00
1877.04
2025.00
2025.00
2025.00
2025.00
3844.00
12.57
3699.56
3406.20
50.27
1963.50
12.57
3844.00
2290.22
3844.00
3844.00
3844.00
3.14
804.25
2123.72
3844.00
12.57
3844.00
3830.24
2123.72
3576.21
3844.00
3844.00
12.57
452.39
3844.00
1017.88
3844.00
1017.88
1809.56
3844.00
3782.96
3745.97
3844.00
3844.00
3844.00
3174.52
3844.00
3844.00
3844.00
3844.00
3844.00
3844.00
1520.53
3844.00
1256.64
3844.00
3844.00
3844.00
3844.00
3844.00
3844.00
1256.64
3844.00
706.86
1809.56
113.10
254.47
3844.00
3844.00
3844.00
3576.21
907.92
3844.00
3844.00
3844.00
3.14
201.06
50.27
3844.00
3844.00
50.27
3844.00
3844.00
3844.00
1661.90
3844.00
3844.00
153.94
3.14
3844.00
3844.00
3174.52
3844.00
3844.00
3844.00
3844.00
3844.00
3699.56
3844.00
3844.00
3844.00
1963.50
3174.52
3844.00
3844.00
2463.01
3019.07
3844.00
3844.00
9216.00
2827.43
9154.43
3421.19
8882.39
5026.55
9216.00
8706.48
9216.00
9216.00
201.06
3216.99
8706.48
3421.19
314.16
9216.00
9201.69
804.25
8219.58
9216.00
9216.00
452.39
7704.04
2642.08
6647.61
78.54
113.10
9216.00
8360.01
2827.43
9216.00
9212.87
7893.88
8799.58
201.06
6361.73
7704.04
3421.19
452.39
9216.00
1520.53
9216.00
12.57
9018.71
1809.56
2642.08
4778.36
9216.00
9216.00
9216.00
9216.00
9216.00
9216.00
7704.04
8602.61
5808.80
9216.00
9216.00
3216.99
9216.00
3421.19
50.27
2463.01
9216.00
7238.23
2463.01
9216.00
9216.00
153.94
9216.00
9216.00
3.14
8219.58
2463.01
3216.99
8360.01
9216.00
9216.00
9182.26
9216.00
8602.61
8955.32
5026.55
1017.88
6082.12
5281.02
9216.00
452.39
9216.00
1809.56
8955.32
254.47
9216.00
9118.03
9216.00
9018.71
3631.68
9216.00
9212.87
9216.00
2304.00
2304.00
2304.00
2304.00
2304.00
2304.00
2304.00
530.93
615.75
1017.88
2304.00
2304.00
2304.00
2304.00
2304.00
2304.00
2304.00
2304.00
2016.20
2304.00
2304.00
2304.00
2304.00
113.10
201.06
2304.00
2238.83
2199.89
2304.00
2090.00
2304.00
2304.00
2304.00
2304.00
2304.00
2304.00
2016.20
2304.00
907.92
2016.20
2090.00
2304.00
28.27
113.10
2304.00
2304.00
2304.00
50.27
2304.00
2304.00
2304.00
2304.00
452.39
2304.00
2304.00
2304.00
2304.00
804.25
2304.00
2304.00
2304.00
1256.64
2304.00
2304.00
2238.83
2304.00
2090.00
804.25
2304.00
1520.53
2304.00
2304.00
2304.00
2304.00
2304.00
2304.00
2304.00
2304.00
2304.00
2304.00
2304.00
2304.00
2304.00
452.39
2304.00
2304.00
2199.89
2304.00
12.57
1661.90
1017.88
2304.00
2304.00
12.57
2304.00
2304.00
2304.00
907.92
2304.00
1385.44
2304.00
2304.00
2304.00
452.39
2304.00
2304.00
2304.00
2304.00
2016.20
2304.00
2304.00
2304.00
78.54
2304.00
2304.00
2304.00
113.10
615.75
2304.00
2304.00
2304.00
2304.00
2304.00
2304.00
2304.00
2304.00
2288.61
2304.00
2304.00
78.54
50.27
2304.00
2304.00
2304.00
2304.00
2304.00
706.86
2304.00
2304.00
2304.00
804.25
2304.00
2016.20
2304.00
1661.90
2304.00
2304.00
2304.00
2304.00
2304.00
2304.00
2304.00
1256.64
2304.00
2304.00
2304.00
2304.00
78.54
2304.00
113.10
380.13
2304.00
530.93
2304.00
2304.00
28.27
2199.89
2304.00
2304.00
2304.00
2090.00
2304.00
1926.01
2304.00
2304.00
12.57
2304.00
2304.00
28.27
1256.64
2304.00
2304.00
2304.00
1926.01
2304.00
2304.00
2304.00
1661.90
2304.00
1520.53
2268.22
2304.00
2304.00
2304.00
2304.00
2150.65
28.27
254.47
2304.00
2304.00
1849.00
1849.00
1849.00
907.92
907.92
1849.00
1849.00
1849.00
1849.00
1849.00
1849.00
1256.64
28.27
1849.00
254.47
1849.00
1849.00
1849.00
1849.00
1849.00
1825.14
1849.00
1849.00
1849.00
1849.00
1849.00
1800.44
1849.00
1596.10
1849.00
1849.00
1849.00
1134.11
1849.00
1849.00
50.27
50.27
1665.80
1849.00
1849.00
1849.00
1849.00
201.06
1849.00
1849.00
1849.00
1849.00
1849.00
1849.00
1849.00
452.39
1849.00
1849.00
1385.44
1849.00
1849.00
1849.00
1849.00
1721.81
1849.00
1849.00
1849.00
1849.00
1849.00
1849.00
1840.96
1849.00
1766.27
254.47
1849.00
1849.00
1849.00
1849.00
1849.00
530.93
3.14
1849.00
1849.00
1849.00
1849.00
1849.00
113.10
1849.00
1849.00
1849.00
3.14
1849.00
1849.00
1849.00
1849.00
1849.00
1849.00
380.13
1596.10
1849.00
1849.00
3.14
1849.00
254.47
1849.00
81.00
81.00
81.00
81.00
81.00
81.00
81.00
3.14
81.00
81.00
81.00
12.57
81.00
81.00
81.00
50.27
81.00
81.00
81.00
81.00
81.00
3.14
81.00
81.00
81.00
81.00
81.00
81.00
81.00
81.00
81.00
81.00
81.00
81.00
81.00
80.46
81.00
80.46
81.00
81.00
81.00
81.00
81.00
81.00
81.00
50.27
81.00
81.00
81.00
81.00
81.00
81.00
80.46
81.00
81.00
81.00
80.46
81.00
81.00
81.00
81.00
81.00
81.00
81.00
81.00
81.00
81.00
81.00
81.00
81.00
81.00
81.00
81.00
81.00
81.00
81.00
81.00
81.00
81.00
81.00
81.00
81.00
3.14
81.00
81.00
81.00
81.00
81.00
81.00
81.00
80.46
81.00
81.00
81.00
81.00
81.00
12.57
81.00
81.00
81.00
615.75
706.86
2809.00
2809.00
2809.00
2276.40
1256.64
2809.00
78.54
2809.00
2627.04
2809.00
2809.00
2809.00
2809.00
2809.00
2809.00
2809.00
2809.00
2809.00
2276.40
2123.72
2627.04
2809.00
2809.00
2809.00
2809.00
2783.85
2809.00
1809.56
2809.00
380.13
2123.72
201.06
2809.00
2809.00
1134.11
1963.50
2809.00
113.10
2483.62
2809.00
2809.00
2809.00
2809.00
2809.00
1134.11
2809.00
2809.00
2809.00
2809.00
2809.00
2809.00
2809.00
2809.00
28.27
1256.64
2809.00
153.94
2809.00
2809.00
1809.56
2809.00
2809.00
2809.00
2809.00
2809.00
2809.00
2809.00
2809.00
2809.00
452.39
2758.86
2809.00
2809.00
2809.00
50.27
2809.00
2809.00
2809.00
2809.00
2561.71
2809.00
2809.00
2809.00
2809.00
2800.15
2809.00
2809.00
2809.00
2123.72
2809.00
12.57
2809.00
2561.71
1809.56
2681.06
2809.00
2809.00
2809.00
961.00
894.05
961.00
530.93
961.00
961.00
961.00
961.00
961.00
961.00
961.00
961.00
380.13
957.56
201.06
706.86
961.00
961.00
961.00
961.00
3.14
961.00
961.00
961.00
961.00
961.00
961.00
961.00
961.00
961.00
924.89
957.56
961.00
961.00
961.00
961.00
961.00
961.00
961.00
961.00
961.00
961.00
924.89
961.00
380.13
201.06
961.00
961.00
961.00
851.55
961.00
3.14
961.00
961.00
961.00
961.00
961.00
50.27
961.00
961.00
961.00
961.00
961.00
961.00
961.00
961.00
961.00
961.00
961.00
961.00
961.00
153.94
961.00
961.00
961.00
153.94
961.00
113.10
961.00
961.00
961.00
961.00
961.00
3.14
961.00
961.00
615.75
961.00
961.00
961.00
961.00
961.00
961.00
961.00
50.27
961.00
961.00
961.00
12.57
961.00
324.00
201.06
12.57
324.00
324.00
324.00
324.00
324.00
324.00
324.00
324.00
324.00
28.27
324.00
324.00
324.00
50.27
324.00
324.00
324.00
324.00
324.00
324.00
3.14
324.00
324.00
324.00
324.00
324.00
324.00
324.00
324.00
324.00
324.00
324.00
324.00
324.00
324.00
28.27
324.00
324.00
324.00
324.00
324.00
324.00
324.00
324.00
324.00
324.00
324.00
324.00
324.00
324.00
324.00
324.00
324.00
324.00
324.00
28.27
201.06
324.00
324.00
324.00
324.00
324.00
324.00
324.00
324.00
324.00
324.00
324.00
324.00
324.00
324.00
28.27
324.00
324.00
324.00
324.00
324.00
324.00
324.00
324.00
324.00
324.00
324.00
324.00
324.00
324.00
324.00
324.00
324.00
324.00
324.00
324.00
324.00
324.00
324.00
324.00
324.00
121.00
121.00
121.00
121.00
121.00
121.00
121.00
106.65
121.00
121.00
121.00
121.00
121.00
121.00
121.00
121.00
121.00
121.00
121.00
121.00
121.00
121.00
50.27
121.00
121.00
121.00
121.00
121.00
121.00
121.00
121.00
121.00
121.00
121.00
121.00
121.00
121.00
121.00
50.27
121.00
121.00
121.00
121.00
121.00
121.00
121.00
121.00
121.00
121.00
121.00
121.00
121.00
121.00
121.00
121.00
121.00
121.00
121.00
121.00
121.00
121.00
121.00
121.00
121.00
121.00
121.00
121.00
121.00
121.00
121.00
78.54
121.00
121.00
121.00
121.00
121.00
121.00
121.00
121.00
121.00
12.57
121.00
121.00
121.00
121.00
121.00
121.00
121.00
121.00
121.00
121.00
121.00
121.00
121.00
121.00
121.00
121.00
121.00
121.00
121.00
625.00
625.00
625.00
113.10
625.00
625.00
625.00
625.00
625.00
625.00
625.00
625.00
625.00
625.00
625.00
12.57
625.00
50.27
625.00
625.00
625.00
625.00
625.00
613.31
625.00
625.00
625.00
625.00
613.31
625.00
625.00
625.00
613.31
254.47
625.00
625.00
625.00
625.00
380.13
625.00
625.00
625.00
625.00
625.00
625.00
625.00
625.00
625.00
625.00
625.00
625.00
625.00
625.00
625.00
625.00
50.27
625.00
625.00
625.00
625.00
625.00
625.00
625.00
201.06
625.00
625.00
625.00
153.94
625.00
521.37
521.37
254.47
625.00
625.00
625.00
625.00
625.00
625.00
625.00
625.00
625.00
625.00
625.00
625.00
625.00
625.00
625.00
625.00
625.00
50.27
625.00
625.00
625.00
625.00
625.00
613.31
625.00
625.00
625.00
625.00
1385.44
530.93
6400.00
6400.00
380.13
2827.43
6400.00
1809.56
3631.68
5554.51
6400.00
6400.00
4300.84
6400.00
6400.00
6400.00
5232.90
6400.00
6400.00
4300.84
1809.56
6400.00
6400.00
6085.83
314.16
1134.11
6400.00
6400.00
1385.44
5232.90
1809.56
6400.00
907.92
28.27
5404.51
6400.00
6400.00
3848.45
6398.70
6400.00
6400.00
1256.64
6400.00
6003.81
6400.00
3848.45
6400.00
6390.06
1520.53
3019.07
804.25
706.86
5404.51
6390.06
3216.99
6400.00
28.27
6400.00
6400.00
6400.00
6400.00
6003.81
6400.00
6400.00
113.10
2463.01
6400.00
6271.02
615.75
615.75
5910.67
6400.00
6400.00
201.06
1963.50
6400.00
6313.89
5232.90
5687.38
6400.00
6400.00
6347.86
530.93
5805.56
6398.70
6400.00
6400.00
6313.89
6400.00
6400.00
6400.00
78.54
3848.45
907.92
5554.51
6400.00
12.57
6400.00
2463.01
1661.90
12.57
289.00
289.00
289.00
289.00
289.00
289.00
289.00
284.69
289.00
289.00
289.00
113.10
289.00
289.00
289.00
289.00
289.00
289.00
289.00
289.00
289.00
289.00
289.00
289.00
289.00
289.00
289.00
289.00
289.00
289.00
289.00
50.27
289.00
289.00
284.69
289.00
289.00
289.00
289.00
289.00
289.00
289.00
289.00
289.00
289.00
289.00
289.00
289.00
289.00
12.57
289.00
289.00
289.00
289.00
289.00
289.00
289.00
201.06
289.00
289.00
289.00
289.00
289.00
289.00
289.00
289.00
289.00
289.00
289.00
289.00
289.00
113.10
201.06
289.00
289.00
289.00
289.00
289.00
289.00
246.54
289.00
289.00
289.00
289.00
289.00
289.00
289.00
289.00
271.34
289.00
289.00
289.00
289.00
289.00
289.00
289.00
289.00
289.00
289.00
81.00
81.00
72.67
81.00
81.00
81.00
81.00
81.00
81.00
81.00
81.00
81.00
81.00
81.00
81.00
81.00
50.27
81.00
81.00
81.00
81.00
81.00
81.00
81.00
81.00
81.00
81.00
81.00
81.00
81.00
81.00
81.00
81.00
81.00
81.00
81.00
81.00
81.00
81.00
81.00
81.00
81.00
81.00
81.00
81.00
81.00
12.57
81.00
81.00
81.00
81.00
81.00
81.00
81.00
81.00
81.00
81.00
81.00
81.00
81.00
81.00
81.00
81.00
81.00
81.00
81.00
81.00
81.00
81.00
81.00
81.00
81.00
81.00
81.00
81.00
81.00
81.00
81.00
81.00
81.00
81.00
81.00
81.00
81.00
81.00
81.00
81.00
81.00
81.00
81.00
81.00
81.00
81.00
72.67
81.00
81.00
81.00
81.00
81.00
81.00
2809.00
1661.90
2809.00
1963.50
907.92
2724.77
2809.00
2809.00
2808.09
2809.00
2809.00
2809.00
2758.86
2809.00
2809.00
2809.00
2809.00
2809.00
615.75
2809.00
2809.00
2809.00
2800.15
2809.00
2809.00
2800.15
2809.00
2809.00
2809.00
2809.00
2809.00
2809.00
1256.64
2809.00
2809.00
2809.00
2809.00
2809.00
2809.00
2809.00
2809.00
50.27
2724.77
2809.00
2809.00
2809.00
1661.90
2809.00
2809.00
2809.00
2809.00
2809.00
2809.00
907.92
2809.00
2809.00
2123.72
2809.00
1809.56
2809.00
2809.00
1963.50
1017.88
2809.00
2809.00
2561.71
2809.00
2809.00
2809.00
201.06
1520.53
2123.72
153.94
12.57
2783.85
2809.00
2809.00
2809.00
2809.00
2809.00
2809.00
2809.00
2809.00
2809.00
2809.00
2390.28
615.75
254.47
2809.00
2390.28
2809.00
2809.00
254.47
28.27
2276.40
1256.64
2809.00
2800.15
2809.00
2809.00
254.47
5184.00
254.47
254.47
5184.00
5184.00
1385.44
5083.75
254.47
4915.51
5184.00
615.75
5184.00
5184.00
5184.00
3019.07
1017.88
5184.00
5184.00
2642.08
78.54
5184.00
2123.72
2123.72
1256.64
5037.37
4536.45
5184.00
5184.00
4981.44
5184.00
5184.00
804.25
5184.00
5184.00
4536.45
5184.00
5184.00
5184.00
5184.00
5184.00
5184.00
5184.00
5184.00
2290.22
380.13
5184.00
5184.00
5184.00
5037.37
2642.08
5184.00
5184.00
5184.00
1520.53
5184.00
3019.07
5184.00
5184.00
201.06
4981.44
5184.00
5184.00
530.93
1256.64
1661.90
5169.19
1385.44
5083.75
1520.53
530.93
1809.56
4071.50
5184.00
4915.51
5184.00
5184.00
5184.00
5184.00
5184.00
4071.50
5184.00
4751.05
804.25
5184.00
452.39
4071.50
5184.00
5184.00
5184.00
153.94
5120.98
3.14
5184.00
5184.00
5184.00
5184.00
4406.00
3.14
4838.97
8836.00
380.13
4536.46
804.25
1963.50
4778.36
8836.00
8836.00
8836.00
615.75
1017.88
8154.58
8031.57
6647.61
5541.77
254.47
78.54
7186.14
50.27
4300.84
8836.00
2642.08
615.75
2827.43
8836.00
8454.45
12.57
1661.90
3216.99
1256.64
3631.68
8836.00
615.75
8836.00
314.16
1963.50
8836.00
8836.00
6647.61
1520.53
8836.00
8836.00
3421.19
8836.00
2827.43
7579.36
8836.00
8836.00
5281.02
8836.00
4071.50
28.27
314.16
4778.36
8836.00
3848.45
8754.11
5541.77
8031.57
1256.64
8836.00
8836.00
2642.08
8836.00
5026.55
113.10
8836.00
4071.50
8811.31
28.27
8754.11
8265.60
8754.11
8836.00
6939.78
7745.48
8836.00
8454.45
2123.72
3.14
3848.45
8836.00
7394.55
7186.14
8836.00
5281.02
1520.53
12.57
3848.45
5026.55
3019.07
6082.12
8836.00
8365.36
8827.31
2827.43
3848.45
3848.45
8836.00
380.13
6241.00
50.27
6241.00
6241.00
6241.00
1017.88
6241.00
1017.88
6241.00
6241.00
6241.00
6241.00
5488.93
6241.00
113.10
6042.78
6179.79
6241.00
6241.00
4300.84
6241.00
6241.00
6241.00
6241.00
5903.50
6241.00
1963.50
50.27
6241.00
78.54
113.10
6241.00
6241.00
2463.01
113.10
6238.02
6241.00
3421.19
6241.00
615.75
6241.00
6241.00
6207.63
6042.78
380.13
6241.00
615.75
78.54
6241.00
2290.22
78.54
6241.00
2827.43
6241.00
5009.71
6241.00
2642.08
6241.00
1017.88
201.06
6241.00
6241.00
4071.50
6207.63
6241.00
4536.46
6241.00
6042.78
6241.00
3019.07
2642.08
6241.00
1963.50
6241.00
2463.01
6241.00
4536.46
3.14
6238.02
12.57
6241.00
1520.53
6241.00
6241.00
6241.00
6241.00
6241.00
153.94
5978.21
6241.00
5903.50
6241.00
28.27
6042.78
6241.00
1017.88
907.92
6241.00
6241.00
4778.36
2116.00
615.75
2116.00
2116.00
2116.00
1983.75
1385.44
907.92
2116.00
615.75
2116.00
2116.00
804.25
2116.00
452.39
2116.00
2116.00
2116.00
28.27
452.39
2106.52
530.93
50.27
2116.00
2116.00
2116.00
2116.00
2116.00
1017.88
1927.37
2116.00
2116.00
2116.00
2116.00
1927.37
2116.00
452.39
2116.00
1385.44
2116.00
254.47
2116.00
2116.00
2116.00
2116.00
2116.00
452.39
2116.00
2116.00
2116.00
2116.00
2116.00
2116.00
2116.00
2116.00
1858.12
2116.00
2116.00
2116.00
2116.00
2116.00
2116.00
2116.00
2116.00
2116.00
2116.00
907.92
2116.00
2116.00
2028.94
2106.52
2116.00
2116.00
615.75
2116.00
2116.00
2116.00
2116.00
907.92
1134.11
2114.88
2116.00
2116.00
706.86
2116.00
2116.00
2116.00
2116.00
2116.00
2116.00
2116.00
2116.00
2116.00
2116.00
2116.00
2116.00
2116.00
2116.00
2116.00
2116.00
2704.00
2704.00
78.54
2704.00
2704.00
907.92
2704.00
2704.00
1963.50
2704.00
2704.00
2704.00
2704.00
2704.00
452.39
2704.00
2704.00
2704.00
2704.00
1661.90
2704.00
1963.50
2704.00
2704.00
2704.00
2704.00
2701.61
2704.00
2704.00
1661.90
1256.64
2704.00
2704.00
2704.00
2704.00
530.93
78.54
907.92
1134.11
530.93
2704.00
1017.88
2704.00
2704.00
2704.00
2704.00
2704.00
2704.00
2704.00
2704.00
2704.00
2704.00
2251.25
2704.00
2704.00
2704.00
2434.33
1963.50
615.75
254.47
2503.63
2704.00
2644.78
254.47
2704.00
2704.00
2704.00
2704.00
804.25
2704.00
201.06
113.10
1017.88
2704.00
2704.00
2704.00
2704.00
2704.00
2704.00
2704.00
2704.00
2704.00
2704.00
2704.00
2704.00
2704.00
2704.00
2351.34
2704.00
706.86
2434.33
2704.00
2704.00
28.27
2704.00
2704.00
907.92
2561.08
2704.00
12.57
9.00
9.00
9.00
9.00
9.00
9.00
9.00
9.00
9.00
9.00
9.00
9.00
9.00
9.00
9.00
9.00
9.00
9.00
9.00
9.00
9.00
9.00
9.00
9.00
9.00
9.00
9.00
9.00
9.00
9.00
9.00
9.00
9.00
9.00
9.00
9.00
9.00
9.00
9.00
9.00
9.00
9.00
9.00
9.00
9.00
9.00
9.00
9.00
9.00
9.00
9.00
9.00
9.00
9.00
9.00
9.00
9.00
9.00
9.00
9.00
9.00
9.00
9.00
9.00
9.00
9.00
9.00
9.00
9.00
9.00
9.00
9.00
9.00
9.00
9.00
9.00
9.00
9.00
9.00
9.00
9.00
9.00
9.00
9.00
9.00
9.00
9.00
9.00
9.00
9.00
9.00
9.00
9.00
9.00
9.00
9.00
9.00
9.00
9.00
9.00
256.00
256.00
256.00
256.00
256.00
256.00
256.00
256.00
256.00
3.14
256.00
256.00
256.00
256.00
256.00
256.00
256.00
256.00
256.00
256.00
256.00
256.00
256.00
113.10
256.00
255.60
256.00
256.00
256.00
256.00
256.00
50.27
256.00
256.00
256.00
256.00
256.00
256.00
256.00
256.00
256.00
256.00
256.00
256.00
256.00
256.00
256.00
256.00
256.00
256.00
256.00
256.00
256.00
256.00
256.00
256.00
256.00
256.00
256.00
248.76
256.00
256.00
3.14
256.00
256.00
256.00
256.00
12.57
256.00
256.00
256.00
256.00
256.00
256.00
255.60
256.00
256.00
256.00
256.00
256.00
256.00
256.00
256.00
256.00
256.00
256.00
256.00
256.00
256.00
256.00
256.00
256.00
256.00
256.00
256.00
256.00
256.00
256.00
256.00
256.00
314.16
6561.00
2642.08
6561.00
804.25
1134.11
3216.99
12.57
6561.00
5263.97
6561.00
6561.00
6100.87
6337.62
2642.08
6561.00
6561.00
6396.30
6485.78
530.93
6561.00
6561.00
6561.00
2642.08
6561.00
5026.55
6561.00
6561.00
6561.00
6561.00
6561.00
2290.22
4300.84
3.14
3848.45
6561.00
50.27
6561.00
113.10
6485.78
50.27
4536.46
6485.78
1520.53
3848.45
6561.00
6561.00
6561.00
6561.00
6561.00
6396.30
1520.53
6561.00
6561.00
6561.00
6561.00
6561.00
4778.36
6445.58
4300.84
5615.01
6396.30
6561.00
1963.50
6561.00
6561.00
6337.62
6396.30
6561.00
530.93
6561.00
2827.43
6554.44
6485.78
6561.00
2123.72
2123.72
5999.74
5263.97
6561.00
5999.74
6561.00
6561.00
314.16
1809.56
1809.56
3019.07
6561.00
6561.00
6561.00
6561.00
6561.00
6561.00
2123.72
6561.00
6561.00
12.57
6561.00
6485.78
6561.00
5184.00
4255.15
5184.00
5184.00
5184.00
2827.43
5184.00
3848.45
1256.64
5184.00
4981.44
5184.00
1520.53
3019.07
4981.44
5184.00
5184.00
380.13
452.39
4915.51
5083.75
4536.45
1134.11
5184.00
5184.00
5184.00
5184.00
314.16
5184.00
5184.00
5184.00
12.57
5180.65
5184.00
3631.68
201.06
5184.00
2642.08
5184.00
5184.00
50.27
907.92
4650.70
530.93
5184.00
2642.08
5083.75
5184.00
5149.37
1385.44
1809.56
2123.72
3421.19
4915.51
380.13
1134.11
5184.00
5184.00
5184.00
5184.00
5120.98
5184.00
5083.75
5037.37
5184.00
4838.97
2827.43
5184.00
4981.44
5120.98
5184.00
5184.00
12.57
5184.00
1134.11
5184.00
5184.00
380.13
5184.00
706.86
5184.00
5184.00
706.86
907.92
5184.00
5184.00
4071.50
1385.44
5184.00
5184.00
5184.00
5184.00
452.39
706.86
380.13
5184.00
5184.00
78.54
5184.00
113.10
50.27
2116.00
1661.90
2116.00
2028.94
2116.00
2116.00
2116.00
314.16
2116.00
2106.52
2116.00
1858.12
2116.00
28.27
2116.00
2116.00
2116.00
2116.00
2116.00
2116.00
2116.00
2116.00
2116.00
1927.37
2116.00
706.86
12.57
2116.00
3.14
2116.00
2116.00
2116.00
2116.00
50.27
2116.00
2116.00
2116.00
2116.00
2116.00
2116.00
2116.00
2116.00
1017.88
615.75
2116.00
2116.00
2106.52
2116.00
2116.00
2116.00
2116.00
2116.00
113.10
380.13
2116.00
2116.00
2116.00
2116.00
452.39
2116.00
28.27
3.14
50.27
2116.00
2116.00
2116.00
706.86
2116.00
2116.00
2116.00
1983.75
153.94
804.25
2116.00
1983.75
2116.00
2116.00
1772.84
2116.00
2116.00
2116.00
2116.00
2116.00
2116.00
2116.00
2116.00
28.27
2116.00
1772.84
2116.00
1134.11
113.10
2116.00
2089.69
2116.00
2116.00
2116.00
2116.00
2116.00
16.00
16.00
16.00
16.00
16.00
16.00
16.00
16.00
16.00
16.00
16.00
16.00
16.00
16.00
16.00
16.00
16.00
16.00
16.00
16.00
16.00
16.00
16.00
16.00
16.00
16.00
16.00
16.00
16.00
16.00
16.00
16.00
16.00
16.00
16.00
16.00
16.00
16.00
16.00
16.00
16.00
16.00
16.00
16.00
16.00
16.00
16.00
16.00
16.00
16.00
16.00
16.00
16.00
16.00
16.00
16.00
16.00
16.00
16.00
16.00
16.00
16.00
16.00
16.00
16.00
16.00
16.00
16.00
16.00
16.00
12.57
16.00
16.00
16.00
16.00
16.00
16.00
16.00
16.00
16.00
16.00
16.00
16.00
16.00
16.00
16.00
16.00
16.00
16.00
16.00
16.00
16.00
16.00
16.00
16.00
16.00
16.00
16.00
16.00
16.00
5041.00
5041.00
153.94
5041.00
5035.15
4928.05
3216.99
5041.00
5035.15
5041.00
5041.00
5041.00
804.25
5041.00
5041.00
5041.00
12.57
1809.56
4055.54
5041.00
5041.00
5041.00
314.16
5041.00
5041.00
2290.22
5041.00
3631.68
4967.97
530.93
3216.99
5040.83
113.10
1385.44
4998.94
5041.00
50.27
201.06
28.27
5041.00
5041.00
2290.22
5041.00
4878.85
254.47
5041.00
5041.00
5041.00
5041.00
5041.00
5041.00
5041.00
4217.07
5041.00
1661.90
5041.00
4578.94
5041.00
4217.07
5021.25
314.16
5041.00
201.06
5041.00
1385.44
5041.00
4819.94
78.54
530.93
5041.00
50.27
1017.88
5041.00
5041.00
5041.00
5041.00
2827.43
3421.19
5041.00
5041.00
5041.00
4819.94
1520.53
1017.88
3848.45
4878.85
5041.00
153.94
1385.44
380.13
2463.01
5041.00
4878.85
5041.00
78.54
804.25
1661.90
5041.00
4750.80
3421.19
1809.56
113.10
2704.00
2704.00
28.27
2704.00
2704.00
2704.00
28.27
2704.00
2561.08
2704.00
2704.00
2704.00
2704.00
1809.56
2704.00
1963.50
2704.00
1661.90
2704.00
2704.00
2704.00
2704.00
2123.72
2123.72
2704.00
2704.00
2704.00
2704.00
2561.08
2704.00
2704.00
2704.00
2704.00
1661.90
2704.00
201.06
3.14
1017.88
2704.00
2704.00
706.86
2503.63
2704.00
706.86
2704.00
2644.78
2704.00
2434.33
2704.00
2704.00
2704.00
2672.43
2434.33
2704.00
2704.00
2704.00
2704.00
615.75
2704.00
201.06
2704.00
2704.00
2704.00
2704.00
2704.00
907.92
1520.53
2704.00
2704.00
2704.00
2704.00
314.16
804.25
2704.00
380.13
2704.00
2691.26
2704.00
530.93
2704.00
1661.90
2704.00
2704.00
153.94
2704.00
2123.72
2701.61
2704.00
2704.00
2704.00
2704.00
2704.00
2704.00
2561.08
2704.00
1017.88
2704.00
2704.00
5476.00
5476.00
5398.73
5430.70
5476.00
1017.88
5476.00
4646.17
5476.00
5476.00
5476.00
254.47
5476.00
4071.50
452.39
5476.00
3216.99
452.39
1017.88
1134.11
5476.00
5476.00
5476.00
153.94
5476.00
1963.50
5476.00
5476.00
5476.00
5476.00
5005.13
452.39
28.27
5476.00
5476.00
5476.00
12.57
5476.00
5476.00
5476.00
5476.00
4646.17
5476.00
5476.00
5468.91
50.27
804.25
5476.00
5476.00
5476.00
5398.73
1809.56
5476.00
5476.00
5476.00
5476.00
3019.07
452.39
5476.00
1520.53
1520.53
5476.00
5476.00
5476.00
5476.00
5357.83
5430.70
5476.00
5476.00
28.27
907.92
5307.68
3.14
4490.15
4646.17
5476.00
5476.00
12.57
5476.00
5097.31
3.14
5476.00
1017.88
1520.53
5005.13
5476.00
5476.00
5476.00
5476.00
5476.00
2827.43
5476.00
5476.00
5476.00
1809.56
1017.88
5476.00
5476.00
3631.68
78.54
530.93
7056.00
3019.07
615.75
7056.00
7056.00
6101.46
5541.77
7056.00
7056.00
7056.00
7055.37
1661.90
1963.50
7056.00
7056.00
7056.00
7056.00
7056.00
7056.00
2123.72
7056.00
6484.79
6976.47
1385.44
5541.77
7056.00
1385.44
12.57
2827.43
1661.90
6935.28
7056.00
4071.50
2827.43
615.75
12.57
7056.00
1809.56
4071.50
6243.75
7056.00
7056.00
530.93
1661.90
7056.00
4071.50
7056.00
7056.00
7056.00
7056.00
314.16
804.25
5759.52
7048.13
6976.47
5541.77
4071.50
7056.00
7056.00
7056.00
2290.22
1134.11
7008.86
452.39
7056.00
7056.00
7056.00
7056.00
201.06
1385.44
7056.00
3019.07
7056.00
314.16
3.14
380.13
6586.37
7056.00
7056.00
7056.00
6101.46
7056.00
6370.97
6825.42
7056.00
7056.00
12.57
6101.46
6935.28
4536.46
7056.00
7056.00
7056.00
7056.00
3631.68
6825.42
907.92
5759.52
7056.00
9.00
9.00
9.00
9.00
9.00
9.00
9.00
9.00
9.00
9.00
9.00
9.00
9.00
9.00
9.00
9.00
9.00
9.00
9.00
9.00
9.00
9.00
9.00
9.00
9.00
9.00
9.00
9.00
9.00
9.00
9.00
9.00
9.00
9.00
9.00
9.00
9.00
9.00
9.00
9.00
9.00
9.00
9.00
9.00
9.00
9.00
9.00
9.00
9.00
9.00
9.00
9.00
9.00
9.00
9.00
9.00
9.00
9.00
9.00
9.00
9.00
9.00
9.00
9.00
9.00
9.00
9.00
9.00
9.00
9.00
9.00
9.00
9.00
9.00
9.00
9.00
9.00
9.00
9.00
9.00
9.00
9.00
9.00
9.00
9.00
9.00
9.00
9.00
9.00
9.00
8.94
9.00
9.00
9.00
9.00
9.00
9.00
9.00
9.00
9.00
774.36
900.00
900.00
900.00
900.00
900.00
899.82
113.10
900.00
900.00
900.00
452.39
900.00
900.00
900.00
900.00
900.00
900.00
900.00
900.00
900.00
879.57
900.00
900.00
900.00
900.00
900.00
900.00
900.00
899.82
900.00
452.39
900.00
900.00
900.00
900.00
900.00
900.00
900.00
900.00
900.00
900.00
900.00
900.00
900.00
706.86
900.00
900.00
900.00
900.00
900.00
900.00
900.00
900.00
900.00
900.00
900.00
900.00
900.00
900.00
900.00
900.00
900.00
900.00
900.00
900.00
774.36
900.00
900.00
900.00
900.00
900.00
900.00
900.00
900.00
900.00
900.00
900.00
900.00
900.00
900.00
900.00
530.93
900.00
900.00
900.00
900.00
900.00
615.75
900.00
900.00
380.13
900.00
900.00
900.00
3.14
900.00
893.99
900.00
900.00
2916.00
2915.86
2916.00
1256.64
28.27
153.94
2916.00
2916.00
2916.00
530.93
2916.00
254.47
2916.00
12.57
706.86
2916.00
804.25
2916.00
2916.00
804.25
2910.33
2910.33
2423.31
2916.00
28.27
2916.00
2916.00
2916.00
2916.00
2874.13
2689.69
1661.90
2916.00
2916.00
2751.30
2916.00
2916.00
2616.02
2842.80
12.57
2423.31
2916.00
452.39
2916.00
3.14
2916.00
2916.00
2916.00
2916.00
2916.00
1809.56
2916.00
2916.00
2916.00
3.14
2916.00
2916.00
2916.00
2916.00
201.06
2916.00
2916.00
2916.00
2916.00
2916.00
706.86
2916.00
2916.00
2916.00
2916.00
2916.00
2916.00
2916.00
2910.33
254.47
2916.00
2916.00
2916.00
2916.00
2916.00
314.16
2916.00
2916.00
2916.00
615.75
1385.44
2916.00
2802.06
2916.00
2916.00
2916.00
2916.00
2689.69
2802.06
2916.00
2916.00
2916.00
452.39
2916.00
2916.00
1963.50
7225.00
113.10
50.27
7225.00
3631.68
7013.02
7225.00
7225.00
530.93
2642.08
6783.52
7225.00
3631.68
7225.00
7225.00
7225.00
7224.96
7225.00
1520.53
3.14
6163.40
3631.68
7225.00
6453.32
7225.00
12.57
7225.00
7225.00
530.93
7225.00
7225.00
7225.00
3216.99
5990.68
2642.08
1256.64
7225.00
7225.00
5990.68
7225.00
3019.07
1017.88
7225.00
7225.00
2463.01
3421.19
7225.00
7225.00
7225.00
4300.84
201.06
7225.00
7117.32
7225.00
7225.00
3421.19
7225.00
1017.88
7185.73
7225.00
254.47
530.93
706.86
7225.00
2123.72
7225.00
7225.00
3848.45
153.94
7225.00
1017.88
380.13
4778.36
2642.08
7225.00
1661.90
7225.00
7013.02
706.86
380.13
7225.00
7225.00
7225.00
1661.90
7225.00
7225.00
7225.00
28.27
7225.00
6453.32
2123.72
907.92
78.54
1134.11
1661.90
1256.64
3421.19
6783.52
615.75
121.00
121.00
121.00
121.00
121.00
121.00
121.00
121.00
121.00
121.00
121.00
121.00
12.57
121.00
121.00
121.00
121.00
121.00
121.00
121.00
121.00
121.00
121.00
121.00
121.00
121.00
121.00
78.54
121.00
121.00
121.00
121.00
121.00
121.00
121.00
121.00
121.00
121.00
121.00
121.00
121.00
121.00
121.00
121.00
121.00
121.00
121.00
121.00
121.00
121.00
121.00
121.00
121.00
121.00
121.00
121.00
121.00
121.00
121.00
121.00
121.00
121.00
121.00
121.00
121.00
121.00
121.00
121.00
121.00
121.00
121.00
121.00
121.00
121.00
121.00
121.00
121.00
121.00
121.00
121.00
121.00
121.00
121.00
121.00
121.00
121.00
121.00
121.00
118.48
121.00
121.00
121.00
121.00
121.00
121.00
121.00
121.00
121.00
121.00
3.14
8464.00
6361.73
8115.76
8311.95
3216.99
8464.00
8464.00
4778.36
8464.00
8464.00
8464.00
1134.11
8446.94
1809.56
7709.49
7709.49
8463.99
8115.76
8464.00
113.10
8464.00
2290.22
8464.00
8464.00
8464.00
530.93
4536.46
1661.90
2827.43
8464.00
7934.99
7432.47
8464.00
1134.11
8464.00
8464.00
2827.43
3631.68
113.10
1809.56
8464.00
28.27
5281.02
8464.00
8463.99
5026.55
8464.00
6361.73
78.54
8463.99
4071.50
530.93
8464.00
8311.95
2463.01
7271.15
8464.00
8464.00
7271.15
8358.77
706.86
254.47
8464.00
2123.72
8464.00
8464.00
3631.68
8464.00
8464.00
3019.07
3019.07
1134.11
5541.77
8464.00
2290.22
6082.12
8459.53
6647.61
8464.00
8463.99
8464.00
1385.44
8464.00
530.93
8464.00
8464.00
8190.75
8396.73
907.92
5026.55
7271.15
2463.01
8463.99
4778.36
8464.00
78.54
6082.12
8464.00
8464.00
5808.80
196.00
196.00
196.00
196.00
196.00
196.00
196.00
196.00
196.00
196.00
196.00
196.00
196.00
196.00
196.00
196.00
196.00
196.00
196.00
196.00
196.00
196.00
196.00
196.00
196.00
196.00
50.27
196.00
196.00
196.00
196.00
196.00
196.00
196.00
196.00
196.00
196.00
196.00
196.00
78.54
196.00
153.94
196.00
196.00
196.00
196.00
196.00
196.00
196.00
196.00
196.00
196.00
196.00
196.00
196.00
196.00
196.00
196.00
196.00
196.00
196.00
196.00
196.00
196.00
196.00
196.00
196.00
196.00
196.00
196.00
196.00
196.00
196.00
196.00
196.00
50.27
196.00
196.00
78.54
196.00
196.00
196.00
196.00
196.00
196.00
196.00
78.54
196.00
196.00
196.00
196.00
180.13
196.00
196.00
196.00
196.00
196.00
196.00
196.00
196.00
1599.68
1600.00
1600.00
1600.00
1600.00
1600.00
1600.00
706.86
1600.00
1600.00
1600.00
1600.00
1600.00
1600.00
1600.00
1600.00
1554.74
1600.00
1600.00
1600.00
1600.00
1600.00
1600.00
1600.00
1600.00
1600.00
1600.00
1600.00
1599.68
1600.00
1600.00
1600.00
1600.00
314.16
1600.00
1600.00
1600.00
1600.00
706.86
1134.11
1600.00
1600.00
1600.00
1600.00
1600.00
1600.00
1600.00
1600.00
1600.00
1600.00
1600.00
1600.00
1600.00
1600.00
1600.00
1600.00
1600.00
1600.00
1600.00
1600.00
380.13
1600.00
706.86
1600.00
3.14
1600.00
452.39
1600.00
452.39
1600.00
1600.00
1600.00
1600.00
1600.00
804.25
113.10
78.54
1600.00
1600.00
1600.00
1600.00
314.16
1600.00
1599.68
1134.11
1600.00
1600.00
1600.00
1521.46
1600.00
1600.00
1600.00
1600.00
1351.13
1600.00
1600.00
1600.00
380.13
1600.00
78.54
3249.00
3249.00
3249.00
3249.00
530.93
28.27
1017.88
3249.00
3249.00
3249.00
3249.00
1963.50
3249.00
3249.00
1963.50
3249.00
3249.00
3249.00
3249.00
3129.94
3249.00
3249.00
3249.00
3249.00
3249.00
3249.00
3249.00
3078.37
3129.94
3171.60
12.57
530.93
3249.00
254.47
706.86
3249.00
3249.00
3249.00
452.39
12.57
3249.00
2123.72
1134.11
3242.11
3249.00
78.54
3249.00
2942.24
113.10
3249.00
3249.00
530.93
3249.00
3249.00
3249.00
3249.00
452.39
3249.00
706.86
3.14
3249.00
3249.00
3249.00
2463.01
3249.00
3249.00
706.86
2942.24
3171.60
3249.00
314.16
3249.00
706.86
3249.00
2290.22
3248.63
1963.50
3249.00
3249.00
3078.37
3078.37
3249.00
3249.00
3.14
3249.00
50.27
3249.00
530.93
3249.00
3249.00
3249.00
3249.00
3249.00
1017.88
3249.00
1134.11
50.27
3129.94
3249.00
2627.76
361.00
305.79
335.13
361.00
361.00
361.00
361.00
335.13
361.00
361.00
361.00
361.00
361.00
361.00
361.00
361.00
361.00
201.06
361.00
361.00
28.27
361.00
361.00
361.00
361.00
361.00
335.13
361.00
361.00
360.23
361.00
361.00
361.00
361.00
361.00
361.00
361.00
361.00
361.00
361.00
361.00
361.00
361.00
361.00
361.00
361.00
3.14
361.00
361.00
361.00
361.00
361.00
361.00
3.14
361.00
361.00
361.00
361.00
361.00
361.00
254.47
361.00
361.00
361.00
361.00
361.00
361.00
361.00
361.00
361.00
3.14
361.00
361.00
361.00
361.00
361.00
361.00
361.00
361.00
361.00
361.00
361.00
361.00
361.00
361.00
78.54
361.00
361.00
361.00
361.00
361.00
361.00
361.00
361.00
361.00
361.00
361.00
361.00
361.00
361.00
529.00
529.00
529.00
529.00
529.00
529.00
50.27
529.00
529.00
113.10
529.00
153.94
529.00
529.00
529.00
529.00
529.00
529.00
529.00
529.00
529.00
529.00
529.00
529.00
78.54
529.00
529.00
529.00
529.00
529.00
529.00
529.00
529.00
528.72
529.00
529.00
481.84
529.00
314.16
529.00
529.00
529.00
481.84
529.00
529.00
529.00
529.00
529.00
529.00
529.00
113.10
529.00
529.00
529.00
529.00
529.00
529.00
529.00
529.00
529.00
529.00
529.00
529.00
529.00
529.00
529.00
529.00
529.00
529.00
201.06
529.00
529.00
529.00
529.00
529.00
529.00
529.00
529.00
529.00
529.00
529.00
529.00
529.00
529.00
529.00
443.21
529.00
529.00
529.00
12.57
529.00
529.00
529.00
529.00
529.00
153.94
529.00
529.00
529.00
529.00
144.00
144.00
144.00
144.00
144.00
144.00
134.42
144.00
144.00
144.00
144.00
144.00
144.00
144.00
144.00
144.00
144.00
144.00
144.00
144.00
28.27
144.00
144.00
28.27
144.00
144.00
144.00
144.00
144.00
144.00
144.00
144.00
144.00
144.00
144.00
144.00
144.00
144.00
144.00
144.00
144.00
144.00
144.00
144.00
144.00
144.00
144.00
144.00
144.00
50.27
50.27
144.00
144.00
144.00
144.00
144.00
144.00
144.00
144.00
144.00
144.00
144.00
144.00
28.27
144.00
144.00
144.00
144.00
144.00
144.00
144.00
144.00
3.14
78.54
144.00
144.00
144.00
144.00
144.00
144.00
144.00
144.00
144.00
144.00
144.00
50.27
144.00
144.00
144.00
144.00
144.00
134.42
144.00
144.00
144.00
144.00
144.00
144.00
144.00
144.00
804.25
113.10
380.13
3600.00
3600.00
3600.00
3600.00
3600.00
3600.00
254.47
2977.28
3600.00
3600.00
113.10
2827.43
3600.00
3600.00
3600.00
314.16
3600.00
3600.00
3.14
3600.00
3600.00
3600.00
3600.00
12.57
3600.00
28.27
3600.00
3518.27
3600.00
3600.00
3591.76
3600.00
3600.00
907.92
3600.00
3600.00
3600.00
3600.00
153.94
3600.00
2463.01
201.06
3600.00
3600.00
3600.00
3600.00
3600.00
3600.00
3600.00
1385.44
3600.00
3600.00
3600.00
3600.00
3600.00
113.10
907.92
3600.00
3600.00
3600.00
3.14
3600.00
3600.00
3600.00
201.06
3600.00
3600.00
3600.00
3286.12
3600.00
254.47
3600.00
3600.00
3600.00
2290.22
3600.00
3600.00
314.16
3097.45
3600.00
3600.00
1134.11
3600.00
3600.00
3600.00
3600.00
3600.00
3600.00
3600.00
3286.12
3600.00
380.13
314.16
3600.00
3599.27
3600.00
3600.00
5625.00
113.10
5348.88
5519.81
5625.00
5625.00
4839.76
5625.00
5625.00
5183.23
5625.00
78.54
5625.00
5625.00
5625.00
3216.99
5625.00
5625.00
615.75
5625.00
5415.64
5625.00
5625.00
5625.00
4692.33
1809.56
5558.03
5625.00
2463.01
5625.00
5625.00
5625.00
5620.70
5082.73
5625.00
5625.00
2642.08
4300.84
5625.00
3848.45
5625.00
5625.00
4968.86
5625.00
2642.08
4520.05
5625.00
5587.42
4968.86
5625.00
452.39
5625.00
1017.88
5625.00
5625.00
5625.00
113.10
5558.03
4071.50
4968.86
4692.33
2463.01
5625.00
5415.64
5625.00
615.75
12.57
5625.00
2827.43
5625.00
1520.53
153.94
5625.00
4692.33
4300.84
5472.47
5625.00
5625.00
5625.00
5625.00
5625.00
706.86
5620.70
4839.76
3421.19
5625.00
4692.33
314.16
2827.43
5625.00
314.16
5625.00
5519.81
5625.00
5625.00
5625.00
254.47
1809.56
5415.64
5625.00
3019.07
3.14
9604.00
452.39
9604.00
9488.48
5026.55
9528.45
2123.72
9597.23
9604.00
9604.00
9582.66
9604.00
9604.00
9439.68
9603.65
4071.50
5281.02
12.57
5541.77
50.27
12.57
7238.23
9604.00
9604.00
8214.71
452.39
9604.00
9604.00
5808.80
9604.00
9381.83
8214.71
9381.83
9604.00
9604.00
9604.00
9604.00
12.57
9604.00
9604.00
9604.00
9604.00
3.14
201.06
9604.00
9604.00
9604.00
9582.66
6361.73
3019.07
12.57
5541.77
4778.36
2463.01
9381.83
9604.00
2642.08
153.94
9237.88
9604.00
9604.00
6939.78
2463.01
78.54
4536.46
9604.00
9604.00
530.93
380.13
1385.44
615.75
9604.00
314.16
9237.88
78.54
9604.00
9604.00
4536.46
615.75
9604.00
9604.00
1134.11
9604.00
9528.45
9604.00
9604.00
9237.88
2642.08
9604.00
9604.00
254.47
9604.00
9604.00
12.57
1520.53
2642.08
113.10
5541.77
3631.68
78.54
1017.88
10000.00
5808.80
10000.00
8722.44
4300.84
113.10
12.57
10000.00
2827.43
3.14
28.27
8886.53
10000.00
9172.05
9813.00
907.92
907.92
8117.58
10000.00
10000.00
907.92
9751.43
2642.08
10000.00
9035.96
1017.88
2642.08
10000.00
12.57
10000.00
1017.88
8341.92
3631.68
10000.00
254.47
10000.00
1017.88
254.47
452.39
50.27
10000.00
8886.53
5026.55
2827.43
2827.43
5541.77
201.06
3421.19
3019.07
5808.80
10000.00
1963.50
3216.99
9997.97
8341.92
3.14
8117.58
10000.00
9172.05
10000.00
10000.00
10000.00
5808.80
9997.97
1134.11
1963.50
10000.00
10000.00
10000.00
10000.00
5026.55
5808.80
9909.00
10000.00
9751.43
9997.97
3421.19
3421.19
380.13
6939.78
10000.00
706.86
3.14
1385.44
706.86
10000.00
1520.53
4536.46
12.57
2123.72
9295.79
5808.80
10000.00
10000.00
7238.23
5281.02
10000.00
9151.13
9604.00
9151.13
5808.80
6939.78
9237.88
7542.96
9597.23
314.16
50.27
5026.55
1385.44
1963.50
4300.84
2827.43
9604.00
2642.08
9604.00
2642.08
1809.56
2642.08
3421.19
6647.61
6939.78
9054.01
8019.83
1017.88
9604.00
201.06
1809.56
3019.07
9604.00
8946.01
5541.77
8019.83
4778.36
6082.12
1017.88
380.13
2642.08
153.94
4300.84
314.16
9604.00
9604.00
9604.00
380.13
9604.00
1963.50
9439.68
380.13
254.47
9604.00
8019.83
9597.23
9604.00
2827.43
9604.00
3421.19
7800.81
9054.01
9604.00
4300.84
9604.00
2642.08
9604.00
1809.56
12.57
7542.96
28.27
9604.00
3019.07
615.75
9604.00
9597.23
9604.00
9604.00
9597.23
9604.00
28.27
9604.00
2290.22
12.57
8390.46
8826.53
50.27
9604.00
3.14
9604.00
9151.13
380.13
3631.68
2827.43
9604.00
113.10
6361.73
9604.00
9314.66
8826.53
9604.00
676.00
676.00
676.00
676.00
676.00
668.11
676.00
254.47
530.93
530.93
676.00
676.00
676.00
676.00
676.00
676.00
676.00
676.00
676.00
314.16
676.00
676.00
676.00
452.39
676.00
676.00
676.00
380.13
676.00
676.00
78.54
50.27
676.00
676.00
676.00
676.00
676.00
676.00
676.00
676.00
676.00
676.00
676.00
676.00
676.00
676.00
676.00
676.00
676.00
676.00
676.00
676.00
676.00
201.06
676.00
676.00
676.00
676.00
676.00
676.00
676.00
676.00
676.00
676.00
587.84
676.00
676.00
587.84
676.00
3.14
676.00
676.00
676.00
676.00
676.00
676.00
676.00
676.00
676.00
676.00
676.00
254.47
676.00
676.00
676.00
676.00
676.00
676.00
625.91
676.00
452.39
530.93
668.11
676.00
676.00
380.13
676.00
676.00
676.00
676.00
289.00
246.54
289.00
289.00
289.00
289.00
289.00
289.00
289.00
12.57
289.00
289.00
289.00
289.00
289.00
289.00
289.00
289.00
289.00
289.00
289.00
289.00
289.00
289.00
289.00
289.00
289.00
289.00
28.27
289.00
289.00
289.00
289.00
289.00
289.00
289.00
289.00
289.00
289.00
289.00
289.00
289.00
289.00
289.00
289.00
289.00
289.00
289.00
289.00
289.00
289.00
289.00
289.00
289.00
289.00
289.00
289.00
289.00
289.00
289.00
289.00
289.00
289.00
289.00
289.00
289.00
246.54
289.00
289.00
289.00
289.00
289.00
289.00
50.27
289.00
289.00
289.00
289.00
289.00
289.00
289.00
289.00
289.00
289.00
289.00
289.00
289.00
289.00
289.00
271.34
289.00
289.00
289.00
289.00
289.00
289.00
289.00
289.00
289.00
289.00
8100.00
8011.49
6794.46
113.10
3421.19
7702.38
6596.62
452.39
5808.80
12.57
8100.00
1134.11
1134.11
8045.89
8100.00
6969.26
8011.49
113.10
8100.00
8089.15
2642.08
907.92
1963.50
78.54
8100.00
8100.00
2642.08
8100.00
50.27
8100.00
7854.62
8100.00
8100.00
5808.80
8100.00
8100.00
6361.73
8100.00
1017.88
8100.00
8100.00
706.86
8071.71
7508.15
3.14
8100.00
8100.00
452.39
1385.44
8100.00
8100.00
8011.49
1134.11
8045.89
4778.36
2290.22
8100.00
6361.73
8100.00
8100.00
8100.00
6082.12
8100.00
8100.00
530.93
8100.00
8100.00
8100.00
3421.19
8100.00
8100.00
8100.00
3216.99
254.47
2290.22
8100.00
8100.00
8100.00
8011.49
615.75
8100.00
4778.36
3019.07
8100.00
6969.26
3216.99
2123.72
8100.00
3848.45
8100.00
7508.15
530.93
3848.45
7702.38
4300.84
8100.00
8100.00
2642.08
3216.99
8100.00
2209.00
2038.65
2209.00
2209.00
2209.00
2209.00
2209.00
2209.00
201.06
2209.00
452.39
2209.00
2209.00
1017.88
2209.00
113.10
2209.00
804.25
254.47
907.92
28.27
2209.00
907.92
2209.00
2209.00
2209.00
1796.53
452.39
2209.00
2209.00
153.94
2091.34
1973.91
2209.00
2209.00
2209.00
2209.00
2209.00
2209.00
2209.00
2209.00
2209.00
201.06
2209.00
1520.53
2209.00
50.27
2209.00
2209.00
2209.00
530.93
1520.53
2209.00
2209.00
2209.00
2209.00
1256.64
2209.00
2209.00
2209.00
78.54
1256.64
2038.65
2209.00
1385.44
2209.00
1017.88
2209.00
2209.00
2202.83
1661.90
1256.64
2209.00
2209.00
2209.00
2209.00
2209.00
1256.64
530.93
2209.00
2091.34
1520.53
2209.00
2209.00
2209.00
113.10
2209.00
2209.00
2209.00
615.75
1973.91
2209.00
2209.00
2209.00
78.54
314.16
2209.00
2209.00
2209.00
2209.00
380.13
6243.75
2827.43
5281.02
7008.86
615.75
7056.00
7056.00
7008.86
254.47
6243.75
7056.00
7056.00
5759.52
7056.00
6825.42
7056.00
4071.50
7056.00
7056.00
7056.00
6825.42
2290.22
254.47
7056.00
706.86
7056.00
452.39
1134.11
3631.68
7056.00
2642.08
2827.43
7056.00
7056.00
7056.00
7008.86
7056.00
7056.00
3.14
7055.37
4300.84
7056.00
6586.37
5026.55
7056.00
6484.79
7056.00
5026.55
2463.01
5941.58
1256.64
7056.00
7056.00
4071.50
7056.00
78.54
7056.00
907.92
2463.01
7055.37
254.47
7056.00
3421.19
6586.37
7056.00
1256.64
615.75
314.16
7056.00
4300.84
7056.00
7056.00
50.27
7056.00
4300.84
7056.00
7056.00
4778.36
7056.00
7056.00
7056.00
5026.55
7056.00
1963.50
7056.00
7056.00
6825.42
530.93
12.57
7056.00
153.94
2123.72
7056.00
4536.46
7056.00
28.27
7056.00
4536.46
7056.00
7225.00
1017.88
615.75
7225.00
6316.50
6163.40
7225.00
6783.52
7225.00
530.93
7225.00
1963.50
7225.00
7225.00
7225.00
5990.68
3216.99
153.94
7013.02
6946.67
7225.00
6163.40
7225.00
4071.50
7225.00
6163.40
3848.45
7225.00
6870.33
3.14
7225.00
7225.00
7225.00
201.06
7225.00
5281.02
7225.00
1256.64
7069.79
7225.00
7155.88
7207.07
7013.02
7225.00
1520.53
7225.00
7220.09
201.06
7225.00
1017.88
7225.00
7225.00
7225.00
2290.22
7225.00
1134.11
7225.00
3.14
7225.00
3216.99
6575.91
7225.00
5541.77
7225.00
3848.45
7225.00
7225.00
1520.53
7225.00
804.25
7225.00
3631.68
7225.00
4300.84
28.27
7225.00
6316.50
28.27
7225.00
4778.36
4300.84
907.92
7225.00
7225.00
28.27
7117.32
7225.00
7225.00
380.13
2642.08
5791.35
2827.43
2290.22
2827.43
7225.00
6870.33
7225.00
4300.84
7225.00
314.16
8836.00
8602.44
8602.44
1520.53
1809.56
8827.31
8836.00
8754.11
3631.68
8265.60
8754.11
7895.62
8836.00
8835.12
28.27
28.27
8836.00
1134.11
314.16
8836.00
7579.36
1017.88
8836.00
153.94
4778.36
8836.00
2123.72
8836.00
254.47
3019.07
50.27
4778.36
113.10
6939.78
8602.44
5808.80
8836.00
8836.00
8836.00
1256.64
201.06
12.57
804.25
8836.00
5808.80
8712.56
5026.55
3.14
1385.44
380.13
907.92
8836.00
8836.00
1134.11
1134.11
6082.12
6082.12
3631.68
8836.00
1385.44
50.27
6939.78
6082.12
78.54
3019.07
8836.00
153.94
907.92
8836.00
8533.34
1134.11
8836.00
8836.00
8154.58
8836.00
8836.00
4071.50
8827.31
5281.02
6082.12
50.27
1963.50
3.14
804.25
452.39
8454.45
1520.53
6647.61
8836.00
8827.31
314.16
8154.58
8836.00
8836.00
8836.00
8836.00
6361.73
8836.00
7579.36
907.92
3249.00
3249.00
50.27
3249.00
3249.00
254.47
3249.00
3249.00
907.92
1256.64
3249.00
3249.00
3249.00
3249.00
3249.00
907.92
3249.00
1256.64
3249.00
1661.90
3249.00
3249.00
78.54
3.14
3203.91
3249.00
3249.00
113.10
3249.00
3249.00
3249.00
1256.64
3249.00
3249.00
3249.00
3249.00
3249.00
3249.00
3242.11
28.27
50.27
3249.00
3249.00
3249.00
3249.00
3249.00
3249.00
1385.44
3249.00
706.86
254.47
1661.90
3249.00
12.57
3249.00
3249.00
3249.00
1017.88
3249.00
3249.00
3242.11
3249.00
3249.00
3249.00
3016.15
1017.88
201.06
3249.00
3249.00
3249.00
78.54
3249.00
2123.72
3249.00
3249.00
3249.00
3249.00
3249.00
3249.00
3203.91
452.39
3249.00
1017.88
3249.00
3249.00
2752.11
12.57
3249.00
2942.24
1385.44
615.75
3249.00
1661.90
3249.00
3249.00
3249.00
2463.01
50.27
3249.00
3249.00
6889.00
201.06
6889.00
6889.00
6889.00
6889.00
6889.00
78.54
615.75
201.06
3.14
6889.00
1134.11
6889.00
6889.00
6889.00
3421.19
6889.00
2290.22
4778.36
4536.46
6889.00
6889.00
6889.00
380.13
6889.00
4778.36
6877.46
1385.44
5524.52
6034.32
6889.00
2290.22
6889.00
5026.55
6889.00
6889.00
6889.00
6889.00
6889.00
6889.00
113.10
201.06
1661.90
452.39
6889.00
6889.00
6877.46
6889.00
615.75
3216.99
6889.00
6859.58
6889.00
5524.52
6889.00
6034.32
6889.00
6483.78
6887.09
1520.53
6889.00
6889.00
6889.00
6833.26
6889.00
907.92
12.57
6859.58
6889.00
6889.00
6889.00
6889.00
530.93
113.10
4071.50
5281.02
1256.64
6798.29
6390.06
4300.84
6889.00
6889.00
6889.00
6889.00
6889.00
1385.44
6887.09
1809.56
6798.29
6889.00
2123.72
6889.00
6833.26
6889.00
6889.00
4071.50
1963.50
6889.00
6889.00
9801.00
9801.00
9801.00
2123.72
9801.00
153.94
8933.13
9801.00
12.57
9801.00
3848.45
1963.50
8792.73
8933.13
1256.64
7542.96
9801.00
9281.08
9596.83
1134.11
3631.68
4071.50
7835.15
6939.78
9458.63
12.57
9801.00
3631.68
6647.61
9801.00
3216.99
9735.53
9801.00
1963.50
4071.50
9801.00
9801.00
2290.22
78.54
9651.96
1134.11
9801.00
9801.00
9801.00
9801.00
3.14
6361.73
9801.00
706.86
9801.00
9801.00
9281.08
314.16
9801.00
9801.00
5281.02
615.75
113.10
9801.00
1385.44
28.27
9764.36
153.94
3019.07
28.27
9801.00
9801.00
5541.77
1661.90
9801.00
6647.61
9801.00
9801.00
1385.44
9801.00
9801.00
2463.01
9801.00
9801.00
9801.00
9801.00
1017.88
4778.36
2463.01
9801.00
615.75
9801.00
9801.00
2290.22
706.86
2123.72
12.57
4536.46
1809.56
9801.00
2290.22
9801.00
4536.46
2123.72
314.16
3364.00
3080.94
1134.11
3364.00
3364.00
3326.68
3364.00
3364.00
3364.00
3364.00
3364.00
3364.00
3364.00
3364.00
3.14
380.13
804.25
3364.00
3364.00
50.27
3364.00
3150.97
12.57
3209.78
3364.00
3364.00
1385.44
3364.00
3364.00
50.27
3364.00
3364.00
3297.06
3258.26
3364.00
3080.94
28.27
113.10
3364.00
3364.00
3364.00
3364.00
3364.00
3297.06
28.27
3364.00
3364.00
3150.97
3364.00
452.39
3364.00
615.75
2290.22
3364.00
804.25
3364.00
3364.00
804.25
28.27
3364.00
28.27
3364.00
3.14
3364.00
1963.50
530.93
3364.00
804.25
153.94
3364.00
380.13
201.06
3364.00
3364.00
3364.00
201.06
2290.22
3364.00
3364.00
530.93
1385.44
615.75
3364.00
3364.00
3364.00
201.06
3364.00
1017.88
2901.45
3364.00
3364.00
2998.43
3364.00
3326.68
3364.00
615.75
3364.00
2786.33
706.86
3364.00
12.57
5776.00
5776.00
5776.00
2642.08
5763.75
3848.45
5776.00
153.94
804.25
5032.84
5776.00
5776.00
5776.00
5776.00
4300.84
4071.50
5776.00
5520.77
3848.45
5156.36
2123.72
5776.00
1809.56
4300.84
706.86
5776.00
1963.50
5776.00
5776.00
5745.41
5776.00
5776.00
5446.84
5776.00
5776.00
5776.00
3216.99
5776.00
3421.19
452.39
5584.46
153.94
804.25
5776.00
5718.56
1809.56
804.25
5776.00
4892.64
5776.00
5718.56
2123.72
5776.00
5776.00
254.47
2827.43
5776.00
5776.00
5776.00
201.06
254.47
3848.45
5776.00
78.54
2463.01
5776.00
5776.00
5682.99
5776.00
5776.00
452.39
5776.00
5776.00
5776.00
50.27
4071.50
5776.00
5776.00
5265.58
5776.00
5776.00
2290.22
706.86
5776.00
4071.50
530.93
5776.00
5763.75
2123.72
3631.68
5776.00
5776.00
1017.88
5584.46
5776.00
3.14
1661.90
2827.43
78.54
153.94
1809.56
3136.00
3136.00
3136.00
3136.00
3136.00
153.94
2947.93
2463.01
706.86
3136.00
3136.00
1520.53
615.75
530.93
3136.00
3136.00
3047.30
3136.00
3136.00
3136.00
3136.00
12.57
3136.00
1661.90
3136.00
3136.00
3136.00
113.10
3136.00
3002.70
3136.00
3136.00
3136.00
3136.00
3136.00
3136.00
3136.00
3136.00
3082.35
3136.00
3136.00
3136.00
3136.00
3136.00
2290.22
254.47
3136.00
3136.00
615.75
3136.00
3136.00
3136.00
1385.44
3136.00
1017.88
3136.00
3136.00
706.86
530.93
3134.56
3136.00
314.16
3136.00
3047.30
254.47
530.93
3125.64
3136.00
3136.00
3136.00
78.54
3136.00
3136.00
113.10
3136.00
3136.00
3136.00
3136.00
201.06
50.27
452.39
3136.00
3082.35
3136.00
3136.00
3136.00
3136.00
2804.06
2947.93
3125.64
3136.00
1256.64
1385.44
3134.56
3136.00
3136.00
1520.53
3136.00
4300.84
254.47
7225.00
1809.56
7225.00
7207.07
7225.00
12.57
5026.55
7225.00
4300.84
6316.50
7225.00
6316.50
6685.64
78.54
4300.84
3631.68
7225.00
7225.00
7225.00
4536.46
7225.00
7225.00
6783.52
7225.00
7225.00
907.92
1017.88
7207.07
3019.07
7225.00
2290.22
4300.84
6575.91
1256.64
7225.00
6685.64
7225.00
3848.45
254.47
380.13
2827.43
5791.35
7155.88
7225.00
6870.33
7225.00
7225.00
2642.08
4778.36
7225.00
6575.91
7225.00
804.25
1134.11
7225.00
6316.50
3216.99
7225.00
804.25
7207.07
7225.00
3421.19
3216.99
7225.00
7225.00
254.47
452.39
7069.79
7155.88
7225.00
7225.00
2827.43
7225.00
4536.46
7225.00
7225.00
7117.32
7225.00
3631.68
7225.00
7225.00
1661.90
7225.00
7225.00
5281.02
7117.32
7225.00
7225.00
7225.00
3019.07
7225.00
7225.00
7225.00
3.14
7225.00
7225.00
50.27
530.93
4225.00
3.14
4225.00
153.94
4225.00
4225.00
706.86
1017.88
28.27
4225.00
4225.00
1963.50
4225.00
314.16
4225.00
380.13
615.75
78.54
4225.00
4225.00
4225.00
28.27
1134.11
4225.00
4225.00
1256.64
4225.00
2123.72
4225.00
4225.00
4225.00
4225.00
1520.53
4225.00
4225.00
4225.00
804.25
2463.01
4225.00
4225.00
4225.00
4225.00
4074.79
4225.00
4225.00
4225.00
2463.01
4225.00
4225.00
4225.00
4225.00
4225.00
1385.44
452.39
4225.00
4225.00
113.10
50.27
4225.00
12.57
4225.00
4225.00
4225.00
1520.53
4225.00
804.25
4225.00
4225.00
4225.00
4225.00
4225.00
4225.00
4225.00
4225.00
314.16
2290.22
4225.00
1661.90
3216.99
4225.00
4225.00
4225.00
4225.00
4225.00
3551.42
530.93
2463.01
50.27
4225.00
4225.00
615.75
3.14
4225.00
1134.11
4225.00
2290.22
4225.00
452.39
3673.97
380.13
2916.00
2916.00
2916.00
2874.13
2916.00
2916.00
28.27
2916.00
2916.00
2916.00
2916.00
2916.00
2528.39
2916.00
2916.00
2915.86
2916.00
2916.00
452.39
2423.31
2916.00
2290.22
2916.00
907.92
1385.44
2916.00
1134.11
2802.06
2916.00
50.27
2916.00
2802.06
2916.00
1809.56
380.13
2916.00
2915.86
2916.00
2689.69
530.93
380.13
2802.06
2916.00
2916.00
2916.00
2896.52
2916.00
2916.00
2916.00
380.13
2916.00
2916.00
2916.00
254.47
2916.00
201.06
2916.00
2916.00
2916.00
2916.00
2916.00
380.13
2916.00
2916.00
2916.00
2916.00
2916.00
2916.00
2916.00
1809.56
2916.00
2123.72
1809.56
2916.00
2916.00
1809.56
2916.00
2916.00
2123.72
2916.00
2916.00
2916.00
2916.00
2751.30
2916.00
2916.00
2916.00
2916.00
254.47
2916.00
2916.00
2916.00
2916.00
2802.06
1017.88
201.06
201.06
2916.00
2916.00
2916.00
3844.00
3844.00
804.25
3844.00
1256.64
3841.15
3844.00
3844.00
3576.21
3844.00
1661.90
50.27
706.86
1520.53
2463.01
3844.00
3844.00
113.10
3844.00
3844.00
3844.00
3699.56
3844.00
3844.00
3844.00
804.25
153.94
3844.00
3844.00
3844.00
3844.00
3782.96
3844.00
3844.00
3844.00
3844.00
3844.00
3497.66
3810.94
3844.00
1134.11
3406.20
3844.00
3844.00
3841.15
3844.00
3844.00
1520.53
2827.43
3844.00
3844.00
3844.00
2290.22
254.47
3844.00
3844.00
3844.00
254.47
3844.00
3844.00
2827.43
2827.43
3844.00
3844.00
3844.00
3844.00
3019.07
3844.00
3844.00
3844.00
1385.44
50.27
3643.21
2290.22
3699.56
2642.08
3841.15
254.47
3844.00
804.25
3497.66
380.13
3019.07
28.27
3844.00
3844.00
3844.00
706.86
3844.00
3844.00
3844.00
615.75
3844.00
1963.50
1809.56
12.57
1256.64
3844.00
3844.00
3299.76
3.14
289.00
12.57
289.00
289.00
289.00
289.00
289.00
289.00
289.00
289.00
289.00
289.00
289.00
289.00
3.14
289.00
289.00
289.00
50.27
289.00
289.00
289.00
289.00
289.00
289.00
78.54
289.00
289.00
289.00
289.00
289.00
289.00
113.10
289.00
289.00
3.14
289.00
289.00
289.00
289.00
289.00
289.00
289.00
12.57
113.10
289.00
289.00
289.00
289.00
289.00
289.00
289.00
3.14
113.10
284.69
289.00
289.00
289.00
271.34
289.00
289.00
289.00
289.00
289.00
289.00
289.00
289.00
289.00
289.00
289.00
289.00
289.00
289.00
271.34
289.00
289.00
289.00
289.00
289.00
289.00
28.27
289.00
289.00
289.00
289.00
289.00
289.00
289.00
289.00
289.00
289.00
289.00
289.00
289.00
289.00
289.00
289.00
289.00
289.00
2025.00
2025.00
2025.00
28.27
2025.00
706.86
1992.08
2025.00
2025.00
2025.00
2025.00
2025.00
2025.00
2025.00
2025.00
2025.00
2025.00
2025.00
2025.00
12.57
2025.00
2025.00
1992.08
1925.60
2025.00
2025.00
2025.00
2025.00
2025.00
50.27
2025.00
2025.00
2025.00
2025.00
2025.00
1816.68
2025.00
2025.00
2025.00
2025.00
2025.00
2025.00
1134.11
2025.00
2025.00
2025.00
2025.00
2025.00
2025.00
314.16
615.75
1649.16
2025.00
2025.00
2022.29
2025.00
2025.00
2025.00
2025.00
2025.00
2025.00
2025.00
2025.00
2025.00
615.75
2025.00
2025.00
2025.00
2025.00
2025.00
2025.00
28.27
2025.00
2025.00
2025.00
2025.00
50.27
2025.00
2025.00
2025.00
2025.00
314.16
2025.00
2025.00
1877.04
2025.00
2025.00
706.86
2025.00
2025.00
2025.00
2025.00
2025.00
28.27
2022.29
2025.00
1877.04
314.16
2025.00
2025.00
36.00
36.00
36.00
36.00
36.00
36.00
36.00
36.00
36.00
36.00
36.00
36.00
36.00
36.00
36.00
36.00
36.00
36.00
36.00
35.76
36.00
36.00
36.00
36.00
36.00
36.00
36.00
36.00
36.00
36.00
36.00
36.00
36.00
36.00
36.00
36.00
36.00
36.00
36.00
36.00
36.00
36.00
36.00
36.00
36.00
36.00
36.00
36.00
36.00
36.00
36.00
36.00
36.00
36.00
36.00
36.00
36.00
36.00
36.00
36.00
36.00
36.00
36.00
36.00
36.00
36.00
36.00
36.00
36.00
36.00
36.00
36.00
36.00
36.00
36.00
36.00
36.00
36.00
36.00
36.00
36.00
36.00
36.00
36.00
36.00
36.00
36.00
36.00
36.00
36.00
36.00
36.00
36.00
36.00
36.00
36.00
36.00
36.00
36.00
36.00
530.93
5929.00
5929.00
5805.49
5929.00
2290.22
5929.00
5929.00
153.94
5929.00
3019.07
4071.50
1017.88
2827.43
5929.00
5929.00
201.06
3421.19
1385.44
3216.99
1017.88
5929.00
3.14
5880.34
4071.50
530.93
4071.50
5091.87
5929.00
5929.00
113.10
5929.00
5929.00
452.39
254.47
1661.90
706.86
5929.00
5929.00
5929.00
5929.00
5929.00
2290.22
530.93
5929.00
5225.73
3.14
5920.54
5929.00
5920.54
5929.00
5929.00
2123.72
113.10
28.27
1809.56
5929.00
254.47
5929.00
1385.44
5929.00
2123.72
5929.00
452.39
5929.00
1134.11
2123.72
5929.00
5449.03
3.14
1963.50
2463.01
5929.00
5929.00
1385.44
5929.00
5541.66
5449.03
5929.00
201.06
5904.65
4300.84
5449.03
2827.43
5929.00
2463.01
380.13
2642.08
5622.98
5929.00
1017.88
5805.49
5929.00
153.94
28.27
5805.49
78.54
1809.56
5920.54
5929.00
2025.00
804.25
2025.00
907.92
50.27
706.86
1816.68
2025.00
2025.00
2025.00
2025.00
153.94
1520.53
2025.00
1963.66
2025.00
78.54
1742.32
153.94
2025.00
2025.00
2025.00
2025.00
2025.00
1649.16
2025.00
2025.00
2025.00
2025.00
2025.00
2025.00
2025.00
2025.00
452.39
2025.00
12.57
2025.00
2025.00
2011.47
2025.00
1520.53
2025.00
314.16
2025.00
2025.00
1992.08
2025.00
2025.00
1134.11
2025.00
2022.29
804.25
2025.00
2025.00
2025.00
2025.00
2025.00
28.27
615.75
2025.00
2025.00
3.14
2025.00
2025.00
2025.00
2025.00
2025.00
2025.00
2025.00
2025.00
2025.00
2025.00
2025.00
1992.08
2011.47
2025.00
1816.68
2025.00
2025.00
2025.00
2025.00
2025.00
2025.00
2025.00
2025.00
2025.00
2025.00
2025.00
2025.00
28.27
2025.00
153.94
1877.04
2025.00
201.06
2025.00
2025.00
2022.29
12.57
2025.00
1963.50
12.57
5041.00
5041.00
5041.00
5041.00
5040.83
5041.00
3421.19
5040.83
5041.00
153.94
5041.00
1256.64
1520.53
5041.00
78.54
5041.00
4998.94
5041.00
5041.00
4819.94
706.86
5041.00
907.92
1809.56
3.14
5041.00
3848.45
5041.00
2463.01
5041.00
5041.00
3.14
4217.07
3019.07
3216.99
5041.00
5041.00
2463.01
50.27
314.16
1520.53
3.14
4998.94
530.93
50.27
1809.56
3216.99
706.86
5041.00
4878.85
254.47
4967.97
5041.00
5041.00
50.27
2123.72
50.27
2123.72
5041.00
5041.00
5041.00
5040.83
5041.00
615.75
5041.00
5041.00
706.86
5041.00
5041.00
113.10
5041.00
4878.85
5041.00
907.92
1661.90
5041.00
4578.94
2290.22
5041.00
3019.07
4474.12
530.93
2290.22
50.27
5041.00
530.93
5041.00
5041.00
706.86
5041.00
113.10
5041.00
5041.00
5035.15
1134.11
5041.00
3.14
28.27
248.76
256.00
256.00
256.00
256.00
256.00
78.54
256.00
3.14
256.00
256.00
256.00
256.00
232.22
256.00
256.00
256.00
256.00
256.00
256.00
256.00
248.76
256.00
232.22
256.00
256.00
256.00
256.00
256.00
256.00
256.00
256.00
201.06
201.06
256.00
256.00
256.00
256.00
256.00
256.00
256.00
256.00
256.00
256.00
255.60
256.00
256.00
12.57
256.00
256.00
256.00
256.00
256.00
256.00
256.00
256.00
256.00
256.00
256.00
256.00
256.00
256.00
256.00
256.00
256.00
256.00
256.00
256.00
256.00
256.00
256.00
256.00
256.00
256.00
256.00
256.00
256.00
256.00
256.00
256.00
256.00
256.00
256.00
256.00
256.00
256.00
256.00
256.00
256.00
256.00
256.00
256.00
256.00
256.00
256.00
256.00
256.00
256.00
256.00
256.00
50.27
3844.00
3844.00
113.10
3844.00
3844.00
1963.50
3844.00
3844.00
3844.00
615.75
3844.00
3844.00
3844.00
3844.00
3844.00
3844.00
3844.00
3844.00
3844.00
3643.21
3844.00
3844.00
3844.00
2463.01
3844.00
3745.97
804.25
1385.44
3844.00
3844.00
3844.00
254.47
3.14
3844.00
3844.00
530.93
3844.00
3844.00
1520.53
3844.00
3844.00
3844.00
3844.00
3844.00
3844.00
3844.00
3844.00
1385.44
3844.00
3174.52
3643.21
452.39
3844.00
50.27
3844.00
3299.76
3844.00
3844.00
3844.00
50.27
12.57
3782.96
3844.00
3844.00
3844.00
3844.00
3844.00
2827.43
3844.00
3844.00
3844.00
3844.00
1520.53
3844.00
3844.00
3844.00
3844.00
3844.00
3844.00
3844.00
3844.00
113.10
1017.88
3844.00
3844.00
3844.00
3406.20
3844.00
1520.53
3844.00
3830.24
3844.00
28.27
3844.00
3844.00
201.06
201.06
3844.00
3844.00
2463.01
5225.73
1256.64
3631.68
5929.00
5929.00
1963.50
5929.00
5929.00
4071.50
5929.00
5929.00
530.93
5929.00
5929.00
2827.43
2290.22
5929.00
5929.00
5929.00
2123.72
3631.68
113.10
452.39
615.75
5929.00
2827.43
5929.00
5754.39
5928.20
3421.19
5754.39
1256.64
5929.00
78.54
314.16
5929.00
3631.68
5929.00
153.94
5929.00
5929.00
5929.00
5929.00
5929.00
5344.15
5929.00
4939.41
1256.64
314.16
452.39
5929.00
5920.54
5449.03
5929.00
5920.54
50.27
153.94
452.39
5929.00
5929.00
1256.64
5929.00
3631.68
5904.65
5929.00
1017.88
3019.07
5929.00
5929.00
1809.56
5225.73
12.57
5929.00
4939.41
5929.00
2463.01
5929.00
5929.00
3216.99
706.86
5754.39
5929.00
5929.00
5929.00
5091.87
5929.00
5929.00
5929.00
5344.15
5929.00
5929.00
5929.00
5929.00
5929.00
2827.43
5929.00
1134.11
2123.72
5929.00
196.00
196.00
196.00
196.00
196.00
196.00
196.00
196.00
196.00
196.00
196.00
3.14
196.00
196.00
196.00
196.00
196.00
196.00
196.00
196.00
196.00
196.00
196.00
153.94
196.00
196.00
196.00
196.00
196.00
153.94
196.00
196.00
78.54
196.00
196.00
196.00
196.00
196.00
196.00
196.00
196.00
196.00
196.00
196.00
196.00
196.00
196.00
196.00
196.00
196.00
196.00
196.00
196.00
196.00
196.00
196.00
196.00
196.00
196.00
196.00
196.00
196.00
196.00
196.00
196.00
196.00
196.00
196.00
196.00
196.00
78.54
153.94
196.00
196.00
196.00
196.00
196.00
113.10
196.00
196.00
28.27
196.00
196.00
196.00
113.10
50.27
196.00
196.00
196.00
196.00
196.00
196.00
196.00
196.00
196.00
196.00
196.00
196.00
196.00
196.00
9801.00
1520.53
9801.00
9374.95
9801.00
9801.00
9060.78
9735.53
9801.00
9458.63
254.47
452.39
9784.78
2827.43
9801.00
9801.00
78.54
9532.48
907.92
1963.50
9784.78
907.92
9374.95
9801.00
78.54
4778.36
9281.08
9784.78
9801.00
1134.11
9698.12
706.86
9735.53
3631.68
9801.00
380.13
5541.77
78.54
5808.80
9801.00
9801.00
9801.00
6939.78
254.47
1661.90
9801.00
9801.00
9801.00
6361.73
3631.68
3216.99
9784.78
5541.77
4071.50
9801.00
9801.00
8638.46
9801.00
4071.50
6361.73
615.75
9801.00
907.92
6082.12
7238.23
615.75
9801.00
9801.00
9801.00
9801.00
9374.95
380.13
9651.96
8072.77
530.93
314.16
9801.00
3631.68
9801.00
254.47
9801.00
1017.88
9735.53
1520.53
9764.36
9801.00
380.13
9801.00
9796.95
9281.08
8468.77
9801.00
2463.01
9801.00
2123.72
201.06
314.16
9281.08
4778.36
2290.22
2561.71
2627.04
201.06
2809.00
2809.00
2809.00
2483.62
2809.00
2809.00
2808.09
2390.28
2809.00
2681.06
452.39
2809.00
2809.00
2809.00
2809.00
2809.00
2809.00
2809.00
2809.00
2809.00
2809.00
530.93
113.10
2809.00
2809.00
2681.06
1385.44
2809.00
2809.00
2809.00
2809.00
2809.00
2809.00
2809.00
2809.00
1017.88
2809.00
2809.00
2809.00
2809.00
2809.00
2809.00
2809.00
113.10
2809.00
2809.00
2809.00
113.10
2809.00
2809.00
2809.00
2809.00
314.16
78.54
2809.00
380.13
907.92
1134.11
907.92
2809.00
615.75
2809.00
2809.00
2809.00
2809.00
804.25
2809.00
2681.06
2809.00
2809.00
2809.00
2809.00
2809.00
2809.00
2123.72
2809.00
2809.00
2809.00
2809.00
2809.00
2809.00
2809.00
2809.00
2276.40
2783.85
2809.00
2123.72
2809.00
113.10
3.14
2809.00
2808.09
2809.00
1661.90
2809.00
2809.00
2800.15
36.00
36.00
36.00
36.00
36.00
36.00
36.00
36.00
36.00
36.00
36.00
36.00
36.00
36.00
36.00
36.00
36.00
36.00
36.00
36.00
36.00
36.00
36.00
36.00
36.00
36.00
36.00
36.00
36.00
36.00
36.00
36.00
36.00
36.00
36.00
36.00
36.00
36.00
36.00
36.00
36.00
36.00
36.00
36.00
36.00
36.00
36.00
36.00
36.00
36.00
36.00
36.00
36.00
36.00
36.00
36.00
36.00
36.00
36.00
36.00
36.00
36.00
36.00
36.00
36.00
36.00
36.00
36.00
36.00
36.00
36.00
36.00
36.00
36.00
36.00
36.00
36.00
36.00
36.00
36.00
36.00
36.00
36.00
36.00
36.00
36.00
36.00
36.00
36.00
36.00
36.00
36.00
36.00
36.00
36.00
36.00
36.00
36.00
36.00
36.00
3969.00
1017.88
3969.00
3560.69
3786.04
3969.00
3786.04
3959.30
2827.43
3969.00
3942.49
3969.00
3969.00
1661.90
3969.00
3786.04
1385.44
3969.00
3969.00
3969.00
3969.00
3969.00
3969.00
3969.00
3969.00
3969.00
1256.64
3201.94
1134.11
3019.07
3969.00
380.13
3969.00
3969.00
3019.07
3969.00
1661.90
1385.44
1963.50
3969.00
3969.00
3969.00
3969.00
3969.00
3969.00
380.13
3969.00
3969.00
3969.00
3969.00
314.16
3969.00
12.57
3969.00
3969.00
3969.00
12.57
3969.00
1017.88
2642.08
2290.22
3969.00
2123.72
3969.00
3942.49
530.93
3969.00
3969.00
3560.69
3969.00
3969.00
3969.00
3969.00
3942.49
3969.00
2290.22
50.27
28.27
3969.00
78.54
3647.70
3019.07
3969.00
3969.00
1520.53
3969.00
3969.00
3969.00
3969.00
2290.22
3019.07
12.57
907.92
12.57
3969.00
3969.00
3969.00
3969.00
3969.00
380.13
3600.00
3518.27
3600.00
78.54
907.92
3600.00
2463.01
2463.01
3600.00
3600.00
3600.00
3600.00
201.06
3600.00
907.92
3551.56
3600.00
3600.00
3600.00
706.86
1256.64
3600.00
3600.00
3600.00
113.10
3600.00
2827.43
3599.27
1661.90
3600.00
3600.00
3600.00
3600.00
3600.00
1134.11
3599.27
3600.00
2463.01
3600.00
3600.00
2642.08
3600.00
3600.00
2977.28
3600.00
3600.00
12.57
452.39
3360.39
3600.00
3600.00
3097.45
3600.00
3600.00
2290.22
3600.00
3600.00
3286.12
3600.00
3600.00
3600.00
3551.56
3600.00
3600.00
1809.56
1017.88
3600.00
3600.00
3600.00
3600.00
153.94
28.27
2977.28
3600.00
3600.00
3600.00
3600.00
3600.00
706.86
3600.00
3600.00
3600.00
3599.27
3600.00
153.94
153.94
2977.28
3423.28
3600.00
3600.00
804.25
3600.00
3600.00
3600.00
3600.00
3600.00
3600.00
3600.00
1661.90
3600.00
2916.00
254.47
1520.53
2916.00
2916.00
907.92
2916.00
2916.00
2916.00
2916.00
78.54
2916.00
2916.00
2916.00
2916.00
2916.00
2916.00
1256.64
2916.00
1520.53
2916.00
804.25
2916.00
2916.00
2916.00
2916.00
2916.00
2916.00
380.13
2916.00
2916.00
2916.00
254.47
201.06
804.25
2916.00
2916.00
907.92
1661.90
2916.00
2916.00
2916.00
2916.00
2916.00
2916.00
2916.00
2916.00
2916.00
2689.69
380.13
2689.69
2916.00
2916.00
2916.00
1963.50
2916.00
907.92
2423.31
2916.00
2689.69
153.94
804.25
2916.00
2916.00
2916.00
2916.00
2916.00
2751.30
1256.64
2916.00
2916.00
2916.00
2916.00
2916.00
2916.00
2916.00
2916.00
153.94
2916.00
2916.00
113.10
2910.33
2751.30
1017.88
28.27
2916.00
2916.00
2916.00
2916.00
2616.02
2916.00
2916.00
452.39
2916.00
1256.64
2916.00
2916.00
1017.88
907.92
2916.00
4761.00
4761.00
4761.00
4761.00
1661.90
3.14
4565.11
4761.00
1661.90
4761.00
4761.00
4236.26
4761.00
113.10
2827.43
804.25
4761.00
4236.26
4761.00
4761.00
2642.08
1520.53
1256.64
3832.71
1256.64
4761.00
4761.00
2642.08
78.54
4761.00
4761.00
113.10
1017.88
4761.00
4761.00
4761.00
4761.00
2123.72
78.54
4761.00
4665.56
4761.00
4761.00
4499.99
4761.00
4761.00
4729.19
314.16
4761.00
4761.00
4761.00
1256.64
4761.00
4761.00
3019.07
153.94
3216.99
4761.00
3216.99
4761.00
4761.00
907.92
4761.00
1256.64
4761.00
3421.19
4729.19
4761.00
4761.00
4761.00
4729.19
4761.00
4665.56
4121.34
4424.10
4761.00
3216.99
4761.00
907.92
4761.00
4761.00
4761.00
113.10
4761.00
4336.59
4761.00
4761.00
4761.00
4761.00
4761.00
4761.00
12.57
4761.00
4761.00
4761.00
4761.00
4761.00
4761.00
615.75
4758.49
2916.00
2916.00
2916.00
2916.00
2916.00
1256.64
2916.00
2916.00
2916.00
1661.90
2916.00
2916.00
2916.00
153.94
2916.00
78.54
2916.00
2916.00
2916.00
2916.00
2916.00
2916.00
2916.00
530.93
2802.06
2916.00
2916.00
2916.00
1520.53
28.27
2423.31
2916.00
2915.86
2916.00
1017.88
1963.50
2842.80
2916.00
2916.00
2916.00
50.27
2916.00
2916.00
2916.00
1134.11
2916.00
50.27
1963.50
2916.00
530.93
2916.00
1256.64
2916.00
1520.53
2916.00
2916.00
2916.00
2916.00
2916.00
2916.00
2916.00
2916.00
530.93
2916.00
1520.53
1963.50
3.14
2916.00
2916.00
1017.88
2916.00
2916.00
2916.00
380.13
2916.00
2916.00
2916.00
2689.69
50.27
2916.00
113.10
2916.00
2916.00
2916.00
2916.00
2916.00
2916.00
2916.00
1661.90
2916.00
2916.00
2916.00
113.10
2874.13
50.27
153.94
2916.00
201.06
2916.00
2916.00
361.00
361.00
361.00
361.00
361.00
335.13
361.00
361.00
361.00
361.00
361.00
361.00
201.06
361.00
361.00
113.10
361.00
361.00
361.00
361.00
361.00
50.27
361.00
361.00
12.57
361.00
361.00
361.00
361.00
361.00
361.00
113.10
153.94
361.00
361.00
361.00
361.00
361.00
361.00
361.00
361.00
78.54
78.54
361.00
361.00
361.00
361.00
361.00
361.00
352.40
361.00
28.27
361.00
361.00
361.00
361.00
361.00
361.00
361.00
361.00
361.00
361.00
12.57
361.00
361.00
361.00
361.00
361.00
361.00
361.00
361.00
361.00
361.00
153.94
361.00
361.00
335.13
361.00
361.00
361.00
305.79
361.00
361.00
335.13
361.00
361.00
361.00
361.00
361.00
361.00
360.23
361.00
361.00
361.00
361.00
361.00
361.00
361.00
361.00
361.00
169.00
169.00
162.99
169.00
169.00
169.00
169.00
169.00
169.00
169.00
169.00
169.00
169.00
169.00
168.85
169.00
169.00
169.00
169.00
169.00
169.00
162.99
169.00
169.00
169.00
169.00
169.00
169.00
169.00
169.00
169.00
169.00
12.57
169.00
169.00
169.00
169.00
169.00
169.00
169.00
169.00
169.00
169.00
169.00
169.00
146.96
169.00
169.00
169.00
169.00
169.00
169.00
169.00
169.00
169.00
169.00
169.00
169.00
169.00
169.00
169.00
169.00
169.00
169.00
168.85
12.57
169.00
169.00
169.00
169.00
169.00
169.00
169.00
169.00
169.00
169.00
169.00
169.00
169.00
169.00
169.00
169.00
169.00
169.00
169.00
168.85
169.00
169.00
169.00
169.00
169.00
169.00
169.00
169.00
169.00
169.00
169.00
169.00
169.00
169.00
3848.45
1661.90
6701.43
5886.05
2827.43
1963.50
6889.00
1520.53
6889.00
6889.00
6701.43
4778.36
530.93
3848.45
6889.00
50.27
6889.00
615.75
6889.00
6754.44
6887.09
6889.00
6889.00
3216.99
6889.00
6889.00
5524.52
113.10
50.27
804.25
6889.00
28.27
6889.00
1256.64
201.06
6889.00
6889.00
6833.26
6889.00
6889.00
6889.00
28.27
153.94
6889.00
5281.02
201.06
6833.26
6889.00
530.93
5524.52
4778.36
6859.58
6889.00
6889.00
6889.00
1661.90
6889.00
3421.19
1809.56
6889.00
6889.00
5886.05
6566.53
452.39
254.47
6889.00
6889.00
1017.88
6889.00
3019.07
6566.53
6889.00
6889.00
5281.02
6889.00
6889.00
6034.32
6166.51
6889.00
6889.00
6889.00
1661.90
50.27
6889.00
6889.00
6889.00
6833.26
6889.00
2827.43
4536.46
1385.44
6390.06
78.54
6889.00
6889.00
804.25
804.25
12.57
5026.55
2463.01
4225.00
4225.00
4221.27
4160.08
4225.00
1017.88
1017.88
1256.64
4225.00
4017.60
4225.00
3019.07
4225.00
4225.00
4225.00
1661.90
4074.79
4225.00
12.57
4225.00
4225.00
4225.00
4225.00
4189.06
4225.00
201.06
1134.11
1017.88
4225.00
4225.00
78.54
4225.00
3216.99
2642.08
1256.64
4017.60
4225.00
201.06
4225.00
78.54
4225.00
4225.00
78.54
4225.00
4225.00
1963.50
4225.00
3779.54
201.06
4221.27
380.13
615.75
4189.06
4225.00
1385.44
4225.00
4225.00
4225.00
4225.00
3779.54
4209.37
4225.00
4225.00
113.10
4225.00
201.06
1520.53
4074.79
1385.44
1017.88
380.13
4225.00
4225.00
3551.42
50.27
1520.53
314.16
4225.00
4225.00
201.06
2290.22
78.54
1809.56
1963.50
254.47
4225.00
4189.06
78.54
1256.64
4225.00
4225.00
4225.00
4225.00
4074.79
4160.08
4225.00
4017.60
1520.53
4225.00
3216.99
2463.01
804.25
6889.00
6889.00
6701.43
6889.00
6284.64
6889.00
804.25
6889.00
6889.00
201.06
6889.00
6889.00
5886.05
6638.92
706.86
1963.50
6889.00
6889.00
6889.00
6483.78
6889.00
6889.00
4536.46
6889.00
6889.00
6889.00
3421.19
1017.88
6889.00
6889.00
6889.00
1256.64
6889.00
6889.00
6166.51
706.86
6889.00
5281.02
1256.64
6889.00
530.93
6889.00
6889.00
6034.32
6889.00
4300.84
3.14
6889.00
6889.00
6889.00
6889.00
706.86
6638.92
1134.11
6889.00
530.93
6889.00
6889.00
6889.00
6889.00
6754.44
6889.00
6889.00
6889.00
6889.00
6889.00
113.10
6798.29
254.47
6889.00
6889.00
6889.00
4778.36
6638.92
6889.00
6889.00
5281.02
6889.00
1256.64
6889.00
254.47
2463.01
615.75
78.54
4300.84
1809.56
5718.42
6889.00
6889.00
380.13
5886.05
6889.00
6889.00
6889.00
314.16
6889.00
6889.00
6889.00
