==19949== Memcheck, a memory error detector
==19949== Copyright (C) 2002-2017, and GNU GPL'd, by Julian Seward et al.
==19949== Using Valgrind-3.15.0 and LibVEX; rerun with -h for copyright info
==19949== Command: ./a.out
==19949== 
==19949== error calling PR_SET_PTRACER, vgdb might block
==19949== 
==19949== HEAP SUMMARY:
==19949==     in use at exit: 123,264 bytes in 14 blocks
==19949==   total heap usage: 17 allocs, 3 frees, 196,000 bytes allocated
==19949== 
==19949== LEAK SUMMARY:
==19949==    definitely lost: 192 bytes in 4 blocks
==19949==    indirectly lost: 192 bytes in 4 blocks
==19949==      possibly lost: 0 bytes in 0 blocks
==19949==    still reachable: 122,880 bytes in 6 blocks
==19949==         suppressed: 0 bytes in 0 blocks
==19949== Rerun with --leak-check=full to see details of leaked memory
==19949== 
==19949== For lists of detected and suppressed errors, rerun with: -s
==19949== ERROR SUMMARY: 0 errors from 0 contexts (suppressed: 0 from 0)
