110
600
50
280
311
311
301
99
99
99
22
36
28
265449747
310396578
228506007
350089229
58872924
172909986
54295187
27001150
255835213
310986180
126102503
66627310
290272629
126668483
270864578
288360822
12608257
179953286
363006505
6520465
172341125
244283467
93208297
233518825
167022019
244359516
303237727
337086206
396427079
319483586
96859153
328887713
195440493
396158582
12655760
313888498
289393137
263261622
309127314
372275628
216105431
366200443
344936680
325061902
190420209
270566319
265233623
344543317
286639796
147923897
200054199
100960568
327706851
73782167
5880612
177714742
170435323
373766970
257726651
217843457
292787735
341360604
235473200
60010644
110673792
264286303
234196435
260268389
273804728
87946318
126617446
119327000
309004511
365976361
33071506
45255744
280095809
387392636
384659723
377062009
391945979
401462465
400776738
389528880
391464300
399141179
370198880
