900
0
1

900
1
2

900
2
3

900
3
4

900
4
5

900
5
6

900
6
7

900
7
8

900
8
9

900
9
10

900
10
11

900
11
12

900
12
13

900
13
14

900
14
15

900
15
16

900
16
17

900
17
18

900
18
19

900
19
20

900
20
21

900
21
22

900
22
23

900
23
24

900
24
25

900
25
26

900
26
27

900
27
28

900
28
29

900
29
30

900
30
31

900
31
32

900
32
33

900
33
34

900
34
35

900
35
36

900
36
37

900
37
38

900
38
39

900
39
40

900
40
41

900
41
42

900
42
43

900
43
44

900
44
45

900
45
46

900
46
47

900
47
48

900
48
49

900
49
50

900
50
51

900
51
52

900
52
53

900
53
54

900
54
55

900
55
56

900
56
57

900
57
58

900
58
59

900
59
60

900
60
61

900
61
62

900
62
63

900
63
64

900
64
65

900
65
66

900
66
67

900
67
68

900
68
69

900
69
70

900
70
71

900
71
72

900
72
73

900
73
74

900
74
75

900
75
76

900
76
77

900
77
78

900
78
79

900
79
80

900
80
81

900
81
82

900
82
83

900
83
84

900
84
85

900
85
86

900
86
87

900
87
88

900
88
89

900
89
90

900
90
91

900
91
92

900
92
93

900
93
94

900
94
95

900
95
96

900
96
97

900
97
98

900
98
99

900
99
100

900
100
101

900
101
102

900
102
103

900
103
104

900
104
105

900
105
106

900
106
107

900
107
108

900
108
109

900
109
110

900
110
111

900
111
112

900
112
113

900
113
114

900
114
115

900
115
116

900
116
117

900
117
118

900
118
119

900
119
120

900
120
121

900
121
122

900
122
123

900
123
124

900
124
125

900
125
126

900
126
127

900
127
128

900
128
129

900
129
130

900
130
131

900
131
132

900
132
133

900
133
134

900
134
135

900
135
136

900
136
137

900
137
138

900
138
139

900
139
140

900
140
141

900
141
142

900
142
143

900
143
144

900
144
145

900
145
146

900
146
147

900
147
148

900
148
149

900
149
150

900
150
151

900
151
152

900
152
153

900
153
154

900
154
155

900
155
156

900
156
157

900
157
158

900
158
159

900
159
160

900
160
161

900
161
162

900
162
163

900
163
164

900
164
165

900
165
166

900
166
167

900
167
168

900
168
169

900
169
170

900
170
171

900
171
172

900
172
173

900
173
174

900
174
175

900
175
176

900
176
177

900
177
178

900
178
179

900
179
180

900
180
181

900
181
182

900
182
183

900
183
184

900
184
185

900
185
186

900
186
187

900
187
188

900
188
189

900
189
190

900
190
191

900
191
192

900
192
193

900
193
194

900
194
195

900
195
196

900
196
197

900
197
198

900
198
199

900
199
200

900
200
201

900
201
202

900
202
203

900
203
204

900
204
205

900
205
206

900
206
207

900
207
208

900
208
209

900
209
210

900
210
211

900
211
212

900
212
213

900
213
214

900
214
215

900
215
216

900
216
217

900
217
218

900
218
219

900
219
220

900
220
221

900
221
222

900
222
223

900
223
224

900
224
225

900
225
226

900
226
227

900
227
228

900
228
229

900
229
230

900
230
231

900
231
232

900
232
233

900
233
234

900
234
235

900
235
236

900
236
237

900
237
238

900
238
239

900
239
240

900
240
241

900
241
242

900
242
243

900
243
244

900
244
245

900
245
246

900
246
247

900
247
248

900
248
249

900
249
250

900
250
251

900
251
252

900
252
253

900
253
254

900
254
255

900
255
256

900
256
257

900
257
258

900
258
259

900
259
260

900
260
261

900
261
262

900
262
263

900
263
264

900
264
265

900
265
266

900
266
267

900
267
268

900
268
269

900
269
270

900
270
271

900
271
272

900
272
273

900
273
274

900
274
275

900
275
276

900
276
277

900
277
278

900
278
279

900
279
280

900
280
281

900
281
282

900
282
283

900
283
284

900
284
285

900
285
286

900
286
287

900
287
288

900
288
289

900
289
290

900
290
291

900
291
292

900
292
293

900
293
294

900
294
295

900
295
296

900
296
297

900
297
298

900
298
299

900
299
300

900
300
301

900
301
302

900
302
303

900
303
304

900
304
305

900
305
306

900
306
307

900
307
308

900
308
309

900
309
310

900
310
311

900
311
312

900
312
313

900
313
314

900
314
315

900
315
316

900
316
317

900
317
318

900
318
319

900
319
320

900
320
321

900
321
322

900
322
323

900
323
324

900
324
325

900
325
326

900
326
327

900
327
328

900
328
329

900
329
330

900
330
331

900
331
332

900
332
333

900
333
334

900
334
335

900
335
336

900
336
337

900
337
338

900
338
339

900
339
340

900
340
341

900
341
342

900
342
343

900
343
344

900
344
345

900
345
346

900
346
347

900
347
348

900
348
349

900
349
350

900
350
351

900
351
352

900
352
353

900
353
354

900
354
355

900
355
356

900
356
357

900
357
358

900
358
359

900
359
360

900
360
361

900
361
362

900
362
363

900
363
364

900
364
365

900
365
366

900
366
367

900
367
368

900
368
369

900
369
370

900
370
371

900
371
372

900
372
373

900
373
374

900
374
375

900
375
376

900
376
377

900
377
378

900
378
379

900
379
380

900
380
381

900
381
382

900
382
383

900
383
384

900
384
385

900
385
386

900
386
387

900
387
388

900
388
389

900
389
390

900
390
391

900
391
392

900
392
393

900
393
394

900
394
395

900
395
396

900
396
397

900
397
398

900
398
399

900
399
400

900
400
401

900
401
402

900
402
403

900
403
404

900
404
405

900
405
406

900
406
407

900
407
408

900
408
409

900
409
410

900
410
411

900
411
412

900
412
413

900
413
414

900
414
415

900
415
416

900
416
417

900
417
418

900
418
419

900
419
420

900
420
421

900
421
422

900
422
423

900
423
424

900
424
425

900
425
426

900
426
427

900
427
428

900
428
429

900
429
430

900
430
431

900
431
432

900
432
433

900
433
434

900
434
435

900
435
436

900
436
437

900
437
438

900
438
439

900
439
440

900
440
441

900
441
442

900
442
443

900
443
444

900
444
445

900
445
446

900
446
447

900
447
448

900
448
449

900
449
0

900
450
451

900
451
452

900
452
453

900
453
454

900
454
455

900
455
456

900
456
457

900
457
458

900
458
459

900
459
460

900
460
461

900
461
462

900
462
463

900
463
464

900
464
465

900
465
466

900
466
467

900
467
468

900
468
469

900
469
470

900
470
471

900
471
472

900
472
473

900
473
474

900
474
475

900
475
476

900
476
477

900
477
478

900
478
479

900
479
480

900
480
481

900
481
482

900
482
483

900
483
484

900
484
485

900
485
486

900
486
487

900
487
488

900
488
489

900
489
490

900
490
491

900
491
492

900
492
493

900
493
494

900
494
495

900
495
496

900
496
497

900
497
498

900
498
499

900
499
500

900
500
501

900
501
502

900
502
503

900
503
504

900
504
505

900
505
506

900
506
507

900
507
508

900
508
509

900
509
510

900
510
511

900
511
512

900
512
513

900
513
514

900
514
515

900
515
516

900
516
517

900
517
518

900
518
519

900
519
520

900
520
521

900
521
522

900
522
523

900
523
524

900
524
525

900
525
526

900
526
527

900
527
528

900
528
529

900
529
530

900
530
531

900
531
532

900
532
533

900
533
534

900
534
535

900
535
536

900
536
537

900
537
538

900
538
539

900
539
540

900
540
541

900
541
542

900
542
543

900
543
544

900
544
545

900
545
546

900
546
547

900
547
548

900
548
549

900
549
550

900
550
551

900
551
552

900
552
553

900
553
554

900
554
555

900
555
556

900
556
557

900
557
558

900
558
559

900
559
560

900
560
561

900
561
562

900
562
563

900
563
564

900
564
565

900
565
566

900
566
567

900
567
568

900
568
569

900
569
570

900
570
571

900
571
572

900
572
573

900
573
574

900
574
575

900
575
576

900
576
577

900
577
578

900
578
579

900
579
580

900
580
581

900
581
582

900
582
583

900
583
584

900
584
585

900
585
586

900
586
587

900
587
588

900
588
589

900
589
590

900
590
591

900
591
592

900
592
593

900
593
594

900
594
595

900
595
596

900
596
597

900
597
598

900
598
599

900
599
600

900
600
601

900
601
602

900
602
603

900
603
604

900
604
605

900
605
606

900
606
607

900
607
608

900
608
609

900
609
610

900
610
611

900
611
612

900
612
613

900
613
614

900
614
615

900
615
616

900
616
617

900
617
618

900
618
619

900
619
620

900
620
621

900
621
622

900
622
623

900
623
624

900
624
625

900
625
626

900
626
627

900
627
628

900
628
629

900
629
630

900
630
631

900
631
632

900
632
633

900
633
634

900
634
635

900
635
636

900
636
637

900
637
638

900
638
639

900
639
640

900
640
641

900
641
642

900
642
643

900
643
644

900
644
645

900
645
646

900
646
647

900
647
648

900
648
649

900
649
650

900
650
651

900
651
652

900
652
653

900
653
654

900
654
655

900
655
656

900
656
657

900
657
658

900
658
659

900
659
660

900
660
661

900
661
662

900
662
663

900
663
664

900
664
665

900
665
666

900
666
667

900
667
668

900
668
669

900
669
670

900
670
671

900
671
672

900
672
673

900
673
674

900
674
675

900
675
676

900
676
677

900
677
678

900
678
679

900
679
680

900
680
681

900
681
682

900
682
683

900
683
684

900
684
685

900
685
686

900
686
687

900
687
688

900
688
689

900
689
690

900
690
691

900
691
692

900
692
693

900
693
694

900
694
695

900
695
696

900
696
697

900
697
698

900
698
699

900
699
700

900
700
701

900
701
702

900
702
703

900
703
704

900
704
705

900
705
706

900
706
707

900
707
708

900
708
709

900
709
710

900
710
711

900
711
712

900
712
713

900
713
714

900
714
715

900
715
716

900
716
717

900
717
718

900
718
719

900
719
720

900
720
721

900
721
722

900
722
723

900
723
724

900
724
725

900
725
726

900
726
727

900
727
728

900
728
729

900
729
730

900
730
731

900
731
732

900
732
733

900
733
734

900
734
735

900
735
736

900
736
737

900
737
738

900
738
739

900
739
740

900
740
741

900
741
742

900
742
743

900
743
744

900
744
745

900
745
746

900
746
747

900
747
748

900
748
749

900
749
750

900
750
751

900
751
752

900
752
753

900
753
754

900
754
755

900
755
756

900
756
757

900
757
758

900
758
759

900
759
760

900
760
761

900
761
762

900
762
763

900
763
764

900
764
765

900
765
766

900
766
767

900
767
768

900
768
769

900
769
770

900
770
771

900
771
772

900
772
773

900
773
774

900
774
775

900
775
776

900
776
777

900
777
778

900
778
779

900
779
780

900
780
781

900
781
782

900
782
783

900
783
784

900
784
785

900
785
786

900
786
787

900
787
788

900
788
789

900
789
790

900
790
791

900
791
792

900
792
793

900
793
794

900
794
795

900
795
796

900
796
797

900
797
798

900
798
799

900
799
800

900
800
801

900
801
802

900
802
803

900
803
804

900
804
805

900
805
806

900
806
807

900
807
808

900
808
809

900
809
810

900
810
811

900
811
812

900
812
813

900
813
814

900
814
815

900
815
816

900
816
817

900
817
818

900
818
819

900
819
820

900
820
821

900
821
822

900
822
823

900
823
824

900
824
825

900
825
826

900
826
827

900
827
828

900
828
829

900
829
830

900
830
831

900
831
832

900
832
833

900
833
834

900
834
835

900
835
836

900
836
837

900
837
838

900
838
839

900
839
840

900
840
841

900
841
842

900
842
843

900
843
844

900
844
845

900
845
846

900
846
847

900
847
848

900
848
849

900
849
850

900
850
851

900
851
852

900
852
853

900
853
854

900
854
855

900
855
856

900
856
857

900
857
858

900
858
859

900
859
860

900
860
861

900
861
862

900
862
863

900
863
864

900
864
865

900
865
866

900
866
867

900
867
868

900
868
869

900
869
870

900
870
871

900
871
872

900
872
873

900
873
874

900
874
875

900
875
876

900
876
877

900
877
878

900
878
879

900
879
880

900
880
881

900
881
882

900
882
883

900
883
884

900
884
885

900
885
886

900
886
887

900
887
888

900
888
889

900
889
890

900
890
891

900
891
892

900
892
893

900
893
894

900
894
895

900
895
896

900
896
897

900
897
898

900
898
899

900
899
450

900
665
68

Halt, Spiderman! Plans Thwarted!
5
0
2

5
3
4

5
2
1

5
0
1

5
3
2

Halt, Spiderman! Plans Thwarted!
3
0
2

3
1
2

3
1
0

How Sad, Perpetrator Triumphed
7
0
1

7
0
2

7
1
3

7
2
3

7
3
4

7
3
5

7
4
6

7
5
6

How Sad, Perpetrator Triumphed
14
0
1

14
1
11

14
1
3

14
1
2

14
0
2

14
2
3

14
3
4

14
4
5

14
5
7

14
5
6

14
6
8

14
8
9

14
9
10

14
6
10

14
4
11

14
11
13

14
11
12

14
12
13

How Sad, Perpetrator Triumphed
3
2
1

3
1
0

Halt, Spiderman! Plans Thwarted!
4
3
1

4
3
2

4
1
0

4
2
0

How Sad, Perpetrator Triumphed
8
0
1

8
1
2

8
1
3

8
2
4

8
3
5

8
4
6

8
5
6

8
6
7

Halt, Spiderman! Plans Thwarted!
3
0
1

3
1
2

3
2
0

How Sad, Perpetrator Triumphed
2
0
1

Halt, Spiderman! Plans Thwarted!
5
1
0

5
3
1

5
2
3

5
2
4

Halt, Spiderman! Plans Thwarted!
1000
342
0

1000
974
1

1000
861
11

1000
579
13

1000
888
16

1000
567
17

1000
493
22

1000
7
30

1000
8
7

1000
441
8

1000
710
32

1000
456
33

1000
330
37

1000
901
38

1000
510
39

1000
708
41

1000
206
42

1000
238
43

1000
803
46

1000
957
50

1000
348
56

1000
224
60

1000
479
64

1000
993
66

1000
303
68

1000
772
72

1000
971
74

1000
846
75

1000
942
76

1000
514
78

1000
731
84

1000
144
85

1000
316
87

1000
469
88

1000
724
91

1000
854
96

1000
532
98

1000
651
99

1000
131
102

1000
225
105

1000
582
107

1000
399
112

1000
160
113

1000
776
114

1000
352
116

1000
469
118

1000
92
126

1000
876
127

1000
448
128

1000
428
133

1000
399
135

1000
18
137

1000
783
18

1000
702
138

1000
58
140

1000
204
58

1000
366
142

1000
687
144

1000
10
150

1000
939
151

1000
115
153

1000
730
155

1000
23
156

1000
226
162

1000
23
164

1000
380
23

1000
90
165

1000
590
166

1000
515
167

1000
281
168

1000
917
171

1000
616
172

1000
375
174

1000
235
177

1000
955
179

1000
700
182

1000
169
184

1000
503
185

1000
907
186

1000
703
188

1000
734
189

1000
115
193

1000
636
195

1000
998
197

1000
893
199

1000
70
200

1000
931
204

1000
951
205

1000
263
206

1000
587
209

1000
606
211

1000
222
216

1000
680
218

1000
215
219

1000
55
215

1000
405
220

1000
526
225

1000
474
226

1000
447
227

1000
425
228

1000
969
234

1000
882
236

1000
432
239

1000
808
241

1000
962
243

1000
690
245

1000
387
246

1000
399
247

1000
610
248

1000
366
250

1000
962
253

1000
367
256

1000
420
257

1000
874
262

1000
904
265

1000
345
281

1000
803
282

1000
141
285

1000
950
292

1000
403
293

1000
120
302

1000
620
303

1000
834
306

1000
111
307

1000
504
111

1000
762
308

1000
341
309

1000
339
310

1000
688
316

1000
342
318

1000
677
319

1000
615
320

1000
48
322

1000
998
48

1000
333
324

1000
761
325

1000
130
329

1000
45
332

1000
49
333

1000
291
49

1000
5
291

1000
633
5

1000
455
334

1000
521
335

1000
874
336

1000
552
337

1000
450
340

1000
648
343

1000
511
346

1000
564
347

1000
403
349

1000
101
352

1000
269
355

1000
957
356

1000
821
360

1000
315
362

1000
587
315

1000
123
365

1000
223
366

1000
724
367

1000
161
368

1000
361
369

1000
553
361

1000
139
372

1000
191
373

1000
784
374

1000
643
375

1000
911
378

1000
424
379

1000
147
380

1000
902
147

1000
203
382

1000
14
203

1000
658
14

1000
619
383

1000
484
386

1000
587
388

1000
358
389

1000
9
358

1000
864
391

1000
278
392

1000
435
397

1000
426
398

1000
217
400

1000
920
217

1000
940
403

1000
943
404

1000
136
406

1000
19
407

1000
699
409

1000
847
413

1000
614
414

1000
615
416

1000
906
417

1000
488
418

1000
47
424

1000
640
426

1000
750
427

1000
276
429

1000
544
276

1000
947
430

1000
682
431

1000
592
432

1000
792
435

1000
707
438

1000
371
441

1000
814
442

1000
692
443

1000
534
446

1000
198
449

1000
675
452

1000
790
453

1000
269
454

1000
175
458

1000
661
459

1000
63
461

1000
80
462

1000
482
463

1000
254
468

1000
999
470

1000
181
471

1000
467
181

1000
377
472

1000
999
377

1000
229
474

1000
812
475

1000
542
477

1000
69
479

1000
208
482

1000
754
483

1000
826
484

1000
437
488

1000
405
489

1000
703
490

1000
6
491

1000
202
492

1000
891
494

1000
338
498

1000
877
499

1000
390
502

1000
781
503

1000
266
505

1000
34
266

1000
799
34

1000
447
506

1000
640
447

1000
160
508

1000
851
509

1000
732
511

1000
716
512

1000
180
513

1000
249
180

1000
201
514

1000
159
515

1000
467
517

1000
617
521

1000
425
525

1000
86
425

1000
667
86

1000
464
527

1000
294
464

1000
242
294

1000
595
529

1000
740
532

1000
411
533

1000
399
411

1000
94
399

1000
989
94

1000
688
535

1000
67
536

1000
711
537

1000
581
539

1000
350
541

1000
872
545

1000
531
546

1000
811
548

1000
714
551

1000
493
554

1000
544
493

1000
701
556

1000
251
559

1000
896
565

1000
456
571

1000
190
574

1000
656
190

1000
694
576

1000
981
577

1000
35
578

1000
852
579

1000
868
581

1000
210
584

1000
120
210

1000
148
588

1000
748
591

1000
874
592

1000
106
593

1000
25
106

1000
125
595

1000
924
597

1000
275
598

1000
371
275

1000
561
601

1000
132
603

1000
222
605

1000
328
222

1000
538
606

1000
104
607

1000
524
609

1000
300
524

1000
820
300

1000
410
610

1000
897
612

1000
83
614

1000
544
616

1000
317
618

1000
371
317

1000
528
623

1000
862
624

1000
963
627

1000
961
628

1000
622
629

1000
645
630

1000
667
633

1000
913
635

1000
393
636

1000
631
638

1000
480
640

1000
80
642

1000
557
80

1000
670
557

1000
2
643

1000
173
2

1000
433
173

1000
125
433

1000
966
644

1000
668
645

1000
223
646

1000
331
649

1000
54
331

1000
890
54

1000
408
651

1000
3
657

1000
989
3

1000
402
658

1000
665
666

1000
851
669

1000
930
671

1000
130
674

1000
408
130

1000
249
408

1000
855
249

1000
822
681

1000
797
683

1000
710
685

1000
678
687

1000
304
678

1000
785
688

1000
71
690

1000
534
694

1000
730
695

1000
613
698

1000
789
613

1000
834
699

1000
444
700

1000
925
444

1000
423
701

1000
390
703

1000
371
705

1000
582
706

1000
450
707

1000
175
708

1000
842
710

1000
104
713

1000
831
104

1000
51
715

1000
611
51

1000
596
611

1000
326
596

1000
90
326

1000
384
716

1000
950
718

1000
421
719

1000
970
421

1000
582
720

1000
120
722

1000
876
120

1000
284
724

1000
194
284

1000
235
194

1000
311
725

1000
497
726

1000
531
728

1000
394
729

1000
972
730

1000
737
731

1000
419
734

1000
29
419

1000
781
29

1000
530
735

1000
827
530

1000
844
736

1000
63
737

1000
129
63

1000
274
129

1000
460
740

1000
875
460

1000
67
741

1000
363
67

1000
65
742

1000
697
743

1000
154
697

1000
667
154

1000
575
667

1000
354
575

1000
208
745

1000
816
208

1000
6
746

1000
439
6

1000
423
439

1000
25
747

1000
71
749

1000
152
750

1000
448
751

1000
501
752

1000
242
501

1000
469
242

1000
903
753

1000
159
754

1000
892
159

1000
744
755

1000
304
744

1000
769
756

1000
457
758

1000
393
759

1000
70
761

1000
267
763

1000
941
267

1000
100
767

1000
608
100

1000
198
608

1000
519
198

1000
55
519

1000
229
768

1000
420
229

1000
422
420

1000
115
422

1000
26
769

1000
28
770

1000
774
778

1000
385
774

1000
686
385

1000
134
686

1000
560
134

1000
693
779

1000
619
693

1000
580
619

1000
440
580

1000
567
440

1000
717
567

1000
870
717

1000
702
780

1000
883
702

1000
516
781

1000
615
782

1000
232
783

1000
59
785

1000
523
786

1000
564
788

1000
53
564

1000
738
789

1000
12
790

1000
867
12

1000
587
792

1000
263
587

1000
615
263

1000
534
793

1000
558
534

1000
791
558

1000
662
791

1000
224
662

1000
131
224

1000
859
131

1000
312
794

1000
357
312

1000
668
357

1000
327
797

1000
176
327

1000
269
799

1000
259
269

1000
110
259

1000
313
110

1000
573
800

1000
15
803

1000
849
804

1000
201
806

1000
163
201

1000
958
163

1000
656
807

1000
507
656

1000
304
809

1000
231
304

1000
405
810

1000
283
812

1000
90
814

1000
255
815

1000
594
255

1000
487
594

1000
136
487

1000
428
136

1000
672
818

1000
599
819

1000
732
599

1000
912
820

1000
870
821

1000
445
823

1000
877
826

1000
83
827

1000
983
83

1000
254
828

1000
510
831

1000
254
832

1000
280
834

1000
395
280

1000
15
395

1000
341
835

1000
679
836

1000
223
679

1000
542
838

1000
261
839

1000
600
261

1000
914
600

1000
992
840

1000
981
842

1000
467
843

1000
254
467

1000
566
254

1000
288
566

1000
639
844

1000
841
639

1000
632
841

1000
561
845

1000
682
561

1000
290
682

1000
278
846

1000
61
278

1000
258
61

1000
631
258

1000
330
847

1000
478
330

1000
620
478

1000
233
620

1000
822
233

1000
816
851

1000
615
816

1000
295
853

1000
833
295

1000
966
833

1000
350
854

1000
115
350

1000
402
857

1000
712
402

1000
207
712

1000
132
858

1000
733
132

1000
271
733

1000
660
271

1000
990
860

1000
230
861

1000
898
230

1000
455
862

1000
675
863

1000
998
865

1000
522
866

1000
55
522

1000
124
870

1000
299
124

1000
868
871

1000
902
874

1000
569
875

1000
157
569

1000
27
157

1000
970
27

1000
279
876

1000
684
279

1000
964
877

1000
287
878

1000
289
879

1000
973
880

1000
35
882

1000
590
35

1000
176
590

1000
363
883

1000
191
363

1000
36
884

1000
922
885

1000
704
886

1000
175
704

1000
958
175

1000
448
890

1000
764
448

1000
677
764

1000
959
677

1000
434
891

1000
314
893

1000
117
314

1000
272
894

1000
647
272

1000
523
895

1000
455
523

1000
187
455

1000
115
187

1000
207
115

1000
176
207

1000
528
897

1000
117
528

1000
170
898

1000
401
899

1000
625
401

1000
160
625

1000
351
160

1000
881
351

1000
926
881

1000
817
900

1000
714
817

1000
496
714

1000
473
496

1000
547
902

1000
888
547

1000
762
904

1000
692
905

1000
384
692

1000
353
384

1000
760
906

1000
585
760

1000
691
585

1000
562
691

1000
850
562

1000
237
850

1000
31
237

1000
784
31

1000
510
784

1000
709
510

1000
531
709

1000
586
907

1000
652
586

1000
801
652

1000
71
908

1000
830
71

1000
802
909

1000
889
802

1000
10
889

1000
772
10

1000
602
772

1000
996
602

1000
152
910

1000
353
152

1000
202
353

1000
568
911

1000
143
568

1000
44
913

1000
238
44

1000
916
238

1000
507
914

1000
696
507

1000
252
696

1000
178
252

1000
95
178

1000
661
915

1000
622
661

1000
711
622

1000
795
711

1000
97
795

1000
274
97

1000
244
274

1000
984
244

1000
765
919

1000
739
765

1000
796
739

1000
341
796

1000
825
341

1000
371
825

1000
296
371

1000
328
921

1000
92
328

1000
892
92

1000
103
922

1000
848
924

1000
990
848

1000
773
925

1000
123
926

1000
348
927

1000
940
348

1000
339
929

1000
26
339

1000
892
26

1000
264
892

1000
903
264

1000
145
903

1000
552
145

1000
757
552

1000
689
757

1000
987
689

1000
775
931

1000
976
932

1000
775
933

1000
955
775

1000
301
935

1000
930
301

1000
787
936

1000
766
787

1000
538
937

1000
313
538

1000
631
940

1000
296
941

1000
297
296

1000
634
942

1000
119
634

1000
19
119

1000
214
19

1000
589
214

1000
923
589

1000
28
923

1000
176
28

1000
829
943

1000
973
944

1000
631
945

1000
632
946

1000
808
632

1000
25
808

1000
856
25

1000
664
856

1000
766
664

1000
864
948

1000
830
949

1000
342
830

1000
9
950

1000
313
9

1000
855
313

1000
968
855

1000
582
951

1000
981
582

1000
202
953

1000
465
202

1000
81
465

1000
480
81

1000
89
480

1000
364
89

1000
852
364

1000
655
852

1000
40
655

1000
549
40

1000
65
549

1000
223
955

1000
849
956

1000
148
849

1000
176
148

1000
108
176

1000
665
957

1000
748
958

1000
122
959

1000
670
122

1000
290
960

1000
423
290

1000
161
962

1000
972
161

1000
648
963

1000
873
648

1000
676
873

1000
196
676

1000
520
966

1000
381
520

1000
394
381

1000
359
394

1000
77
359

1000
149
968

1000
428
149

1000
481
428

1000
410
481

1000
47
410

1000
251
47

1000
456
251

1000
297
456

1000
738
297

1000
232
738

1000
965
232

1000
663
969

1000
660
663

1000
637
660

1000
917
970

1000
762
917

1000
345
762

1000
45
971

1000
53
45

1000
939
53

1000
143
972

1000
15
143

1000
555
15

1000
928
555

1000
469
973

1000
423
469

1000
727
423

1000
52
727

1000
345
52

1000
311
345

1000
79
311

1000
338
79

1000
125
338

1000
299
974

1000
415
299

1000
543
975

1000
4
543

1000
542
4

1000
887
977

1000
305
978

1000
93
305

1000
998
93

1000
270
979

1000
146
270

1000
615
146

1000
283
615

1000
170
283

1000
869
170

1000
20
869

1000
723
20

1000
221
723

1000
952
221

1000
653
952

1000
288
653

1000
824
288

1000
918
824

1000
928
918

1000
980
928

1000
437
980

1000
287
437

1000
829
287

1000
901
829

1000
930
901

1000
650
930

1000
967
981

1000
670
967

1000
77
670

1000
604
77

1000
344
982

1000
70
344

1000
805
983

1000
773
805

1000
451
773

1000
811
451

1000
450
811

1000
912
450

1000
298
912

1000
82
984

1000
872
985

1000
117
986

1000
518
117

1000
121
518

1000
976
121

1000
540
976

1000
732
987

1000
370
732

1000
864
989

1000
553
864

1000
961
553

1000
938
990

1000
570
938

1000
260
570

1000
965
260

1000
964
965

1000
108
964

1000
390
108

1000
69
390

1000
183
69

1000
323
991

1000
59
323

1000
191
59

1000
466
992

1000
888
466

1000
659
888

1000
516
659

1000
354
516

1000
617
354

1000
95
617

1000
500
95

1000
626
500

1000
158
626

1000
939
158

1000
641
939

1000
777
641

1000
55
777

1000
621
55

1000
801
621

1000
867
801

1000
90
993

1000
637
90

1000
665
637

1000
563
665

1000
822
563

1000
916
822

1000
298
916

1000
376
298

1000
223
376

1000
887
223

1000
680
887

1000
24
680

1000
370
24

1000
504
370

1000
495
504

1000
573
495

1000
212
573

1000
473
212

1000
457
473

1000
497
994

1000
544
497

1000
191
544

1000
896
191

1000
103
896

1000
434
103

1000
436
434

1000
405
436

1000
813
405

1000
542
813

1000
721
542

1000
859
721

1000
647
859

1000
947
647

1000
277
947

1000
240
277

1000
872
995

1000
321
872

1000
73
321

1000
289
73

1000
196
289

1000
572
196

1000
920
572

1000
183
920

1000
65
183

1000
342
65

1000
684
342

1000
101
684

1000
604
101

1000
82
604

1000
837
82

1000
748
837

1000
486
748

1000
776
486

1000
141
776

1000
668
141

1000
531
668

1000
766
531

1000
997
766

1000
445
996

1000
192
445

1000
550
192

1000
125
550

1000
673
125

1000
123
673

1000
868
123

1000
560
868

1000
961
997

1000
954
961

1000
867
954

1000
631
867

1000
62
998

1000
21
62

1000
654
21

1000
457
654

1000
631
457

1000
240
631

1000
70
240

1000
771
70

1000
57
771

1000
560
57

1000
109
560

1000
286
109

1000
268
286

1000
393
268

1000
988
393

1000
672
988

1000
387
672

1000
235
387

1000
526
235

1000
169
526

1000
675
169

1000
231
675

1000
139
231

1000
273
139

1000
213
273

1000
798
213

1000
476
798

1000
485
476

1000
396
485

1000
540
396

1000
415
540

1000
36
415

1000
412
36

1000
583
412

1000
934
583

1000
650
934

1000
650
999

Halt, Spiderman! Plans Thwarted!
200
105
0

200
37
1

200
27
3

200
177
4

200
36
5

200
178
6

200
108
7

200
65
16

200
128
18

200
162
19

200
120
22

200
176
23

200
26
25

200
113
26

200
56
27

200
153
31

200
38
37

200
70
40

200
98
45

200
82
48

200
69
49

200
11
53

200
8
54

200
28
8

200
175
28

200
164
56

200
162
57

200
199
59

200
9
60

200
121
61

200
173
64

200
15
70

200
170
73

200
24
74

200
35
24

200
176
76

200
173
77

200
85
78

200
168
79

200
149
80

200
167
83

200
161
87

200
126
91

200
13
92

200
173
13

200
180
93

200
186
95

200
52
96

200
88
52

200
21
88

200
66
97

200
99
98

200
154
99

200
39
100

200
35
101

200
30
105

200
43
110

200
106
111

200
155
106

200
86
112

200
20
86

200
180
20

200
29
113

200
47
114

200
71
47

200
195
115

200
85
116

200
69
85

200
34
118

200
102
34

200
104
120

200
32
104

200
2
123

200
21
124

200
162
126

200
166
127

200
15
129

200
166
15

200
21
130

200
72
21

200
121
72

200
82
132

200
119
133

200
66
135

200
41
66

200
145
138

200
160
139

200
65
141

200
137
142

200
51
143

200
30
146

200
140
147

200
174
140

200
148
149

200
51
148

200
58
150

200
17
151

200
158
152

200
102
154

200
180
155

200
17
158

200
89
17

200
42
159

200
163
42

200
119
160

200
109
119

200
190
161

200
81
162

200
125
168

200
136
169

200
163
136

200
185
163

200
58
170

200
14
172

200
75
14

200
197
75

200
166
173

200
181
174

200
69
175

200
125
69

200
44
125

200
2
44

200
71
2

200
10
71

200
165
176

200
84
165

200
38
177

200
11
38

200
33
11

200
67
178

200
103
67

200
144
103

200
29
144

200
30
29

200
199
30

200
134
179

200
131
180

200
153
131

200
108
153

200
46
108

200
181
46

200
43
182

200
63
43

200
10
63

200
81
184

200
109
185

200
12
109

200
84
186

200
195
84

200
107
187

200
39
189

200
62
39

200
181
190

200
10
181

200
32
10

200
68
191

200
171
68

200
32
171

200
102
32

200
51
102

200
167
51

200
199
167

200
50
192

200
58
50

200
41
58

200
12
41

200
198
12

200
134
194

200
94
134

200
35
94

200
121
35

200
164
121

200
36
164

200
122
36

200
55
122

200
89
55

200
65
89

200
188
65

200
157
188

200
82
157

200
9
82

200
198
9

200
81
195

200
81
196

200
137
81

200
193
137

200
128
193

200
197
128

200
156
197

200
33
156

200
117
33

200
198
117

200
145
198

200
183
145

200
166
183

200
90
166

200
107
90

200
62
107

200
62
199

200
499
499

